[I 2024-12-04 17:21:27,989] Using an existing study with name 'Pc_xgb' instead of creating a new one.
[I 2024-12-04 17:21:39,247] Trial 443 finished with value: 0.32806783417006175 and parameters: {'n_estimators': 638, 'max_depth': 10, 'learning_rate': 0.08045843495683064, 'subsample': 0.74214753848043, 'colsample_bytree': 0.7507421931718197, 'min_child_weight': 2, 'gamma': 0.0034801411950810194, 'reg_alpha': 0.0020263218219107922, 'reg_lambda': 0.002813165518378628}. Best is trial 237 with value: 0.3178725889636311.
[I 2024-12-04 17:21:39,311] Trial 447 finished with value: 0.33595116495792665 and parameters: {'n_estimators': 549, 'max_depth': 10, 'learning_rate': 0.09867006222227782, 'subsample': 0.7471004300771624, 'colsample_bytree': 0.8088184062104986, 'min_child_weight': 2, 'gamma': 0.0009882278096195194, 'reg_alpha': 0.00013338781725771192, 'reg_lambda': 0.005979209748867116}. Best is trial 237 with value: 0.3178725889636311.
[I 2024-12-04 17:21:40,078] Trial 445 finished with value: 0.34242575532005465 and parameters: {'n_estimators': 475, 'max_depth': 9, 'learning_rate': 0.0657998580195287, 'subsample': 0.7135963985252944, 'colsample_bytree': 0.8407257186076749, 'min_child_weight': 2, 'gamma': 0.007200994641114011, 'reg_alpha': 5.642551655089765e-05, 'reg_lambda': 0.08187719364661131}. Best is trial 237 with value: 0.3178725889636311.
[I 2024-12-04 17:21:41,779] Trial 430 finished with value: 0.3307544426305507 and parameters: {'n_estimators': 582, 'max_depth': 9, 'learning_rate': 0.07436366236907463, 'subsample': 0.7334093819169532, 'colsample_bytree': 0.8265491500355071, 'min_child_weight': 2, 'gamma': 0.005941536603620453, 'reg_alpha': 2.244652935724881e-05, 'reg_lambda': 0.016607646268266395}. Best is trial 237 with value: 0.3178725889636311.
[I 2024-12-04 17:21:42,249] Trial 434 finished with value: 0.33097826450733997 and parameters: {'n_estimators': 575, 'max_depth': 10, 'learning_rate': 0.06796965609630841, 'subsample': 0.7351416820061193, 'colsample_bytree': 0.8043811916388798, 'min_child_weight': 2, 'gamma': 0.001990310967402243, 'reg_alpha': 0.0005224357788417729, 'reg_lambda': 0.023491171181733786}. Best is trial 237 with value: 0.3178725889636311.
[I 2024-12-04 17:21:42,477] Trial 454 finished with value: 0.3425243707177017 and parameters: {'n_estimators': 694, 'max_depth': 9, 'learning_rate': 0.09418712947748765, 'subsample': 0.7349273108859778, 'colsample_bytree': 0.7970375576697943, 'min_child_weight': 2, 'gamma': 0.008397708038137353, 'reg_alpha': 0.0004714852411454341, 'reg_lambda': 0.006822355098994105}. Best is trial 237 with value: 0.3178725889636311.
[I 2024-12-04 17:21:43,073] Trial 425 finished with value: 0.3214522342340814 and parameters: {'n_estimators': 705, 'max_depth': 8, 'learning_rate': 0.0918940645823979, 'subsample': 0.7560733113987467, 'colsample_bytree': 0.8016913812369194, 'min_child_weight': 2, 'gamma': 0.003080093483319986, 'reg_alpha': 2.1948361281632283e-05, 'reg_lambda': 0.39947556482980456}. Best is trial 237 with value: 0.3178725889636311.
[I 2024-12-04 17:21:43,184] Trial 437 finished with value: 0.36455007544461865 and parameters: {'n_estimators': 630, 'max_depth': 9, 'learning_rate': 0.07655297046094509, 'subsample': 0.7761075419866218, 'colsample_bytree': 0.7453858437454844, 'min_child_weight': 1, 'gamma': 0.001967976051109498, 'reg_alpha': 0.00013159682964716923, 'reg_lambda': 0.013961290061015583}. Best is trial 237 with value: 0.3178725889636311.
[I 2024-12-04 17:21:43,318] Trial 456 finished with value: 0.32976767009413016 and parameters: {'n_estimators': 621, 'max_depth': 10, 'learning_rate': 0.07989122419697826, 'subsample': 0.739784897579009, 'colsample_bytree': 0.8046895639995035, 'min_child_weight': 2, 'gamma': 0.0028412575169284955, 'reg_alpha': 0.00021476135447204923, 'reg_lambda': 0.013141656335425363}. Best is trial 237 with value: 0.3178725889636311.
[I 2024-12-04 17:21:43,336] Trial 438 finished with value: 0.32411621487824144 and parameters: {'n_estimators': 749, 'max_depth': 9, 'learning_rate': 0.08808660554636492, 'subsample': 0.7395264855948354, 'colsample_bytree': 0.7330409155326228, 'min_child_weight': 2, 'gamma': 0.009522570377035057, 'reg_alpha': 0.00012344182689611068, 'reg_lambda': 0.0013405187548246246}. Best is trial 237 with value: 0.3178725889636311.
[I 2024-12-04 17:21:43,481] Trial 455 finished with value: 0.331257788746869 and parameters: {'n_estimators': 636, 'max_depth': 9, 'learning_rate': 0.09675604032470186, 'subsample': 0.7403004235136958, 'colsample_bytree': 0.7843356893815778, 'min_child_weight': 2, 'gamma': 0.003950727515994402, 'reg_alpha': 0.00021039311926062136, 'reg_lambda': 0.0463041056254137}. Best is trial 237 with value: 0.3178725889636311.
[I 2024-12-04 17:21:44,163] Trial 436 finished with value: 0.33249723869061265 and parameters: {'n_estimators': 503, 'max_depth': 8, 'learning_rate': 0.06611901918709645, 'subsample': 0.7317798102207481, 'colsample_bytree': 0.7344189031267507, 'min_child_weight': 2, 'gamma': 0.0020302387454539748, 'reg_alpha': 1.3348152787931932e-05, 'reg_lambda': 0.029084265229209722}. Best is trial 237 with value: 0.3178725889636311.
[I 2024-12-04 17:21:44,180] Trial 432 finished with value: 0.33748561588992104 and parameters: {'n_estimators': 483, 'max_depth': 6, 'learning_rate': 0.06283282939689862, 'subsample': 0.7523962234642868, 'colsample_bytree': 0.7500899967763851, 'min_child_weight': 2, 'gamma': 0.01432595325932794, 'reg_alpha': 3.488113549222853e-05, 'reg_lambda': 0.04824881319965751}. Best is trial 237 with value: 0.3178725889636311.
[I 2024-12-04 17:21:44,198] Trial 440 finished with value: 0.32536851333540984 and parameters: {'n_estimators': 705, 'max_depth': 9, 'learning_rate': 0.06816465376740691, 'subsample': 0.7296586323609624, 'colsample_bytree': 0.8255754891859135, 'min_child_weight': 2, 'gamma': 0.002868679660394729, 'reg_alpha': 0.00025817452030871854, 'reg_lambda': 0.008058118767195534}. Best is trial 237 with value: 0.3178725889636311.
[I 2024-12-04 17:21:44,237] Trial 450 finished with value: 0.3222441119684832 and parameters: {'n_estimators': 571, 'max_depth': 9, 'learning_rate': 0.09914216141688893, 'subsample': 0.7214249650326396, 'colsample_bytree': 0.7721717627217561, 'min_child_weight': 2, 'gamma': 0.0007230056993084666, 'reg_alpha': 0.00013588325476681046, 'reg_lambda': 0.028089983211065424}. Best is trial 237 with value: 0.3178725889636311.
[I 2024-12-04 17:21:44,767] Trial 428 finished with value: 0.3336053547170609 and parameters: {'n_estimators': 786, 'max_depth': 7, 'learning_rate': 0.08779979656897847, 'subsample': 0.7208962273962827, 'colsample_bytree': 0.7454036011949552, 'min_child_weight': 2, 'gamma': 0.0036741752232564377, 'reg_alpha': 5.8683343374907366e-05, 'reg_lambda': 0.02922215385771794}. Best is trial 237 with value: 0.3178725889636311.
[I 2024-12-04 17:21:44,950] Trial 448 finished with value: 0.32985716268845733 and parameters: {'n_estimators': 532, 'max_depth': 9, 'learning_rate': 0.09651276728853998, 'subsample': 0.7431337610124732, 'colsample_bytree': 0.803375800101993, 'min_child_weight': 2, 'gamma': 0.0007619143863542599, 'reg_alpha': 4.646403905156598e-05, 'reg_lambda': 0.02090346881281598}. Best is trial 237 with value: 0.3178725889636311.
[I 2024-12-04 17:21:45,160] Trial 444 finished with value: 0.3416042636100605 and parameters: {'n_estimators': 775, 'max_depth': 10, 'learning_rate': 0.06618910552687958, 'subsample': 0.7660451190165377, 'colsample_bytree': 0.8251213146465719, 'min_child_weight': 2, 'gamma': 0.0028807521940183278, 'reg_alpha': 5.457597662014806e-05, 'reg_lambda': 0.008955322920658895}. Best is trial 237 with value: 0.3178725889636311.
[I 2024-12-04 17:21:45,319] Trial 442 finished with value: 0.3214777595920589 and parameters: {'n_estimators': 695, 'max_depth': 8, 'learning_rate': 0.06720325619763655, 'subsample': 0.7500635873831338, 'colsample_bytree': 0.7701279416349285, 'min_child_weight': 2, 'gamma': 0.008172723704812725, 'reg_alpha': 0.00016927998033137518, 'reg_lambda': 0.005163286162730423}. Best is trial 237 with value: 0.3178725889636311.
[I 2024-12-04 17:21:46,350] Trial 446 finished with value: 0.3405559619082723 and parameters: {'n_estimators': 724, 'max_depth': 11, 'learning_rate': 0.07629682730629761, 'subsample': 0.7806909323906083, 'colsample_bytree': 0.7756588500897748, 'min_child_weight': 2, 'gamma': 0.0018891727279790064, 'reg_alpha': 8.913578148774192e-05, 'reg_lambda': 0.005436072863894907}. Best is trial 426 with value: 0.31436509603122464.
[I 2024-12-04 17:21:46,871] Trial 426 finished with value: 0.31436509603122464 and parameters: {'n_estimators': 687, 'max_depth': 8, 'learning_rate': 0.07333383025628142, 'subsample': 0.729176278283145, 'colsample_bytree': 0.7974282578309757, 'min_child_weight': 2, 'gamma': 0.0038294129684562144, 'reg_alpha': 0.00012420616107983808, 'reg_lambda': 0.04572399558328277}. Best is trial 426 with value: 0.31436509603122464.
[I 2024-12-04 17:21:46,944] Trial 453 finished with value: 0.3485721917010136 and parameters: {'n_estimators': 677, 'max_depth': 10, 'learning_rate': 0.08037771758453802, 'subsample': 0.772883516177181, 'colsample_bytree': 0.8025948894410122, 'min_child_weight': 2, 'gamma': 0.017027643800413356, 'reg_alpha': 0.000988698670841944, 'reg_lambda': 0.009935135269166144}. Best is trial 426 with value: 0.31436509603122464.
[I 2024-12-04 17:21:48,387] Trial 439 finished with value: 0.3314295613791087 and parameters: {'n_estimators': 580, 'max_depth': 9, 'learning_rate': 0.07818693012120524, 'subsample': 0.7472319256095415, 'colsample_bytree': 0.7918908761736283, 'min_child_weight': 2, 'gamma': 0.002462499817436269, 'reg_alpha': 9.678001442592719e-05, 'reg_lambda': 0.06029567678206155}. Best is trial 426 with value: 0.31436509603122464.
[I 2024-12-04 17:21:48,632] Trial 452 finished with value: 0.33759434224817236 and parameters: {'n_estimators': 616, 'max_depth': 9, 'learning_rate': 0.09061183780261557, 'subsample': 0.7466405181420981, 'colsample_bytree': 0.8746113725883204, 'min_child_weight': 2, 'gamma': 0.0023175953132587796, 'reg_alpha': 0.0002458933010481524, 'reg_lambda': 0.03658642127934632}. Best is trial 426 with value: 0.31436509603122464.
[I 2024-12-04 17:21:48,743] Trial 451 finished with value: 0.3343781677496274 and parameters: {'n_estimators': 474, 'max_depth': 9, 'learning_rate': 0.08562452501534915, 'subsample': 0.7490512682294578, 'colsample_bytree': 0.7969913586748771, 'min_child_weight': 2, 'gamma': 0.0006135582104554195, 'reg_alpha': 0.00011475409928255423, 'reg_lambda': 0.018357148068806395}. Best is trial 426 with value: 0.31436509603122464.
[I 2024-12-04 17:21:49,416] Trial 441 finished with value: 0.32525367524762183 and parameters: {'n_estimators': 699, 'max_depth': 8, 'learning_rate': 0.08475991501628456, 'subsample': 0.7246587087675863, 'colsample_bytree': 0.7622238340090625, 'min_child_weight': 2, 'gamma': 0.0005283485558495281, 'reg_alpha': 0.0008416033228604541, 'reg_lambda': 0.005317929774130902}. Best is trial 435 with value: 0.31178151468232856.
[I 2024-12-04 17:21:49,904] Trial 427 finished with value: 0.3389220842547342 and parameters: {'n_estimators': 624, 'max_depth': 10, 'learning_rate': 0.06670062745521972, 'subsample': 0.7301493643780956, 'colsample_bytree': 0.7176910616275638, 'min_child_weight': 2, 'gamma': 0.0032813765849162052, 'reg_alpha': 9.394974256093808e-05, 'reg_lambda': 0.037213484249529284}. Best is trial 435 with value: 0.31178151468232856.
[I 2024-12-04 17:21:50,454] Trial 433 finished with value: 0.33440046890473235 and parameters: {'n_estimators': 602, 'max_depth': 9, 'learning_rate': 0.07715711409893683, 'subsample': 0.7362654241878239, 'colsample_bytree': 0.7853660328796943, 'min_child_weight': 2, 'gamma': 0.0018846153033146471, 'reg_alpha': 0.0003548527884085025, 'reg_lambda': 0.0072766680494443505}. Best is trial 435 with value: 0.31178151468232856.
[I 2024-12-04 17:21:50,505] Trial 457 finished with value: 0.32767890957231716 and parameters: {'n_estimators': 681, 'max_depth': 7, 'learning_rate': 0.07437742455833446, 'subsample': 0.7340693328650607, 'colsample_bytree': 0.8050163133322459, 'min_child_weight': 2, 'gamma': 0.006480658613736451, 'reg_alpha': 0.0010023759927942795, 'reg_lambda': 0.021135881682141}. Best is trial 435 with value: 0.31178151468232856.
[I 2024-12-04 17:21:50,864] Trial 429 finished with value: 0.33716737667387364 and parameters: {'n_estimators': 600, 'max_depth': 10, 'learning_rate': 0.08101969614099093, 'subsample': 0.7164002876017089, 'colsample_bytree': 0.726226553509991, 'min_child_weight': 2, 'gamma': 0.009506779739060405, 'reg_alpha': 6.586594728980185e-05, 'reg_lambda': 0.07600750695515907}. Best is trial 435 with value: 0.31178151468232856.
[I 2024-12-04 17:21:51,039] Trial 449 finished with value: 0.3303015918320277 and parameters: {'n_estimators': 677, 'max_depth': 9, 'learning_rate': 0.08294402883630042, 'subsample': 0.7247437862745573, 'colsample_bytree': 0.7397998649642381, 'min_child_weight': 2, 'gamma': 0.0020920747036554687, 'reg_alpha': 0.0008689807443746904, 'reg_lambda': 0.003040349832092141}. Best is trial 435 with value: 0.31178151468232856.
[I 2024-12-04 17:21:52,382] Trial 431 finished with value: 0.3365138449330164 and parameters: {'n_estimators': 739, 'max_depth': 9, 'learning_rate': 0.06939479471371679, 'subsample': 0.7569094921564792, 'colsample_bytree': 0.8238220467852363, 'min_child_weight': 2, 'gamma': 0.001313207702850014, 'reg_alpha': 0.0001795049235716466, 'reg_lambda': 0.010511347795332285}. Best is trial 435 with value: 0.31178151468232856.
[I 2024-12-04 17:21:52,383] Trial 435 finished with value: 0.31178151468232856 and parameters: {'n_estimators': 910, 'max_depth': 7, 'learning_rate': 0.07030754986593124, 'subsample': 0.7533984591309777, 'colsample_bytree': 0.7124762593224706, 'min_child_weight': 2, 'gamma': 0.002266202076092733, 'reg_alpha': 2.2503429194585858e-05, 'reg_lambda': 0.047295797486454905}. Best is trial 435 with value: 0.31178151468232856.
[I 2024-12-04 17:21:52,696] Trial 459 finished with value: 0.336057627075859 and parameters: {'n_estimators': 725, 'max_depth': 9, 'learning_rate': 0.09131319879714495, 'subsample': 0.7433711814736391, 'colsample_bytree': 0.7511861875018109, 'min_child_weight': 2, 'gamma': 0.010027912532504329, 'reg_alpha': 4.6902798649652704e-05, 'reg_lambda': 0.007091166073677248}. Best is trial 435 with value: 0.31178151468232856.
[I 2024-12-04 17:21:54,709] Trial 460 finished with value: 0.33361690671198535 and parameters: {'n_estimators': 981, 'max_depth': 9, 'learning_rate': 0.07829723243015127, 'subsample': 0.7357905848090244, 'colsample_bytree': 0.8104132681532894, 'min_child_weight': 2, 'gamma': 0.006565840581715213, 'reg_alpha': 0.0008271867977658291, 'reg_lambda': 0.008488831959194351}. Best is trial 435 with value: 0.31178151468232856.
[I 2024-12-04 17:21:55,280] Trial 458 finished with value: 0.33698371528610777 and parameters: {'n_estimators': 659, 'max_depth': 9, 'learning_rate': 0.07592372951808526, 'subsample': 0.7375321028468059, 'colsample_bytree': 0.7782914652647743, 'min_child_weight': 2, 'gamma': 0.006636349682506234, 'reg_alpha': 1.4967170639915722e-05, 'reg_lambda': 0.08402168009568903}. Best is trial 435 with value: 0.31178151468232856.
[I 2024-12-04 17:21:55,378] Trial 461 finished with value: 0.3300283088911816 and parameters: {'n_estimators': 607, 'max_depth': 9, 'learning_rate': 0.08048110132182966, 'subsample': 0.7778912438156094, 'colsample_bytree': 0.7396808527568627, 'min_child_weight': 2, 'gamma': 0.002469484691423582, 'reg_alpha': 4.384380228764156e-05, 'reg_lambda': 0.013322128382390165}. Best is trial 435 with value: 0.31178151468232856.
[I 2024-12-04 17:21:55,728] Trial 466 finished with value: 0.3355118289834921 and parameters: {'n_estimators': 638, 'max_depth': 9, 'learning_rate': 0.07931674035827567, 'subsample': 0.7094468472871975, 'colsample_bytree': 0.810503985929279, 'min_child_weight': 2, 'gamma': 0.0017378405694494893, 'reg_alpha': 4.275665195903488e-05, 'reg_lambda': 0.03596137715390734}. Best is trial 435 with value: 0.31178151468232856.
[I 2024-12-04 17:21:56,964] Trial 463 finished with value: 0.33012910153265645 and parameters: {'n_estimators': 643, 'max_depth': 8, 'learning_rate': 0.08855407819235606, 'subsample': 0.74491062044727, 'colsample_bytree': 0.7582579869950801, 'min_child_weight': 2, 'gamma': 0.0023834153098343594, 'reg_alpha': 5.705512028918057e-05, 'reg_lambda': 0.05937067132885844}. Best is trial 435 with value: 0.31178151468232856.
[I 2024-12-04 17:21:57,529] Trial 462 finished with value: 0.3328567372432307 and parameters: {'n_estimators': 590, 'max_depth': 9, 'learning_rate': 0.0965376704611941, 'subsample': 0.7464222867903887, 'colsample_bytree': 0.7689762834086507, 'min_child_weight': 2, 'gamma': 0.010358091852054045, 'reg_alpha': 0.00038006875767142463, 'reg_lambda': 0.0031838882035923493}. Best is trial 435 with value: 0.31178151468232856.
[I 2024-12-04 17:21:58,656] Trial 467 finished with value: 0.3312147558757586 and parameters: {'n_estimators': 746, 'max_depth': 10, 'learning_rate': 0.06557552573072986, 'subsample': 0.7348956403431026, 'colsample_bytree': 0.6806645201772411, 'min_child_weight': 2, 'gamma': 0.009556282024645386, 'reg_alpha': 0.000574752544614871, 'reg_lambda': 0.002466302505149632}. Best is trial 435 with value: 0.31178151468232856.
[I 2024-12-04 17:21:58,696] Trial 472 finished with value: 0.3348381286756732 and parameters: {'n_estimators': 669, 'max_depth': 9, 'learning_rate': 0.07291557190428337, 'subsample': 0.7565443750244611, 'colsample_bytree': 0.7971873070560521, 'min_child_weight': 2, 'gamma': 0.00974834335411766, 'reg_alpha': 2.205214465018924e-05, 'reg_lambda': 0.010046460133815254}. Best is trial 435 with value: 0.31178151468232856.
[I 2024-12-04 17:21:58,916] Trial 465 finished with value: 0.31834689020910856 and parameters: {'n_estimators': 886, 'max_depth': 7, 'learning_rate': 0.09228074579050971, 'subsample': 0.7130200003592666, 'colsample_bytree': 0.7591233604968335, 'min_child_weight': 2, 'gamma': 0.023684883540644682, 'reg_alpha': 2.0028362640358964e-05, 'reg_lambda': 0.295229080630409}. Best is trial 435 with value: 0.31178151468232856.
[I 2024-12-04 17:21:59,421] Trial 479 finished with value: 0.3289914456128962 and parameters: {'n_estimators': 841, 'max_depth': 8, 'learning_rate': 0.08551082939589234, 'subsample': 0.7408414080648457, 'colsample_bytree': 0.7785992395868028, 'min_child_weight': 2, 'gamma': 0.002224369112583615, 'reg_alpha': 8.459263051678523e-05, 'reg_lambda': 0.02938210041696266}. Best is trial 435 with value: 0.31178151468232856.
[I 2024-12-04 17:21:59,740] Trial 478 finished with value: 0.3252072776365625 and parameters: {'n_estimators': 716, 'max_depth': 7, 'learning_rate': 0.06624575217215344, 'subsample': 0.7578423566959096, 'colsample_bytree': 0.8014688821062103, 'min_child_weight': 2, 'gamma': 0.0020752601971321645, 'reg_alpha': 1.68686171835827e-05, 'reg_lambda': 0.056652387097443045}. Best is trial 435 with value: 0.31178151468232856.
[I 2024-12-04 17:21:59,910] Trial 470 finished with value: 0.330651870197455 and parameters: {'n_estimators': 770, 'max_depth': 10, 'learning_rate': 0.05763909416359268, 'subsample': 0.7686407781117444, 'colsample_bytree': 0.799242585270051, 'min_child_weight': 2, 'gamma': 0.004353618447154884, 'reg_alpha': 9.361326049941834e-05, 'reg_lambda': 0.11716598243068083}. Best is trial 435 with value: 0.31178151468232856.
[I 2024-12-04 17:22:00,260] Trial 471 finished with value: 0.33426454543622086 and parameters: {'n_estimators': 540, 'max_depth': 7, 'learning_rate': 0.08608527306192962, 'subsample': 0.7348032038308637, 'colsample_bytree': 0.8012418230466841, 'min_child_weight': 2, 'gamma': 0.0016325391455026617, 'reg_alpha': 7.583021121893275e-05, 'reg_lambda': 0.11473815391220646}. Best is trial 435 with value: 0.31178151468232856.
[I 2024-12-04 17:22:01,254] Trial 473 finished with value: 0.33198598882303954 and parameters: {'n_estimators': 589, 'max_depth': 8, 'learning_rate': 0.06741011899560254, 'subsample': 0.7426732652843328, 'colsample_bytree': 0.7395105927993576, 'min_child_weight': 2, 'gamma': 0.006446767936806793, 'reg_alpha': 1.688272865324176e-05, 'reg_lambda': 0.12961686529680477}. Best is trial 435 with value: 0.31178151468232856.
[I 2024-12-04 17:22:01,792] Trial 474 finished with value: 0.35149155351654526 and parameters: {'n_estimators': 669, 'max_depth': 9, 'learning_rate': 0.09310308824439789, 'subsample': 0.7758500912833818, 'colsample_bytree': 0.8218155511619576, 'min_child_weight': 2, 'gamma': 0.0022580947056947197, 'reg_alpha': 7.576596461775875e-05, 'reg_lambda': 0.060465763018071585}. Best is trial 435 with value: 0.31178151468232856.
[I 2024-12-04 17:22:01,999] Trial 476 finished with value: 0.3246896036704625 and parameters: {'n_estimators': 814, 'max_depth': 7, 'learning_rate': 0.08289831512335669, 'subsample': 0.7460613053062686, 'colsample_bytree': 0.8285273783752716, 'min_child_weight': 2, 'gamma': 0.007581339208298496, 'reg_alpha': 6.48294705950597e-05, 'reg_lambda': 0.050061469084663635}. Best is trial 435 with value: 0.31178151468232856.
[I 2024-12-04 17:22:02,673] Trial 475 finished with value: 0.3387579881846131 and parameters: {'n_estimators': 646, 'max_depth': 10, 'learning_rate': 0.09496451710148901, 'subsample': 0.7323790571607932, 'colsample_bytree': 0.7818974803745087, 'min_child_weight': 2, 'gamma': 0.0014728462664838691, 'reg_alpha': 4.994636387778997e-05, 'reg_lambda': 0.003298362544356336}. Best is trial 435 with value: 0.31178151468232856.
[I 2024-12-04 17:22:02,777] Trial 468 finished with value: 0.3341560197365395 and parameters: {'n_estimators': 878, 'max_depth': 11, 'learning_rate': 0.09337870318845261, 'subsample': 0.7585719849682786, 'colsample_bytree': 0.7686269521131641, 'min_child_weight': 2, 'gamma': 0.002190544567537093, 'reg_alpha': 0.0009203541565208689, 'reg_lambda': 0.016454480265534848}. Best is trial 435 with value: 0.31178151468232856.
[I 2024-12-04 17:22:02,909] Trial 484 finished with value: 0.3220780492063008 and parameters: {'n_estimators': 858, 'max_depth': 7, 'learning_rate': 0.06819903153168033, 'subsample': 0.7489171214999611, 'colsample_bytree': 0.7971600945641844, 'min_child_weight': 2, 'gamma': 0.003101872207250231, 'reg_alpha': 4.581622796358926e-05, 'reg_lambda': 0.01807683222790997}. Best is trial 435 with value: 0.31178151468232856.
[I 2024-12-04 17:22:03,627] Trial 477 finished with value: 0.3275396389245394 and parameters: {'n_estimators': 748, 'max_depth': 6, 'learning_rate': 0.0941946150567666, 'subsample': 0.732824914896546, 'colsample_bytree': 0.7425317549371685, 'min_child_weight': 2, 'gamma': 0.0015553820042535666, 'reg_alpha': 6.798390387168915e-05, 'reg_lambda': 0.02267501302325727}. Best is trial 435 with value: 0.31178151468232856.
[I 2024-12-04 17:22:04,178] Trial 469 finished with value: 0.32635508210334885 and parameters: {'n_estimators': 563, 'max_depth': 8, 'learning_rate': 0.08979567207035363, 'subsample': 0.7217982462341198, 'colsample_bytree': 0.8033352811321466, 'min_child_weight': 2, 'gamma': 0.0044301034843676765, 'reg_alpha': 0.00013001183248680245, 'reg_lambda': 0.021081233470045067}. Best is trial 435 with value: 0.31178151468232856.
[I 2024-12-04 17:22:05,218] Trial 483 finished with value: 0.3275319091628745 and parameters: {'n_estimators': 721, 'max_depth': 8, 'learning_rate': 0.0899383033547476, 'subsample': 0.7574687564061058, 'colsample_bytree': 0.833577999318851, 'min_child_weight': 2, 'gamma': 0.0010560849330998648, 'reg_alpha': 0.00012716228358586405, 'reg_lambda': 0.05435544413856589}. Best is trial 435 with value: 0.31178151468232856.
[I 2024-12-04 17:22:06,586] Trial 464 finished with value: 0.33134788437760837 and parameters: {'n_estimators': 621, 'max_depth': 10, 'learning_rate': 0.07610608780224531, 'subsample': 0.7174081938192521, 'colsample_bytree': 0.7927578143588563, 'min_child_weight': 2, 'gamma': 0.00819322734662213, 'reg_alpha': 0.0002512017442668952, 'reg_lambda': 0.15819822149980012}. Best is trial 435 with value: 0.31178151468232856.
[I 2024-12-04 17:22:07,928] Trial 490 finished with value: 0.3314943579187496 and parameters: {'n_estimators': 864, 'max_depth': 8, 'learning_rate': 0.053596390641431575, 'subsample': 0.708001904602644, 'colsample_bytree': 0.7077907361145943, 'min_child_weight': 2, 'gamma': 0.008316757745928069, 'reg_alpha': 3.305865647690188e-05, 'reg_lambda': 0.15300267268800685}. Best is trial 435 with value: 0.31178151468232856.
[I 2024-12-04 17:22:09,565] Trial 480 finished with value: 0.33263241228285423 and parameters: {'n_estimators': 557, 'max_depth': 8, 'learning_rate': 0.08797204614257755, 'subsample': 0.7179329803069409, 'colsample_bytree': 0.7771509608974304, 'min_child_weight': 2, 'gamma': 0.0016971806801765392, 'reg_alpha': 0.0017146334469637316, 'reg_lambda': 0.06396597209952203}. Best is trial 435 with value: 0.31178151468232856.
[I 2024-12-04 17:22:09,585] Trial 488 finished with value: 0.32301633306772154 and parameters: {'n_estimators': 839, 'max_depth': 8, 'learning_rate': 0.06472276776101196, 'subsample': 0.7239499844648907, 'colsample_bytree': 0.760022976380428, 'min_child_weight': 2, 'gamma': 0.005857517986966641, 'reg_alpha': 2.2864708863362292e-05, 'reg_lambda': 0.08775429691932318}. Best is trial 435 with value: 0.31178151468232856.
[I 2024-12-04 17:22:09,890] Trial 482 finished with value: 0.3402385848343216 and parameters: {'n_estimators': 722, 'max_depth': 8, 'learning_rate': 0.07565730521502703, 'subsample': 0.7608762054647107, 'colsample_bytree': 0.8034865627988118, 'min_child_weight': 2, 'gamma': 0.00190081970143863, 'reg_alpha': 3.145530954585467e-05, 'reg_lambda': 0.10549478226516981}. Best is trial 435 with value: 0.31178151468232856.
[I 2024-12-04 17:22:09,988] Trial 487 finished with value: 0.3263961368988175 and parameters: {'n_estimators': 952, 'max_depth': 8, 'learning_rate': 0.06033838847039962, 'subsample': 0.7517782744173868, 'colsample_bytree': 0.7863851366880873, 'min_child_weight': 2, 'gamma': 0.006380240266297343, 'reg_alpha': 0.00026179095205787034, 'reg_lambda': 0.00872646486351741}. Best is trial 435 with value: 0.31178151468232856.
[I 2024-12-04 17:22:10,587] Trial 491 finished with value: 0.32867777548719507 and parameters: {'n_estimators': 735, 'max_depth': 7, 'learning_rate': 0.07602929304597224, 'subsample': 0.7388874635872879, 'colsample_bytree': 0.7225096357719644, 'min_child_weight': 2, 'gamma': 0.010779711076920084, 'reg_alpha': 3.716961735012757e-05, 'reg_lambda': 0.04378805661575868}. Best is trial 435 with value: 0.31178151468232856.
[I 2024-12-04 17:22:11,414] Trial 481 finished with value: 0.3365617305840045 and parameters: {'n_estimators': 794, 'max_depth': 8, 'learning_rate': 0.09057188115781206, 'subsample': 0.7748190908001473, 'colsample_bytree': 0.8364255677772279, 'min_child_weight': 2, 'gamma': 0.003360312065957615, 'reg_alpha': 9.994413062892211e-05, 'reg_lambda': 0.03641711052840658}. Best is trial 435 with value: 0.31178151468232856.
[I 2024-12-04 17:22:12,608] Trial 486 finished with value: 0.31770315214144673 and parameters: {'n_estimators': 751, 'max_depth': 7, 'learning_rate': 0.06332505472545509, 'subsample': 0.739175408795465, 'colsample_bytree': 0.8119937281369836, 'min_child_weight': 2, 'gamma': 0.002414168923862507, 'reg_alpha': 2.5627202161640835e-05, 'reg_lambda': 0.08055692332664122}. Best is trial 435 with value: 0.31178151468232856.
[I 2024-12-04 17:22:13,171] Trial 485 finished with value: 0.3317905501675906 and parameters: {'n_estimators': 848, 'max_depth': 8, 'learning_rate': 0.09563187043536649, 'subsample': 0.7525992731986832, 'colsample_bytree': 0.783759931998794, 'min_child_weight': 2, 'gamma': 0.0023674075327102116, 'reg_alpha': 5.9955693996272516e-05, 'reg_lambda': 0.08993836197751066}. Best is trial 435 with value: 0.31178151468232856.
[I 2024-12-04 17:22:15,001] Trial 489 finished with value: 0.37871289097824096 and parameters: {'n_estimators': 698, 'max_depth': 8, 'learning_rate': 0.059134188691101625, 'subsample': 0.7636319001912224, 'colsample_bytree': 0.7822946633870727, 'min_child_weight': 2, 'gamma': 0.16436590715930727, 'reg_alpha': 8.092803447910777e-05, 'reg_lambda': 0.0060740363889998554}. Best is trial 435 with value: 0.31178151468232856.
[I 2024-12-04 17:22:15,074] Trial 492 finished with value: 0.3325796211762475 and parameters: {'n_estimators': 777, 'max_depth': 9, 'learning_rate': 0.09835589155328843, 'subsample': 0.7269110482495372, 'colsample_bytree': 0.8439319260138458, 'min_child_weight': 2, 'gamma': 0.004237849530183321, 'reg_alpha': 0.00020321059677428282, 'reg_lambda': 0.2874224553302401}. Best is trial 435 with value: 0.31178151468232856.
[I 2024-12-04 17:22:16,602] Trial 497 finished with value: 0.32100742643359387 and parameters: {'n_estimators': 869, 'max_depth': 8, 'learning_rate': 0.0906914053875865, 'subsample': 0.725259612854082, 'colsample_bytree': 0.8010200678112684, 'min_child_weight': 2, 'gamma': 0.011621724996050376, 'reg_alpha': 0.00019785487168727468, 'reg_lambda': 0.05749669395480393}. Best is trial 435 with value: 0.31178151468232856.
[I 2024-12-04 17:22:17,694] Trial 495 finished with value: 0.3340141601774781 and parameters: {'n_estimators': 845, 'max_depth': 8, 'learning_rate': 0.07538435517902535, 'subsample': 0.7559812783254225, 'colsample_bytree': 0.7912756980865584, 'min_child_weight': 2, 'gamma': 0.018374276814535757, 'reg_alpha': 0.00017623966855713608, 'reg_lambda': 0.06663166334444964}. Best is trial 435 with value: 0.31178151468232856.
[I 2024-12-04 17:22:18,054] Trial 500 finished with value: 0.3414037196564883 and parameters: {'n_estimators': 818, 'max_depth': 8, 'learning_rate': 0.08255147451640416, 'subsample': 0.7492941301623932, 'colsample_bytree': 0.7643926201042996, 'min_child_weight': 2, 'gamma': 0.05042981996890239, 'reg_alpha': 0.0001071554997102281, 'reg_lambda': 0.1104383699134262}. Best is trial 435 with value: 0.31178151468232856.
[I 2024-12-04 17:22:18,098] Trial 499 finished with value: 0.3278502701479843 and parameters: {'n_estimators': 667, 'max_depth': 9, 'learning_rate': 0.06570646009030758, 'subsample': 0.7310892529540367, 'colsample_bytree': 0.7979583086344779, 'min_child_weight': 2, 'gamma': 0.018354397501670585, 'reg_alpha': 5.4067495064301995e-05, 'reg_lambda': 0.09247461224969333}. Best is trial 435 with value: 0.31178151468232856.
[I 2024-12-04 17:22:19,515] Trial 505 finished with value: 0.33383594264709593 and parameters: {'n_estimators': 850, 'max_depth': 8, 'learning_rate': 0.09405212305707226, 'subsample': 0.738729388664887, 'colsample_bytree': 0.7661104957798435, 'min_child_weight': 2, 'gamma': 0.012566299060701494, 'reg_alpha': 0.000293439736759957, 'reg_lambda': 0.01984669245403194}. Best is trial 435 with value: 0.31178151468232856.
[I 2024-12-04 17:22:19,568] Trial 502 finished with value: 0.3201790850946618 and parameters: {'n_estimators': 825, 'max_depth': 8, 'learning_rate': 0.06720183899443397, 'subsample': 0.7679592008024525, 'colsample_bytree': 0.7670822249770178, 'min_child_weight': 2, 'gamma': 0.008223681560012262, 'reg_alpha': 4.546084983842522e-05, 'reg_lambda': 0.05139855901331136}. Best is trial 435 with value: 0.31178151468232856.
[I 2024-12-04 17:22:20,060] Trial 493 finished with value: 0.38857269803528194 and parameters: {'n_estimators': 821, 'max_depth': 7, 'learning_rate': 0.08185727301011558, 'subsample': 0.7261388402531472, 'colsample_bytree': 0.7884161438015269, 'min_child_weight': 3, 'gamma': 0.0033792306110470506, 'reg_alpha': 0.0010680105347193076, 'reg_lambda': 0.011952151367769916}. Best is trial 435 with value: 0.31178151468232856.
[I 2024-12-04 17:22:20,146] Trial 509 finished with value: 0.3358239881855269 and parameters: {'n_estimators': 574, 'max_depth': 7, 'learning_rate': 0.09518518541315861, 'subsample': 0.7719926658434462, 'colsample_bytree': 0.8543491161856863, 'min_child_weight': 2, 'gamma': 0.0099837429628024, 'reg_alpha': 0.00025664962733238533, 'reg_lambda': 0.03312904332930253}. Best is trial 435 with value: 0.31178151468232856.
[I 2024-12-04 17:22:20,731] Trial 506 finished with value: 0.33517946888048605 and parameters: {'n_estimators': 820, 'max_depth': 8, 'learning_rate': 0.08674202380161476, 'subsample': 0.718766779638788, 'colsample_bytree': 0.7701836270186218, 'min_child_weight': 2, 'gamma': 0.004049626035215871, 'reg_alpha': 0.00069980354610917, 'reg_lambda': 0.16667758275244185}. Best is trial 435 with value: 0.31178151468232856.
[I 2024-12-04 17:22:20,781] Trial 494 finished with value: 0.3203360680047159 and parameters: {'n_estimators': 753, 'max_depth': 7, 'learning_rate': 0.09337226728277163, 'subsample': 0.7289354636333394, 'colsample_bytree': 0.7264727896811416, 'min_child_weight': 2, 'gamma': 0.001968506290287028, 'reg_alpha': 0.0002814532680732233, 'reg_lambda': 0.10601167403965127}. Best is trial 435 with value: 0.31178151468232856.
[I 2024-12-04 17:22:21,189] Trial 503 finished with value: 0.34094606133822064 and parameters: {'n_estimators': 842, 'max_depth': 9, 'learning_rate': 0.06318235889656854, 'subsample': 0.7947842219293041, 'colsample_bytree': 0.7506486058082492, 'min_child_weight': 2, 'gamma': 0.01498803792694427, 'reg_alpha': 1.2362402487607898e-05, 'reg_lambda': 0.011986388838955572}. Best is trial 435 with value: 0.31178151468232856.
[W 2024-12-04 17:22:21,353] Trial 508 failed with parameters: {} because of the following error: StorageInternalError('An exception is raised during the commit. This typically happens due to invalid data in the commit, e.g. exceeding max length. ').
Traceback (most recent call last):
  File "/zhome/b1/0/88900/miniconda3/envs/critprops/lib/python3.9/site-packages/sqlalchemy/engine/base.py", line 1967, in _exec_single_context
    self.dialect.do_execute(
  File "/zhome/b1/0/88900/miniconda3/envs/critprops/lib/python3.9/site-packages/sqlalchemy/engine/default.py", line 941, in do_execute
    cursor.execute(statement, parameters)
sqlite3.OperationalError: database is locked

The above exception was the direct cause of the following exception:

Traceback (most recent call last):
  File "/zhome/b1/0/88900/miniconda3/envs/critprops/lib/python3.9/site-packages/optuna/storages/_rdb/storage.py", line 80, in _create_scoped_session
    yield session
  File "/zhome/b1/0/88900/miniconda3/envs/critprops/lib/python3.9/site-packages/optuna/storages/_rdb/storage.py", line 734, in set_trial_system_attr
    self._set_trial_attr_without_commit(
  File "/zhome/b1/0/88900/miniconda3/envs/critprops/lib/python3.9/site-packages/optuna/storages/_rdb/storage.py", line 769, in _set_trial_attr_without_commit
    session.execute(sqlite_upsert_stmt)
  File "/zhome/b1/0/88900/miniconda3/envs/critprops/lib/python3.9/site-packages/sqlalchemy/orm/session.py", line 2362, in execute
    return self._execute_internal(
  File "/zhome/b1/0/88900/miniconda3/envs/critprops/lib/python3.9/site-packages/sqlalchemy/orm/session.py", line 2247, in _execute_internal
    result: Result[Any] = compile_state_cls.orm_execute_statement(
  File "/zhome/b1/0/88900/miniconda3/envs/critprops/lib/python3.9/site-packages/sqlalchemy/orm/bulk_persistence.py", line 1294, in orm_execute_statement
    result = conn.execute(
  File "/zhome/b1/0/88900/miniconda3/envs/critprops/lib/python3.9/site-packages/sqlalchemy/engine/base.py", line 1418, in execute
    return meth(
  File "/zhome/b1/0/88900/miniconda3/envs/critprops/lib/python3.9/site-packages/sqlalchemy/sql/elements.py", line 515, in _execute_on_connection
    return connection._execute_clauseelement(
  File "/zhome/b1/0/88900/miniconda3/envs/critprops/lib/python3.9/site-packages/sqlalchemy/engine/base.py", line 1640, in _execute_clauseelement
    ret = self._execute_context(
  File "/zhome/b1/0/88900/miniconda3/envs/critprops/lib/python3.9/site-packages/sqlalchemy/engine/base.py", line 1846, in _execute_context
    return self._exec_single_context(
  File "/zhome/b1/0/88900/miniconda3/envs/critprops/lib/python3.9/site-packages/sqlalchemy/engine/base.py", line 1986, in _exec_single_context
    self._handle_dbapi_exception(
  File "/zhome/b1/0/88900/miniconda3/envs/critprops/lib/python3.9/site-packages/sqlalchemy/engine/base.py", line 2355, in _handle_dbapi_exception
    raise sqlalchemy_exception.with_traceback(exc_info[2]) from e
  File "/zhome/b1/0/88900/miniconda3/envs/critprops/lib/python3.9/site-packages/sqlalchemy/engine/base.py", line 1967, in _exec_single_context
    self.dialect.do_execute(
  File "/zhome/b1/0/88900/miniconda3/envs/critprops/lib/python3.9/site-packages/sqlalchemy/engine/default.py", line 941, in do_execute
    cursor.execute(statement, parameters)
sqlalchemy.exc.OperationalError: (sqlite3.OperationalError) database is locked
[SQL: INSERT INTO trial_system_attributes (trial_id, "key", value_json) VALUES (?, ?, ?) ON CONFLICT (trial_id, "key") DO UPDATE SET value_json = excluded.value_json]
[parameters: (509, 'cma:large_n_eval', '0')]
(Background on this error at: https://sqlalche.me/e/20/e3q8)

The above exception was the direct cause of the following exception:

Traceback (most recent call last):
  File "/zhome/b1/0/88900/miniconda3/envs/critprops/lib/python3.9/site-packages/optuna/study/_optimize.py", line 197, in _run_trial
    value_or_values = func(trial)
  File "/zhome/b1/0/88900/Documents/fair_gc/src/optims.py", line 261, in objective
    params = {
  File "/zhome/b1/0/88900/Documents/fair_gc/src/optims.py", line 262, in <dictcomp>
    name: suggest_fn(trial, name)
  File "/zhome/b1/0/88900/Documents/fair_gc/src/optims.py", line 182, in <lambda>
    return lambda trial, name: trial.suggest_int(
  File "/zhome/b1/0/88900/miniconda3/envs/critprops/lib/python3.9/site-packages/optuna/_convert_positional_args.py", line 83, in converter_wrapper
    return func(**kwargs)  # type: ignore[call-arg]
  File "/zhome/b1/0/88900/miniconda3/envs/critprops/lib/python3.9/site-packages/optuna/trial/_trial.py", line 324, in suggest_int
    suggested_value = int(self._suggest(name, distribution))
  File "/zhome/b1/0/88900/miniconda3/envs/critprops/lib/python3.9/site-packages/optuna/trial/_trial.py", line 627, in _suggest
    elif self._is_relative_param(name, distribution):
  File "/zhome/b1/0/88900/miniconda3/envs/critprops/lib/python3.9/site-packages/optuna/trial/_trial.py", line 659, in _is_relative_param
    if name not in self.relative_params:
  File "/zhome/b1/0/88900/miniconda3/envs/critprops/lib/python3.9/site-packages/optuna/trial/_trial.py", line 71, in relative_params
    self._relative_params = self.study.sampler.sample_relative(
  File "/zhome/b1/0/88900/.cache/optunahub/api.github.com/optuna/optunahub-registry/main/package/samplers/auto_sampler/_sampler.py", line 202, in sample_relative
    return self._sampler.sample_relative(study, trial, search_space)
  File "/zhome/b1/0/88900/miniconda3/envs/critprops/lib/python3.9/site-packages/optuna/samplers/_cmaes.py", line 515, in sample_relative
    study._storage.set_trial_system_attr(
  File "/zhome/b1/0/88900/miniconda3/envs/critprops/lib/python3.9/site-packages/optuna/storages/_cached_storage.py", line 198, in set_trial_system_attr
    self._backend.set_trial_system_attr(trial_id, key=key, value=value)
  File "/zhome/b1/0/88900/miniconda3/envs/critprops/lib/python3.9/site-packages/optuna/storages/_rdb/storage.py", line 734, in set_trial_system_attr
    self._set_trial_attr_without_commit(
  File "/zhome/b1/0/88900/miniconda3/envs/critprops/lib/python3.9/contextlib.py", line 137, in __exit__
    self.gen.throw(typ, value, traceback)
  File "/zhome/b1/0/88900/miniconda3/envs/critprops/lib/python3.9/site-packages/optuna/storages/_rdb/storage.py", line 98, in _create_scoped_session
    raise optuna.exceptions.StorageInternalError(message) from e
optuna.exceptions.StorageInternalError: An exception is raised during the commit. This typically happens due to invalid data in the commit, e.g. exceeding max length. 
[W 2024-12-04 17:22:21,381] Trial 508 failed with value None.
[W 2024-12-04 17:22:21,460] Trial 498 failed with parameters: {'n_estimators': 630, 'max_depth': 7, 'learning_rate': 0.08751350464815633, 'subsample': 0.7077484611069361} because of the following error: StorageInternalError('An exception is raised during the commit. This typically happens due to invalid data in the commit, e.g. exceeding max length. ').
Traceback (most recent call last):
  File "/zhome/b1/0/88900/miniconda3/envs/critprops/lib/python3.9/site-packages/sqlalchemy/engine/base.py", line 1967, in _exec_single_context
    self.dialect.do_execute(
  File "/zhome/b1/0/88900/miniconda3/envs/critprops/lib/python3.9/site-packages/sqlalchemy/engine/default.py", line 941, in do_execute
    cursor.execute(statement, parameters)
sqlite3.OperationalError: database is locked

The above exception was the direct cause of the following exception:

Traceback (most recent call last):
  File "/zhome/b1/0/88900/miniconda3/envs/critprops/lib/python3.9/site-packages/optuna/storages/_rdb/storage.py", line 81, in _create_scoped_session
    session.commit()
  File "/zhome/b1/0/88900/miniconda3/envs/critprops/lib/python3.9/site-packages/sqlalchemy/orm/session.py", line 2028, in commit
    trans.commit(_to_root=True)
  File "<string>", line 2, in commit
  File "/zhome/b1/0/88900/miniconda3/envs/critprops/lib/python3.9/site-packages/sqlalchemy/orm/state_changes.py", line 139, in _go
    ret_value = fn(self, *arg, **kw)
  File "/zhome/b1/0/88900/miniconda3/envs/critprops/lib/python3.9/site-packages/sqlalchemy/orm/session.py", line 1313, in commit
    self._prepare_impl()
  File "<string>", line 2, in _prepare_impl
  File "/zhome/b1/0/88900/miniconda3/envs/critprops/lib/python3.9/site-packages/sqlalchemy/orm/state_changes.py", line 139, in _go
    ret_value = fn(self, *arg, **kw)
  File "/zhome/b1/0/88900/miniconda3/envs/critprops/lib/python3.9/site-packages/sqlalchemy/orm/session.py", line 1288, in _prepare_impl
    self.session.flush()
  File "/zhome/b1/0/88900/miniconda3/envs/critprops/lib/python3.9/site-packages/sqlalchemy/orm/session.py", line 4352, in flush
    self._flush(objects)
  File "/zhome/b1/0/88900/miniconda3/envs/critprops/lib/python3.9/site-packages/sqlalchemy/orm/session.py", line 4488, in _flush
    transaction.rollback(_capture_exception=True)
  File "/zhome/b1/0/88900/miniconda3/envs/critprops/lib/python3.9/site-packages/sqlalchemy/util/langhelpers.py", line 146, in __exit__
    raise exc_value.with_traceback(exc_tb)
  File "/zhome/b1/0/88900/miniconda3/envs/critprops/lib/python3.9/site-packages/sqlalchemy/orm/session.py", line 4448, in _flush
    flush_context.execute()
  File "/zhome/b1/0/88900/miniconda3/envs/critprops/lib/python3.9/site-packages/sqlalchemy/orm/unitofwork.py", line 466, in execute
    rec.execute(self)
  File "/zhome/b1/0/88900/miniconda3/envs/critprops/lib/python3.9/site-packages/sqlalchemy/orm/unitofwork.py", line 642, in execute
    util.preloaded.orm_persistence.save_obj(
  File "/zhome/b1/0/88900/miniconda3/envs/critprops/lib/python3.9/site-packages/sqlalchemy/orm/persistence.py", line 93, in save_obj
    _emit_insert_statements(
  File "/zhome/b1/0/88900/miniconda3/envs/critprops/lib/python3.9/site-packages/sqlalchemy/orm/persistence.py", line 1233, in _emit_insert_statements
    result = connection.execute(
  File "/zhome/b1/0/88900/miniconda3/envs/critprops/lib/python3.9/site-packages/sqlalchemy/engine/base.py", line 1418, in execute
    return meth(
  File "/zhome/b1/0/88900/miniconda3/envs/critprops/lib/python3.9/site-packages/sqlalchemy/sql/elements.py", line 515, in _execute_on_connection
    return connection._execute_clauseelement(
  File "/zhome/b1/0/88900/miniconda3/envs/critprops/lib/python3.9/site-packages/sqlalchemy/engine/base.py", line 1640, in _execute_clauseelement
    ret = self._execute_context(
  File "/zhome/b1/0/88900/miniconda3/envs/critprops/lib/python3.9/site-packages/sqlalchemy/engine/base.py", line 1846, in _execute_context
    return self._exec_single_context(
  File "/zhome/b1/0/88900/miniconda3/envs/critprops/lib/python3.9/site-packages/sqlalchemy/engine/base.py", line 1986, in _exec_single_context
    self._handle_dbapi_exception(
  File "/zhome/b1/0/88900/miniconda3/envs/critprops/lib/python3.9/site-packages/sqlalchemy/engine/base.py", line 2355, in _handle_dbapi_exception
    raise sqlalchemy_exception.with_traceback(exc_info[2]) from e
  File "/zhome/b1/0/88900/miniconda3/envs/critprops/lib/python3.9/site-packages/sqlalchemy/engine/base.py", line 1967, in _exec_single_context
    self.dialect.do_execute(
  File "/zhome/b1/0/88900/miniconda3/envs/critprops/lib/python3.9/site-packages/sqlalchemy/engine/default.py", line 941, in do_execute
    cursor.execute(statement, parameters)
sqlalchemy.exc.OperationalError: (sqlite3.OperationalError) database is locked
[SQL: INSERT INTO trial_params (trial_id, param_name, param_value, distribution_json) VALUES (?, ?, ?, ?)]
[parameters: (499, 'colsample_bytree', 0.7979744757170233, '{"name": "FloatDistribution", "attributes": {"step": null, "low": 0.5, "high": 1.0, "log": false}}')]
(Background on this error at: https://sqlalche.me/e/20/e3q8)

The above exception was the direct cause of the following exception:

Traceback (most recent call last):
  File "/zhome/b1/0/88900/miniconda3/envs/critprops/lib/python3.9/site-packages/optuna/study/_optimize.py", line 197, in _run_trial
    value_or_values = func(trial)
  File "/zhome/b1/0/88900/Documents/fair_gc/src/optims.py", line 261, in objective
    params = {
  File "/zhome/b1/0/88900/Documents/fair_gc/src/optims.py", line 262, in <dictcomp>
    name: suggest_fn(trial, name)
  File "/zhome/b1/0/88900/Documents/fair_gc/src/optims.py", line 175, in <lambda>
    return lambda trial, name: trial.suggest_float(
  File "/zhome/b1/0/88900/miniconda3/envs/critprops/lib/python3.9/site-packages/optuna/trial/_trial.py", line 161, in suggest_float
    suggested_value = self._suggest(name, distribution)
  File "/zhome/b1/0/88900/miniconda3/envs/critprops/lib/python3.9/site-packages/optuna/trial/_trial.py", line 637, in _suggest
    storage.set_trial_param(trial_id, name, param_value_in_internal_repr, distribution)
  File "/zhome/b1/0/88900/miniconda3/envs/critprops/lib/python3.9/site-packages/optuna/storages/_cached_storage.py", line 171, in set_trial_param
    self._backend.set_trial_param(trial_id, param_name, param_value_internal, distribution)
  File "/zhome/b1/0/88900/miniconda3/envs/critprops/lib/python3.9/site-packages/optuna/storages/_rdb/storage.py", line 585, in set_trial_param
    self._set_trial_param_without_commit(
  File "/zhome/b1/0/88900/miniconda3/envs/critprops/lib/python3.9/contextlib.py", line 126, in __exit__
    next(self.gen)
  File "/zhome/b1/0/88900/miniconda3/envs/critprops/lib/python3.9/site-packages/optuna/storages/_rdb/storage.py", line 98, in _create_scoped_session
    raise optuna.exceptions.StorageInternalError(message) from e
optuna.exceptions.StorageInternalError: An exception is raised during the commit. This typically happens due to invalid data in the commit, e.g. exceeding max length. 
[W 2024-12-04 17:22:21,487] Trial 498 failed with value None.
[I 2024-12-04 17:22:22,735] Trial 501 finished with value: 0.32622183949292133 and parameters: {'n_estimators': 708, 'max_depth': 7, 'learning_rate': 0.05644165696080131, 'subsample': 0.7101906952952444, 'colsample_bytree': 0.7729632391602209, 'min_child_weight': 2, 'gamma': 0.004171919922475219, 'reg_alpha': 0.0003873773566929928, 'reg_lambda': 0.13688387529475984}. Best is trial 435 with value: 0.31178151468232856.
[I 2024-12-04 17:22:23,163] Trial 507 finished with value: 0.32953500176721734 and parameters: {'n_estimators': 860, 'max_depth': 7, 'learning_rate': 0.08943871672859166, 'subsample': 0.7368882426496668, 'colsample_bytree': 0.7766495050984349, 'min_child_weight': 2, 'gamma': 0.015673150127604875, 'reg_alpha': 0.0002772104513444447, 'reg_lambda': 0.008623439420146133}. Best is trial 435 with value: 0.31178151468232856.
[I 2024-12-04 17:22:23,222] Trial 504 finished with value: 0.3384127419812087 and parameters: {'n_estimators': 639, 'max_depth': 10, 'learning_rate': 0.09088994543467245, 'subsample': 0.7252525923818617, 'colsample_bytree': 0.7460257280637492, 'min_child_weight': 2, 'gamma': 0.0020251331966138915, 'reg_alpha': 0.00016379201390236462, 'reg_lambda': 0.001959595871292057}. Best is trial 435 with value: 0.31178151468232856.
[I 2024-12-04 17:22:23,401] Trial 511 finished with value: 0.3368264762862633 and parameters: {'n_estimators': 494, 'max_depth': 10, 'learning_rate': 0.0713915446142836, 'subsample': 0.7333729074270108, 'colsample_bytree': 0.7728299059457839, 'min_child_weight': 2, 'gamma': 0.0036462165319812914, 'reg_alpha': 3.004866057576003e-05, 'reg_lambda': 0.060358645305598355}. Best is trial 435 with value: 0.31178151468232856.
[I 2024-12-04 17:22:23,923] Trial 513 finished with value: 0.35980081438103506 and parameters: {'n_estimators': 743, 'max_depth': 8, 'learning_rate': 0.09442063056935102, 'subsample': 0.7848552698272001, 'colsample_bytree': 0.7552532182471832, 'min_child_weight': 2, 'gamma': 0.08222254087044473, 'reg_alpha': 0.00026618897437213245, 'reg_lambda': 0.0073173288685970325}. Best is trial 435 with value: 0.31178151468232856.
[I 2024-12-04 17:22:24,431] Trial 515 finished with value: 0.3855609399029401 and parameters: {'n_estimators': 974, 'max_depth': 6, 'learning_rate': 0.0799042345913612, 'subsample': 0.7260391668349346, 'colsample_bytree': 0.8345382832844122, 'min_child_weight': 3, 'gamma': 0.015083624577327792, 'reg_alpha': 0.0001684182893637961, 'reg_lambda': 0.1806329874989106}. Best is trial 435 with value: 0.31178151468232856.
[I 2024-12-04 17:22:24,667] Trial 516 finished with value: 0.324280684747769 and parameters: {'n_estimators': 719, 'max_depth': 8, 'learning_rate': 0.081106605486128, 'subsample': 0.7281811768579147, 'colsample_bytree': 0.7632947237322354, 'min_child_weight': 2, 'gamma': 0.01582833106748453, 'reg_alpha': 1.4809783786745278e-05, 'reg_lambda': 0.2060492670477021}. Best is trial 435 with value: 0.31178151468232856.
[I 2024-12-04 17:22:24,827] Trial 510 finished with value: 0.33189256887815133 and parameters: {'n_estimators': 641, 'max_depth': 5, 'learning_rate': 0.08887752773978151, 'subsample': 0.7046554235913699, 'colsample_bytree': 0.7861975395891545, 'min_child_weight': 2, 'gamma': 0.004267700104876898, 'reg_alpha': 0.0001005106357532106, 'reg_lambda': 0.30049930103648254}. Best is trial 435 with value: 0.31178151468232856.
[I 2024-12-04 17:22:25,023] Trial 512 finished with value: 0.3390729416587727 and parameters: {'n_estimators': 545, 'max_depth': 7, 'learning_rate': 0.09885137911227049, 'subsample': 0.7424367427812569, 'colsample_bytree': 0.7994064579405926, 'min_child_weight': 2, 'gamma': 0.06774759288689669, 'reg_alpha': 1.902840451180274e-05, 'reg_lambda': 0.17197735523672825}. Best is trial 435 with value: 0.31178151468232856.
[I 2024-12-04 17:22:25,184] Trial 517 finished with value: 0.3313640319564574 and parameters: {'n_estimators': 730, 'max_depth': 8, 'learning_rate': 0.09767861318820435, 'subsample': 0.7711710100950702, 'colsample_bytree': 0.8041520181563829, 'min_child_weight': 2, 'gamma': 0.02287300748171461, 'reg_alpha': 0.00024702131986159873, 'reg_lambda': 0.021034095577463906}. Best is trial 435 with value: 0.31178151468232856.
[I 2024-12-04 17:22:25,553] Trial 518 finished with value: 0.33502352807462454 and parameters: {'n_estimators': 758, 'max_depth': 9, 'learning_rate': 0.07563086578963586, 'subsample': 0.7631906476352073, 'colsample_bytree': 0.7836543391957311, 'min_child_weight': 2, 'gamma': 0.0018113998255931444, 'reg_alpha': 0.0002389387948744833, 'reg_lambda': 0.009989347381299562}. Best is trial 435 with value: 0.31178151468232856.
[I 2024-12-04 17:22:25,715] Trial 514 finished with value: 0.3350515442329631 and parameters: {'n_estimators': 745, 'max_depth': 7, 'learning_rate': 0.09044588107210663, 'subsample': 0.7225174287984613, 'colsample_bytree': 0.6892005369924703, 'min_child_weight': 2, 'gamma': 0.01136205833931105, 'reg_alpha': 0.0008941759855419252, 'reg_lambda': 0.055169235258628276}. Best is trial 435 with value: 0.31178151468232856.
[I 2024-12-04 17:22:26,645] Trial 526 finished with value: 0.3264866080621142 and parameters: {'n_estimators': 734, 'max_depth': 7, 'learning_rate': 0.07960800655642744, 'subsample': 0.7479524341055674, 'colsample_bytree': 0.7919039215494393, 'min_child_weight': 2, 'gamma': 0.0033223984991564647, 'reg_alpha': 4.266956488764955e-05, 'reg_lambda': 0.023309627865412137}. Best is trial 435 with value: 0.31178151468232856.
[I 2024-12-04 17:22:26,740] Trial 519 finished with value: 0.3325840815632228 and parameters: {'n_estimators': 852, 'max_depth': 9, 'learning_rate': 0.09294017703012039, 'subsample': 0.7411817805707346, 'colsample_bytree': 0.7826459484958106, 'min_child_weight': 2, 'gamma': 0.0037630338432103924, 'reg_alpha': 0.00028657395587821554, 'reg_lambda': 0.21086232950646686}. Best is trial 435 with value: 0.31178151468232856.
[I 2024-12-04 17:22:26,870] Trial 525 finished with value: 0.31692389907627083 and parameters: {'n_estimators': 774, 'max_depth': 6, 'learning_rate': 0.0897510235255209, 'subsample': 0.7452594929603554, 'colsample_bytree': 0.7498180041715248, 'min_child_weight': 2, 'gamma': 0.0008076774529592826, 'reg_alpha': 0.00013348231394216378, 'reg_lambda': 0.16414897650354257}. Best is trial 435 with value: 0.31178151468232856.
[I 2024-12-04 17:22:27,196] Trial 522 finished with value: 0.3346141912683802 and parameters: {'n_estimators': 781, 'max_depth': 7, 'learning_rate': 0.09193467091595306, 'subsample': 0.710249654603381, 'colsample_bytree': 0.6959468545597998, 'min_child_weight': 2, 'gamma': 0.0049136110001288666, 'reg_alpha': 0.00011127939734683743, 'reg_lambda': 0.017606499843308684}. Best is trial 435 with value: 0.31178151468232856.
[I 2024-12-04 17:22:27,455] Trial 523 finished with value: 0.333789268897132 and parameters: {'n_estimators': 806, 'max_depth': 7, 'learning_rate': 0.09115592219755901, 'subsample': 0.754891306205962, 'colsample_bytree': 0.7755997821071383, 'min_child_weight': 2, 'gamma': 0.0015586223686525214, 'reg_alpha': 0.00019692915270614228, 'reg_lambda': 0.21596331841181593}. Best is trial 435 with value: 0.31178151468232856.
[I 2024-12-04 17:22:27,668] Trial 528 finished with value: 0.3236107595496266 and parameters: {'n_estimators': 784, 'max_depth': 7, 'learning_rate': 0.08553240242633539, 'subsample': 0.7319647580783238, 'colsample_bytree': 0.7523926038133215, 'min_child_weight': 2, 'gamma': 0.009774501373504583, 'reg_alpha': 8.500716480628661e-05, 'reg_lambda': 0.02769969869934707}. Best is trial 435 with value: 0.31178151468232856.
[I 2024-12-04 17:22:27,923] Trial 521 finished with value: 0.32213072836888507 and parameters: {'n_estimators': 1028, 'max_depth': 5, 'learning_rate': 0.06964299746708377, 'subsample': 0.7115676168522684, 'colsample_bytree': 0.7397775939320932, 'min_child_weight': 2, 'gamma': 0.011465505285662873, 'reg_alpha': 0.0005226858151166108, 'reg_lambda': 0.08905987239410577}. Best is trial 435 with value: 0.31178151468232856.
[I 2024-12-04 17:22:28,185] Trial 527 finished with value: 0.328590446064205 and parameters: {'n_estimators': 804, 'max_depth': 9, 'learning_rate': 0.06408284691720355, 'subsample': 0.7578300572354664, 'colsample_bytree': 0.7146238533325533, 'min_child_weight': 2, 'gamma': 0.007816868620402668, 'reg_alpha': 6.625165586108167e-05, 'reg_lambda': 0.13215542112509343}. Best is trial 435 with value: 0.31178151468232856.
[I 2024-12-04 17:22:28,211] Trial 524 finished with value: 0.3339325691091999 and parameters: {'n_estimators': 787, 'max_depth': 10, 'learning_rate': 0.07624247014642443, 'subsample': 0.7578026362544332, 'colsample_bytree': 0.7466007886053277, 'min_child_weight': 2, 'gamma': 0.0017973901658649382, 'reg_alpha': 0.0002849353956939883, 'reg_lambda': 0.0366034058941566}. Best is trial 435 with value: 0.31178151468232856.
[I 2024-12-04 17:22:28,236] Trial 520 finished with value: 0.3281362198073041 and parameters: {'n_estimators': 872, 'max_depth': 8, 'learning_rate': 0.08265628301944085, 'subsample': 0.7082067033864222, 'colsample_bytree': 0.823621696586296, 'min_child_weight': 2, 'gamma': 0.007635104394047087, 'reg_alpha': 0.00010244101077825535, 'reg_lambda': 0.09187067061264376}. Best is trial 435 with value: 0.31178151468232856.
Traceback (most recent call last):
  File "/zhome/b1/0/88900/miniconda3/envs/critprops/lib/python3.9/site-packages/sqlalchemy/engine/base.py", line 1967, in _exec_single_context
    self.dialect.do_execute(
  File "/zhome/b1/0/88900/miniconda3/envs/critprops/lib/python3.9/site-packages/sqlalchemy/engine/default.py", line 941, in do_execute
    cursor.execute(statement, parameters)
sqlite3.OperationalError: database is locked

The above exception was the direct cause of the following exception:

Traceback (most recent call last):
  File "/zhome/b1/0/88900/miniconda3/envs/critprops/lib/python3.9/site-packages/optuna/storages/_rdb/storage.py", line 81, in _create_scoped_session
    session.commit()
  File "/zhome/b1/0/88900/miniconda3/envs/critprops/lib/python3.9/site-packages/sqlalchemy/orm/session.py", line 2028, in commit
    trans.commit(_to_root=True)
  File "<string>", line 2, in commit
  File "/zhome/b1/0/88900/miniconda3/envs/critprops/lib/python3.9/site-packages/sqlalchemy/orm/state_changes.py", line 139, in _go
    ret_value = fn(self, *arg, **kw)
  File "/zhome/b1/0/88900/miniconda3/envs/critprops/lib/python3.9/site-packages/sqlalchemy/orm/session.py", line 1313, in commit
    self._prepare_impl()
  File "<string>", line 2, in _prepare_impl
  File "/zhome/b1/0/88900/miniconda3/envs/critprops/lib/python3.9/site-packages/sqlalchemy/orm/state_changes.py", line 139, in _go
    ret_value = fn(self, *arg, **kw)
  File "/zhome/b1/0/88900/miniconda3/envs/critprops/lib/python3.9/site-packages/sqlalchemy/orm/session.py", line 1288, in _prepare_impl
    self.session.flush()
  File "/zhome/b1/0/88900/miniconda3/envs/critprops/lib/python3.9/site-packages/sqlalchemy/orm/session.py", line 4352, in flush
    self._flush(objects)
  File "/zhome/b1/0/88900/miniconda3/envs/critprops/lib/python3.9/site-packages/sqlalchemy/orm/session.py", line 4488, in _flush
    transaction.rollback(_capture_exception=True)
  File "/zhome/b1/0/88900/miniconda3/envs/critprops/lib/python3.9/site-packages/sqlalchemy/util/langhelpers.py", line 146, in __exit__
    raise exc_value.with_traceback(exc_tb)
  File "/zhome/b1/0/88900/miniconda3/envs/critprops/lib/python3.9/site-packages/sqlalchemy/orm/session.py", line 4448, in _flush
    flush_context.execute()
  File "/zhome/b1/0/88900/miniconda3/envs/critprops/lib/python3.9/site-packages/sqlalchemy/orm/unitofwork.py", line 466, in execute
    rec.execute(self)
  File "/zhome/b1/0/88900/miniconda3/envs/critprops/lib/python3.9/site-packages/sqlalchemy/orm/unitofwork.py", line 642, in execute
    util.preloaded.orm_persistence.save_obj(
  File "/zhome/b1/0/88900/miniconda3/envs/critprops/lib/python3.9/site-packages/sqlalchemy/orm/persistence.py", line 85, in save_obj
    _emit_update_statements(
  File "/zhome/b1/0/88900/miniconda3/envs/critprops/lib/python3.9/site-packages/sqlalchemy/orm/persistence.py", line 912, in _emit_update_statements
    c = connection.execute(
  File "/zhome/b1/0/88900/miniconda3/envs/critprops/lib/python3.9/site-packages/sqlalchemy/engine/base.py", line 1418, in execute
    return meth(
  File "/zhome/b1/0/88900/miniconda3/envs/critprops/lib/python3.9/site-packages/sqlalchemy/sql/elements.py", line 515, in _execute_on_connection
    return connection._execute_clauseelement(
  File "/zhome/b1/0/88900/miniconda3/envs/critprops/lib/python3.9/site-packages/sqlalchemy/engine/base.py", line 1640, in _execute_clauseelement
    ret = self._execute_context(
  File "/zhome/b1/0/88900/miniconda3/envs/critprops/lib/python3.9/site-packages/sqlalchemy/engine/base.py", line 1846, in _execute_context
    return self._exec_single_context(
  File "/zhome/b1/0/88900/miniconda3/envs/critprops/lib/python3.9/site-packages/sqlalchemy/engine/base.py", line 1986, in _exec_single_context
    self._handle_dbapi_exception(
  File "/zhome/b1/0/88900/miniconda3/envs/critprops/lib/python3.9/site-packages/sqlalchemy/engine/base.py", line 2355, in _handle_dbapi_exception
    raise sqlalchemy_exception.with_traceback(exc_info[2]) from e
  File "/zhome/b1/0/88900/miniconda3/envs/critprops/lib/python3.9/site-packages/sqlalchemy/engine/base.py", line 1967, in _exec_single_context
    self.dialect.do_execute(
  File "/zhome/b1/0/88900/miniconda3/envs/critprops/lib/python3.9/site-packages/sqlalchemy/engine/default.py", line 941, in do_execute
    cursor.execute(statement, parameters)
sqlalchemy.exc.OperationalError: (sqlite3.OperationalError) database is locked
[SQL: UPDATE trials SET state=?, datetime_complete=? WHERE trials.trial_id = ?]
[parameters: ('COMPLETE', '2024-12-04 17:22:13.025458', 497)]
(Background on this error at: https://sqlalche.me/e/20/e3q8)

The above exception was the direct cause of the following exception:

Traceback (most recent call last):
  File "/zhome/b1/0/88900/miniconda3/envs/critprops/lib/python3.9/site-packages/optuna/study/_optimize.py", line 209, in _run_trial
    frozen_trial = _tell_with_warning(
  File "/zhome/b1/0/88900/miniconda3/envs/critprops/lib/python3.9/site-packages/optuna/study/_tell.py", line 183, in _tell_with_warning
    study._storage.set_trial_state_values(frozen_trial._trial_id, state, values)
  File "/zhome/b1/0/88900/miniconda3/envs/critprops/lib/python3.9/site-packages/optuna/storages/_cached_storage.py", line 187, in set_trial_state_values
    return self._backend.set_trial_state_values(trial_id, state=state, values=values)
  File "/zhome/b1/0/88900/miniconda3/envs/critprops/lib/python3.9/site-packages/optuna/storages/_rdb/storage.py", line 661, in set_trial_state_values
    trial.datetime_complete = datetime.now()
  File "/zhome/b1/0/88900/miniconda3/envs/critprops/lib/python3.9/contextlib.py", line 126, in __exit__
    next(self.gen)
  File "/zhome/b1/0/88900/miniconda3/envs/critprops/lib/python3.9/site-packages/optuna/storages/_rdb/storage.py", line 98, in _create_scoped_session
    raise optuna.exceptions.StorageInternalError(message) from e
optuna.exceptions.StorageInternalError: An exception is raised during the commit. This typically happens due to invalid data in the commit, e.g. exceeding max length. 

During handling of the above exception, another exception occurred:

Traceback (most recent call last):
  File "/zhome/b1/0/88900/Documents/fair_gc/gc_ml.py", line 79, in <module>
    study, best_model = create_hyperparameter_optimizer(
  File "/zhome/b1/0/88900/Documents/fair_gc/src/optims.py", line 294, in create_hyperparameter_optimizer
    study.optimize(objective, n_trials=n_trials, n_jobs=n_jobs)
  File "/zhome/b1/0/88900/miniconda3/envs/critprops/lib/python3.9/site-packages/optuna/study/study.py", line 475, in optimize
    _optimize(
  File "/zhome/b1/0/88900/miniconda3/envs/critprops/lib/python3.9/site-packages/optuna/study/_optimize.py", line 100, in _optimize
    f.result()
  File "/zhome/b1/0/88900/miniconda3/envs/critprops/lib/python3.9/concurrent/futures/_base.py", line 439, in result
    return self.__get_result()
  File "/zhome/b1/0/88900/miniconda3/envs/critprops/lib/python3.9/concurrent/futures/_base.py", line 391, in __get_result
    raise self._exception
  File "/zhome/b1/0/88900/miniconda3/envs/critprops/lib/python3.9/concurrent/futures/thread.py", line 58, in run
    result = self.fn(*self.args, **self.kwargs)
  File "/zhome/b1/0/88900/miniconda3/envs/critprops/lib/python3.9/site-packages/optuna/study/_optimize.py", line 160, in _optimize_sequential
    frozen_trial = _run_trial(study, func, catch)
  File "/zhome/b1/0/88900/miniconda3/envs/critprops/lib/python3.9/site-packages/optuna/study/_optimize.py", line 241, in _run_trial
    assert False, "Should not reach."
AssertionError: Should not reach.
