[I 2024-12-04 14:52:41,933] A new study created in RDB with name: Pc_xgb
[I 2024-12-04 14:52:46,795] Trial 14 finished with value: 0.42431847455100985 and parameters: {'n_estimators': 707, 'max_depth': 7, 'learning_rate': 0.010243343058288036, 'subsample': 0.7193074986619709, 'colsample_bytree': 0.6999410277997772, 'min_child_weight': 3, 'gamma': 9.331456766157525e-05, 'reg_alpha': 0.08663380965919099, 'reg_lambda': 0.00136328675224994}. Best is trial 0 with value: 0.39399851254392504.
[I 2024-12-04 14:52:47,073] Trial 12 finished with value: 0.422611610921601 and parameters: {'n_estimators': 256, 'max_depth': 6, 'learning_rate': 0.031029088001920203, 'subsample': 0.9328528349623615, 'colsample_bytree': 0.8368658508536089, 'min_child_weight': 4, 'gamma': 0.00024988242999620026, 'reg_alpha': 0.000906273256364638, 'reg_lambda': 0.00011297980770761401}. Best is trial 13 with value: 0.37155641746923856.
[I 2024-12-04 14:52:47,076] Trial 0 finished with value: 0.39399851254392504 and parameters: {'n_estimators': 405, 'max_depth': 6, 'learning_rate': 0.07737274304966149, 'subsample': 0.7998214127165757, 'colsample_bytree': 0.9617671238417915, 'min_child_weight': 5, 'gamma': 0.023567486496735526, 'reg_alpha': 0.4579697917385738, 'reg_lambda': 4.119531889903173e-05}. Best is trial 13 with value: 0.37155641746923856.
[I 2024-12-04 14:52:47,228] Trial 7 finished with value: 0.4250302886082266 and parameters: {'n_estimators': 896, 'max_depth': 11, 'learning_rate': 0.0463662406583463, 'subsample': 0.81551623381553, 'colsample_bytree': 0.8669519865154665, 'min_child_weight': 1, 'gamma': 0.322014631123285, 'reg_alpha': 0.23496138747895587, 'reg_lambda': 8.864698836058896e-05}. Best is trial 13 with value: 0.37155641746923856.
[I 2024-12-04 14:52:47,478] Trial 13 finished with value: 0.37155641746923856 and parameters: {'n_estimators': 606, 'max_depth': 3, 'learning_rate': 0.07713547190512027, 'subsample': 0.8076397642271579, 'colsample_bytree': 0.9084329194903884, 'min_child_weight': 2, 'gamma': 2.726804669555174e-05, 'reg_alpha': 4.8239165507954845e-05, 'reg_lambda': 1.54244392881627e-05}. Best is trial 13 with value: 0.37155641746923856.
[I 2024-12-04 14:52:47,994] Trial 2 finished with value: 0.4158459302326892 and parameters: {'n_estimators': 752, 'max_depth': 5, 'learning_rate': 0.0377219833805983, 'subsample': 0.9265123141154319, 'colsample_bytree': 0.5894231008686841, 'min_child_weight': 1, 'gamma': 0.10349074450137312, 'reg_alpha': 0.04170200210437651, 'reg_lambda': 1.0921288573006456e-05}. Best is trial 13 with value: 0.37155641746923856.
[I 2024-12-04 14:52:48,052] Trial 19 finished with value: 0.4150900465618403 and parameters: {'n_estimators': 581, 'max_depth': 11, 'learning_rate': 0.06318721250870024, 'subsample': 0.8347786458401648, 'colsample_bytree': 0.718510837679182, 'min_child_weight': 5, 'gamma': 0.15791755508463728, 'reg_alpha': 0.31648703994760163, 'reg_lambda': 0.08088269944031896}. Best is trial 13 with value: 0.37155641746923856.
[I 2024-12-04 14:52:48,072] Trial 5 finished with value: 0.41533263007690485 and parameters: {'n_estimators': 1318, 'max_depth': 4, 'learning_rate': 0.01849948596819229, 'subsample': 0.9897737044118984, 'colsample_bytree': 0.710880273495321, 'min_child_weight': 2, 'gamma': 0.0034487514904273414, 'reg_alpha': 0.43115068505360843, 'reg_lambda': 0.0021302089725920973}. Best is trial 13 with value: 0.37155641746923856.
[I 2024-12-04 14:52:49,145] Trial 4 finished with value: 0.38187725490495816 and parameters: {'n_estimators': 1153, 'max_depth': 12, 'learning_rate': 0.03172981989780246, 'subsample': 0.7322331976195813, 'colsample_bytree': 0.9383255256674046, 'min_child_weight': 1, 'gamma': 0.05550706832783593, 'reg_alpha': 2.0055235939744884e-05, 'reg_lambda': 0.0003469015922273804}. Best is trial 13 with value: 0.37155641746923856.
[I 2024-12-04 14:52:49,490] Trial 9 finished with value: 0.3899218989541345 and parameters: {'n_estimators': 929, 'max_depth': 11, 'learning_rate': 0.011729672851468613, 'subsample': 0.9171754881298428, 'colsample_bytree': 0.815326032554579, 'min_child_weight': 5, 'gamma': 0.02326716474030649, 'reg_alpha': 0.0014160546397105267, 'reg_lambda': 0.4843356833096589}. Best is trial 13 with value: 0.37155641746923856.
[I 2024-12-04 14:52:49,567] Trial 15 finished with value: 0.396717480155715 and parameters: {'n_estimators': 616, 'max_depth': 9, 'learning_rate': 0.016875209115847993, 'subsample': 0.925660911100866, 'colsample_bytree': 0.7546271812092173, 'min_child_weight': 2, 'gamma': 0.11061833047885404, 'reg_alpha': 0.00020818941385653488, 'reg_lambda': 0.0006827369206614465}. Best is trial 13 with value: 0.37155641746923856.
[I 2024-12-04 14:52:49,580] Trial 3 finished with value: 0.42099786181879156 and parameters: {'n_estimators': 1379, 'max_depth': 7, 'learning_rate': 0.02041958317086037, 'subsample': 0.9386604572033632, 'colsample_bytree': 0.8557361567934374, 'min_child_weight': 5, 'gamma': 0.23477593801204147, 'reg_alpha': 0.001535715383001306, 'reg_lambda': 0.29470201901442517}. Best is trial 13 with value: 0.37155641746923856.
[I 2024-12-04 14:52:49,611] Trial 10 finished with value: 0.40590099390484163 and parameters: {'n_estimators': 468, 'max_depth': 4, 'learning_rate': 0.05392481836887311, 'subsample': 0.7059050207436557, 'colsample_bytree': 0.9524900713781168, 'min_child_weight': 5, 'gamma': 0.06509452513579618, 'reg_alpha': 0.02846870292206029, 'reg_lambda': 0.0003172775167550517}. Best is trial 13 with value: 0.37155641746923856.
[I 2024-12-04 14:52:49,647] Trial 6 finished with value: 0.3887615803562172 and parameters: {'n_estimators': 1132, 'max_depth': 12, 'learning_rate': 0.01077839567773107, 'subsample': 0.775012550876967, 'colsample_bytree': 0.8044972722201341, 'min_child_weight': 5, 'gamma': 0.005292740803959768, 'reg_alpha': 0.2115851608692428, 'reg_lambda': 0.0011215422213424042}. Best is trial 13 with value: 0.37155641746923856.
[I 2024-12-04 14:52:49,920] Trial 16 finished with value: 0.3835362874368676 and parameters: {'n_estimators': 1069, 'max_depth': 5, 'learning_rate': 0.0173734764769383, 'subsample': 0.7515652473909631, 'colsample_bytree': 0.8490753528733779, 'min_child_weight': 2, 'gamma': 0.003355929228805505, 'reg_alpha': 0.044299519912292036, 'reg_lambda': 0.35750484266361104}. Best is trial 13 with value: 0.37155641746923856.
[I 2024-12-04 14:52:50,475] Trial 8 finished with value: 0.42611089863379453 and parameters: {'n_estimators': 729, 'max_depth': 8, 'learning_rate': 0.012141581365597051, 'subsample': 0.8138142826572071, 'colsample_bytree': 0.6147858513459328, 'min_child_weight': 3, 'gamma': 0.22420814732749458, 'reg_alpha': 9.805863968093843e-05, 'reg_lambda': 0.03397662081560719}. Best is trial 24 with value: 0.34850908140162407.
[I 2024-12-04 14:52:50,481] Trial 24 finished with value: 0.34850908140162407 and parameters: {'n_estimators': 449, 'max_depth': 12, 'learning_rate': 0.05917787989513047, 'subsample': 0.8369334644595124, 'colsample_bytree': 0.5755960872063784, 'min_child_weight': 2, 'gamma': 0.0004832627297957086, 'reg_alpha': 7.287638942547509e-05, 'reg_lambda': 0.0011057819559582305}. Best is trial 24 with value: 0.34850908140162407.
[I 2024-12-04 14:52:50,594] Trial 20 finished with value: 0.3995362293797208 and parameters: {'n_estimators': 1371, 'max_depth': 12, 'learning_rate': 0.06003039823669142, 'subsample': 0.7619214302730926, 'colsample_bytree': 0.955670321641733, 'min_child_weight': 3, 'gamma': 0.002461839136462466, 'reg_alpha': 0.0002116236447149676, 'reg_lambda': 0.003943702176045658}. Best is trial 24 with value: 0.34850908140162407.
[I 2024-12-04 14:52:50,931] Trial 11 finished with value: 0.39412806599128575 and parameters: {'n_estimators': 256, 'max_depth': 6, 'learning_rate': 0.07061851377324732, 'subsample': 0.7877017272368995, 'colsample_bytree': 0.636478706582323, 'min_child_weight': 5, 'gamma': 0.0024344682388496505, 'reg_alpha': 0.03444698092809445, 'reg_lambda': 0.04295905786383335}. Best is trial 24 with value: 0.34850908140162407.
[I 2024-12-04 14:52:50,939] Trial 28 finished with value: 0.39822564972456787 and parameters: {'n_estimators': 1075, 'max_depth': 7, 'learning_rate': 0.09815981272205991, 'subsample': 0.9970709931646714, 'colsample_bytree': 0.7885810134731024, 'min_child_weight': 3, 'gamma': 0.020433580553679928, 'reg_alpha': 0.005759595435262439, 'reg_lambda': 0.0006561701432859226}. Best is trial 24 with value: 0.34850908140162407.
[I 2024-12-04 14:52:51,210] Trial 17 finished with value: 0.4041647678021137 and parameters: {'n_estimators': 1359, 'max_depth': 8, 'learning_rate': 0.010895516370591073, 'subsample': 0.8811183384432024, 'colsample_bytree': 0.8294814259964951, 'min_child_weight': 3, 'gamma': 0.0023626753488950685, 'reg_alpha': 0.004179720343397173, 'reg_lambda': 0.00011982462584540338}. Best is trial 24 with value: 0.34850908140162407.
[I 2024-12-04 14:52:51,491] Trial 21 finished with value: 0.37843416272214797 and parameters: {'n_estimators': 403, 'max_depth': 12, 'learning_rate': 0.0681159088112575, 'subsample': 0.9915760225336814, 'colsample_bytree': 0.7396922868047253, 'min_child_weight': 4, 'gamma': 0.0012066192075493943, 'reg_alpha': 0.04251621027320691, 'reg_lambda': 0.0026118683447942602}. Best is trial 24 with value: 0.34850908140162407.
[I 2024-12-04 14:52:51,786] Trial 29 finished with value: 0.4477353669495971 and parameters: {'n_estimators': 132, 'max_depth': 5, 'learning_rate': 0.057694884196537316, 'subsample': 0.7234811222599445, 'colsample_bytree': 0.9177449103701063, 'min_child_weight': 3, 'gamma': 0.00014070111413897685, 'reg_alpha': 1.5053080707328896e-05, 'reg_lambda': 0.00022491347343138243}. Best is trial 24 with value: 0.34850908140162407.
[I 2024-12-04 14:52:51,828] Trial 1 finished with value: 0.37148810871616267 and parameters: {'n_estimators': 1013, 'max_depth': 4, 'learning_rate': 0.038177526722992156, 'subsample': 0.989269152040066, 'colsample_bytree': 0.9069185416714093, 'min_child_weight': 2, 'gamma': 0.006525477096630533, 'reg_alpha': 0.0009665960429232143, 'reg_lambda': 0.09152107644283888}. Best is trial 24 with value: 0.34850908140162407.
[I 2024-12-04 14:52:52,171] Trial 26 finished with value: 0.41549506349997195 and parameters: {'n_estimators': 398, 'max_depth': 8, 'learning_rate': 0.014255938810120454, 'subsample': 0.817642978542281, 'colsample_bytree': 0.9288681966312775, 'min_child_weight': 2, 'gamma': 2.6204017547857588e-05, 'reg_alpha': 2.764129319125105e-05, 'reg_lambda': 0.03671786051005574}. Best is trial 24 with value: 0.34850908140162407.
[I 2024-12-04 14:52:52,235] Trial 25 finished with value: 0.3774836976072343 and parameters: {'n_estimators': 1445, 'max_depth': 7, 'learning_rate': 0.0342726159025243, 'subsample': 0.7506625187894924, 'colsample_bytree': 0.530838533387617, 'min_child_weight': 4, 'gamma': 0.0031031654415668544, 'reg_alpha': 2.2214836633720173e-05, 'reg_lambda': 0.3179369574486478}. Best is trial 24 with value: 0.34850908140162407.
[I 2024-12-04 14:52:52,237] Trial 23 finished with value: 0.3521778219613262 and parameters: {'n_estimators': 1079, 'max_depth': 12, 'learning_rate': 0.03961967434148094, 'subsample': 0.7856504681021266, 'colsample_bytree': 0.9819863656941878, 'min_child_weight': 2, 'gamma': 0.0011050247404069218, 'reg_alpha': 0.14643063034686823, 'reg_lambda': 0.001108444561673538}. Best is trial 24 with value: 0.34850908140162407.
[I 2024-12-04 14:52:53,501] Trial 31 finished with value: 0.5439427017542507 and parameters: {'n_estimators': 136, 'max_depth': 12, 'learning_rate': 0.012504325948291217, 'subsample': 0.8134855415361955, 'colsample_bytree': 0.7585933422402531, 'min_child_weight': 4, 'gamma': 0.07170262186527644, 'reg_alpha': 0.002395100245734883, 'reg_lambda': 5.5581158901843894e-05}. Best is trial 30 with value: 0.3439042634507872.
[I 2024-12-04 14:52:53,503] Trial 30 finished with value: 0.3439042634507872 and parameters: {'n_estimators': 728, 'max_depth': 8, 'learning_rate': 0.04717859268523548, 'subsample': 0.7659430753175049, 'colsample_bytree': 0.677299996581578, 'min_child_weight': 2, 'gamma': 0.0280633877868957, 'reg_alpha': 0.00456738120072948, 'reg_lambda': 0.00043750513455996834}. Best is trial 30 with value: 0.3439042634507872.
[I 2024-12-04 14:52:53,601] Trial 18 finished with value: 0.39704704196584945 and parameters: {'n_estimators': 1218, 'max_depth': 4, 'learning_rate': 0.06636786775734067, 'subsample': 0.7615081649181002, 'colsample_bytree': 0.5892525247516376, 'min_child_weight': 5, 'gamma': 2.7488800779824305e-05, 'reg_alpha': 0.1434754033913629, 'reg_lambda': 0.0021213203906002478}. Best is trial 30 with value: 0.3439042634507872.
[I 2024-12-04 14:52:54,582] Trial 22 finished with value: 0.4048084052713213 and parameters: {'n_estimators': 1368, 'max_depth': 9, 'learning_rate': 0.06408078102197586, 'subsample': 0.8430692483808621, 'colsample_bytree': 0.5227363583929259, 'min_child_weight': 3, 'gamma': 4.336843286437101e-05, 'reg_alpha': 2.8815516760795357e-05, 'reg_lambda': 0.001227322340620453}. Best is trial 30 with value: 0.3439042634507872.
[I 2024-12-04 14:52:54,995] Trial 27 finished with value: 0.3951448827840242 and parameters: {'n_estimators': 922, 'max_depth': 5, 'learning_rate': 0.030637783418264158, 'subsample': 0.8077430929975327, 'colsample_bytree': 0.7806189087643103, 'min_child_weight': 1, 'gamma': 7.167743194301686e-05, 'reg_alpha': 0.0041623137334314275, 'reg_lambda': 2.2756452435343652e-05}. Best is trial 30 with value: 0.3439042634507872.
[I 2024-12-04 14:52:58,924] Trial 36 finished with value: 0.38620137047764086 and parameters: {'n_estimators': 871, 'max_depth': 4, 'learning_rate': 0.03792410498954213, 'subsample': 0.7442083121915797, 'colsample_bytree': 0.9392539743582977, 'min_child_weight': 1, 'gamma': 0.00019411729329625585, 'reg_alpha': 6.64233162631171e-05, 'reg_lambda': 0.0033533204247414134}. Best is trial 30 with value: 0.3439042634507872.
[I 2024-12-04 14:53:01,476] Trial 35 finished with value: 0.4029217696257004 and parameters: {'n_estimators': 850, 'max_depth': 4, 'learning_rate': 0.03824088284102687, 'subsample': 0.7460067484878371, 'colsample_bytree': 0.9372628338124323, 'min_child_weight': 1, 'gamma': 0.00020244485997800656, 'reg_alpha': 7.059446284981575e-05, 'reg_lambda': 0.0027117741895876096}. Best is trial 30 with value: 0.3439042634507872.
[I 2024-12-04 14:53:03,543] Trial 33 finished with value: 0.39269601607118143 and parameters: {'n_estimators': 406, 'max_depth': 11, 'learning_rate': 0.06355865117435236, 'subsample': 0.8055317015503535, 'colsample_bytree': 0.6385246552191239, 'min_child_weight': 1, 'gamma': 0.00043552182415042604, 'reg_alpha': 2.5928520163157545e-05, 'reg_lambda': 0.003595790391027493}. Best is trial 30 with value: 0.3439042634507872.
[I 2024-12-04 14:53:05,012] Trial 37 finished with value: 0.36793296159239686 and parameters: {'n_estimators': 265, 'max_depth': 12, 'learning_rate': 0.07131329258091347, 'subsample': 0.8202650213892984, 'colsample_bytree': 0.5440720857023394, 'min_child_weight': 2, 'gamma': 8.190335174635465e-05, 'reg_alpha': 1.0318657652897218e-05, 'reg_lambda': 0.002189553436938542}. Best is trial 30 with value: 0.3439042634507872.
[I 2024-12-04 14:53:06,373] Trial 32 finished with value: 0.3980853875214888 and parameters: {'n_estimators': 871, 'max_depth': 4, 'learning_rate': 0.03787786056392873, 'subsample': 0.7438748904205846, 'colsample_bytree': 0.9391348392810726, 'min_child_weight': 1, 'gamma': 0.00019382168830326532, 'reg_alpha': 6.682651884551541e-05, 'reg_lambda': 0.0033486391180317554}. Best is trial 30 with value: 0.3439042634507872.
[I 2024-12-04 14:53:09,774] Trial 34 finished with value: 0.37341685766296073 and parameters: {'n_estimators': 265, 'max_depth': 12, 'learning_rate': 0.07128755357027126, 'subsample': 0.8203209184642837, 'colsample_bytree': 0.5443494853206682, 'min_child_weight': 2, 'gamma': 8.228599052907149e-05, 'reg_alpha': 1.0352345873367776e-05, 'reg_lambda': 0.002197587271039838}. Best is trial 30 with value: 0.3439042634507872.
[I 2024-12-04 14:53:11,748] Trial 47 finished with value: 0.3422877052405718 and parameters: {'n_estimators': 742, 'max_depth': 11, 'learning_rate': 0.05958177255568584, 'subsample': 0.7654054861057933, 'colsample_bytree': 0.7014752626554327, 'min_child_weight': 2, 'gamma': 0.002639097002427756, 'reg_alpha': 0.00021027146068004833, 'reg_lambda': 0.002025698597459382}. Best is trial 47 with value: 0.3422877052405718.
[I 2024-12-04 14:53:13,964] Trial 41 finished with value: 0.3402968451586706 and parameters: {'n_estimators': 742, 'max_depth': 11, 'learning_rate': 0.05945302948209656, 'subsample': 0.7651359840226761, 'colsample_bytree': 0.7023515873012178, 'min_child_weight': 2, 'gamma': 0.002639582578090975, 'reg_alpha': 0.0002112381933582909, 'reg_lambda': 0.0020219255639097374}. Best is trial 41 with value: 0.3402968451586706.
[I 2024-12-04 14:53:15,748] Trial 51 finished with value: 0.3334540725444451 and parameters: {'n_estimators': 727, 'max_depth': 11, 'learning_rate': 0.06592020441457708, 'subsample': 0.7473933420392274, 'colsample_bytree': 0.7355207011617553, 'min_child_weight': 2, 'gamma': 0.0033700945039242766, 'reg_alpha': 0.0001320229569228738, 'reg_lambda': 0.0030103253103299058}. Best is trial 51 with value: 0.3334540725444451.
[I 2024-12-04 14:53:15,792] Trial 39 finished with value: 0.44238076522184955 and parameters: {'n_estimators': 542, 'max_depth': 12, 'learning_rate': 0.1, 'subsample': 0.9257545508633962, 'colsample_bytree': 0.568897844231186, 'min_child_weight': 1, 'gamma': 0.00035282959566524947, 'reg_alpha': 1e-05, 'reg_lambda': 0.00037105382150633956}. Best is trial 51 with value: 0.3334540725444451.
[I 2024-12-04 14:53:18,172] Trial 45 finished with value: 0.4459707651428757 and parameters: {'n_estimators': 554, 'max_depth': 12, 'learning_rate': 0.1, 'subsample': 0.9118029586940328, 'colsample_bytree': 0.5666813398011218, 'min_child_weight': 1, 'gamma': 0.00035136712240741184, 'reg_alpha': 1e-05, 'reg_lambda': 0.0002856451762804355}. Best is trial 58 with value: 0.33036636618425197.
[I 2024-12-04 14:53:18,177] Trial 58 finished with value: 0.33036636618425197 and parameters: {'n_estimators': 727, 'max_depth': 11, 'learning_rate': 0.06591382622119737, 'subsample': 0.7470806677695017, 'colsample_bytree': 0.7349623975091127, 'min_child_weight': 2, 'gamma': 0.003366397898021737, 'reg_alpha': 0.00012979534136841765, 'reg_lambda': 0.00302452169950238}. Best is trial 58 with value: 0.33036636618425197.
[I 2024-12-04 14:53:19,691] Trial 52 finished with value: 0.3353451761417085 and parameters: {'n_estimators': 727, 'max_depth': 11, 'learning_rate': 0.06596367370195291, 'subsample': 0.7473139965750445, 'colsample_bytree': 0.7348450461639127, 'min_child_weight': 2, 'gamma': 0.003372222323533574, 'reg_alpha': 0.0001301577128007295, 'reg_lambda': 0.0030099212819068764}. Best is trial 58 with value: 0.33036636618425197.
[I 2024-12-04 14:53:20,818] Trial 60 finished with value: 0.329627170421163 and parameters: {'n_estimators': 728, 'max_depth': 11, 'learning_rate': 0.06581471064505165, 'subsample': 0.7471504861495152, 'colsample_bytree': 0.7357862406363289, 'min_child_weight': 2, 'gamma': 0.0033731479500041985, 'reg_alpha': 0.0001304244902439332, 'reg_lambda': 0.0030093285061154706}. Best is trial 60 with value: 0.329627170421163.
[I 2024-12-04 14:53:21,571] Trial 46 finished with value: 0.44305322717927 and parameters: {'n_estimators': 542, 'max_depth': 12, 'learning_rate': 0.1, 'subsample': 0.9257392033167076, 'colsample_bytree': 0.5688708441069822, 'min_child_weight': 1, 'gamma': 0.0003525833096761005, 'reg_alpha': 1e-05, 'reg_lambda': 0.00037142973007297505}. Best is trial 60 with value: 0.329627170421163.
[I 2024-12-04 14:53:22,660] Trial 53 finished with value: 0.33343008758327713 and parameters: {'n_estimators': 727, 'max_depth': 11, 'learning_rate': 0.06592015700656399, 'subsample': 0.7474530254199007, 'colsample_bytree': 0.7356141505741196, 'min_child_weight': 2, 'gamma': 0.00337044646306592, 'reg_alpha': 0.00013099516160447802, 'reg_lambda': 0.0030231801102574745}. Best is trial 60 with value: 0.329627170421163.
[W 2024-12-04 14:53:22,697] Trial 49 failed with parameters: {'n_estimators': 728, 'max_depth': 11, 'learning_rate': 0.06581608591179915, 'subsample': 0.7471582808393853, 'colsample_bytree': 0.735773809851584} because of the following error: StorageInternalError('An exception is raised during the commit. This typically happens due to invalid data in the commit, e.g. exceeding max length. ').
Traceback (most recent call last):
  File "/zhome/b1/0/88900/miniconda3/envs/critprops/lib/python3.9/site-packages/sqlalchemy/engine/base.py", line 1967, in _exec_single_context
    self.dialect.do_execute(
  File "/zhome/b1/0/88900/miniconda3/envs/critprops/lib/python3.9/site-packages/sqlalchemy/engine/default.py", line 941, in do_execute
    cursor.execute(statement, parameters)
sqlite3.OperationalError: database is locked

The above exception was the direct cause of the following exception:

Traceback (most recent call last):
  File "/zhome/b1/0/88900/miniconda3/envs/critprops/lib/python3.9/site-packages/optuna/storages/_rdb/storage.py", line 81, in _create_scoped_session
    session.commit()
  File "/zhome/b1/0/88900/miniconda3/envs/critprops/lib/python3.9/site-packages/sqlalchemy/orm/session.py", line 2028, in commit
    trans.commit(_to_root=True)
  File "<string>", line 2, in commit
  File "/zhome/b1/0/88900/miniconda3/envs/critprops/lib/python3.9/site-packages/sqlalchemy/orm/state_changes.py", line 139, in _go
    ret_value = fn(self, *arg, **kw)
  File "/zhome/b1/0/88900/miniconda3/envs/critprops/lib/python3.9/site-packages/sqlalchemy/orm/session.py", line 1313, in commit
    self._prepare_impl()
  File "<string>", line 2, in _prepare_impl
  File "/zhome/b1/0/88900/miniconda3/envs/critprops/lib/python3.9/site-packages/sqlalchemy/orm/state_changes.py", line 139, in _go
    ret_value = fn(self, *arg, **kw)
  File "/zhome/b1/0/88900/miniconda3/envs/critprops/lib/python3.9/site-packages/sqlalchemy/orm/session.py", line 1288, in _prepare_impl
    self.session.flush()
  File "/zhome/b1/0/88900/miniconda3/envs/critprops/lib/python3.9/site-packages/sqlalchemy/orm/session.py", line 4352, in flush
    self._flush(objects)
  File "/zhome/b1/0/88900/miniconda3/envs/critprops/lib/python3.9/site-packages/sqlalchemy/orm/session.py", line 4488, in _flush
    transaction.rollback(_capture_exception=True)
  File "/zhome/b1/0/88900/miniconda3/envs/critprops/lib/python3.9/site-packages/sqlalchemy/util/langhelpers.py", line 146, in __exit__
    raise exc_value.with_traceback(exc_tb)
  File "/zhome/b1/0/88900/miniconda3/envs/critprops/lib/python3.9/site-packages/sqlalchemy/orm/session.py", line 4448, in _flush
    flush_context.execute()
  File "/zhome/b1/0/88900/miniconda3/envs/critprops/lib/python3.9/site-packages/sqlalchemy/orm/unitofwork.py", line 466, in execute
    rec.execute(self)
  File "/zhome/b1/0/88900/miniconda3/envs/critprops/lib/python3.9/site-packages/sqlalchemy/orm/unitofwork.py", line 642, in execute
    util.preloaded.orm_persistence.save_obj(
  File "/zhome/b1/0/88900/miniconda3/envs/critprops/lib/python3.9/site-packages/sqlalchemy/orm/persistence.py", line 93, in save_obj
    _emit_insert_statements(
  File "/zhome/b1/0/88900/miniconda3/envs/critprops/lib/python3.9/site-packages/sqlalchemy/orm/persistence.py", line 1233, in _emit_insert_statements
    result = connection.execute(
  File "/zhome/b1/0/88900/miniconda3/envs/critprops/lib/python3.9/site-packages/sqlalchemy/engine/base.py", line 1418, in execute
    return meth(
  File "/zhome/b1/0/88900/miniconda3/envs/critprops/lib/python3.9/site-packages/sqlalchemy/sql/elements.py", line 515, in _execute_on_connection
    return connection._execute_clauseelement(
  File "/zhome/b1/0/88900/miniconda3/envs/critprops/lib/python3.9/site-packages/sqlalchemy/engine/base.py", line 1640, in _execute_clauseelement
    ret = self._execute_context(
  File "/zhome/b1/0/88900/miniconda3/envs/critprops/lib/python3.9/site-packages/sqlalchemy/engine/base.py", line 1846, in _execute_context
    return self._exec_single_context(
  File "/zhome/b1/0/88900/miniconda3/envs/critprops/lib/python3.9/site-packages/sqlalchemy/engine/base.py", line 1986, in _exec_single_context
    self._handle_dbapi_exception(
  File "/zhome/b1/0/88900/miniconda3/envs/critprops/lib/python3.9/site-packages/sqlalchemy/engine/base.py", line 2355, in _handle_dbapi_exception
    raise sqlalchemy_exception.with_traceback(exc_info[2]) from e
  File "/zhome/b1/0/88900/miniconda3/envs/critprops/lib/python3.9/site-packages/sqlalchemy/engine/base.py", line 1967, in _exec_single_context
    self.dialect.do_execute(
  File "/zhome/b1/0/88900/miniconda3/envs/critprops/lib/python3.9/site-packages/sqlalchemy/engine/default.py", line 941, in do_execute
    cursor.execute(statement, parameters)
sqlalchemy.exc.OperationalError: (sqlite3.OperationalError) database is locked
[SQL: INSERT INTO trial_params (trial_id, param_name, param_value, distribution_json) VALUES (?, ?, ?, ?)]
[parameters: (50, 'min_child_weight', 2.0, '{"name": "IntDistribution", "attributes": {"log": false, "step": 1, "low": 1, "high": 5}}')]
(Background on this error at: https://sqlalche.me/e/20/e3q8)

The above exception was the direct cause of the following exception:

Traceback (most recent call last):
  File "/zhome/b1/0/88900/miniconda3/envs/critprops/lib/python3.9/site-packages/optuna/study/_optimize.py", line 197, in _run_trial
    value_or_values = func(trial)
  File "/zhome/b1/0/88900/Documents/fair_gc/src/optims.py", line 242, in objective
    params = {
  File "/zhome/b1/0/88900/Documents/fair_gc/src/optims.py", line 243, in <dictcomp>
    name: suggest_fn(trial, name)
  File "/zhome/b1/0/88900/Documents/fair_gc/src/optims.py", line 164, in <lambda>
    return lambda trial, name: trial.suggest_int(
  File "/zhome/b1/0/88900/miniconda3/envs/critprops/lib/python3.9/site-packages/optuna/_convert_positional_args.py", line 83, in converter_wrapper
    return func(**kwargs)  # type: ignore[call-arg]
  File "/zhome/b1/0/88900/miniconda3/envs/critprops/lib/python3.9/site-packages/optuna/trial/_trial.py", line 324, in suggest_int
    suggested_value = int(self._suggest(name, distribution))
  File "/zhome/b1/0/88900/miniconda3/envs/critprops/lib/python3.9/site-packages/optuna/trial/_trial.py", line 637, in _suggest
    storage.set_trial_param(trial_id, name, param_value_in_internal_repr, distribution)
  File "/zhome/b1/0/88900/miniconda3/envs/critprops/lib/python3.9/site-packages/optuna/storages/_cached_storage.py", line 171, in set_trial_param
    self._backend.set_trial_param(trial_id, param_name, param_value_internal, distribution)
  File "/zhome/b1/0/88900/miniconda3/envs/critprops/lib/python3.9/site-packages/optuna/storages/_rdb/storage.py", line 585, in set_trial_param
    self._set_trial_param_without_commit(
  File "/zhome/b1/0/88900/miniconda3/envs/critprops/lib/python3.9/contextlib.py", line 126, in __exit__
    next(self.gen)
  File "/zhome/b1/0/88900/miniconda3/envs/critprops/lib/python3.9/site-packages/optuna/storages/_rdb/storage.py", line 98, in _create_scoped_session
    raise optuna.exceptions.StorageInternalError(message) from e
optuna.exceptions.StorageInternalError: An exception is raised during the commit. This typically happens due to invalid data in the commit, e.g. exceeding max length. 
[W 2024-12-04 14:53:22,739] Trial 49 failed with value None.
[I 2024-12-04 14:53:23,415] Trial 55 finished with value: 0.33026615170905066 and parameters: {'n_estimators': 727, 'max_depth': 11, 'learning_rate': 0.06593279655980758, 'subsample': 0.7471518077154164, 'colsample_bytree': 0.7352283226325267, 'min_child_weight': 2, 'gamma': 0.0033741467319758256, 'reg_alpha': 0.00013009599905742307, 'reg_lambda': 0.003023846004754392}. Best is trial 60 with value: 0.329627170421163.
[I 2024-12-04 14:53:24,426] Trial 38 finished with value: 0.4470610776202231 and parameters: {'n_estimators': 554, 'max_depth': 12, 'learning_rate': 0.1, 'subsample': 0.9117588435817368, 'colsample_bytree': 0.5671609866093643, 'min_child_weight': 1, 'gamma': 0.00035070351829234953, 'reg_alpha': 1e-05, 'reg_lambda': 0.00028522442273029553}. Best is trial 60 with value: 0.329627170421163.
[I 2024-12-04 14:53:24,687] Trial 59 finished with value: 0.33605645873805495 and parameters: {'n_estimators': 727, 'max_depth': 11, 'learning_rate': 0.06597311059871096, 'subsample': 0.747159670891771, 'colsample_bytree': 0.7346231157794695, 'min_child_weight': 2, 'gamma': 0.0033649998866726286, 'reg_alpha': 0.00013081899661296817, 'reg_lambda': 0.0030192080730124166}. Best is trial 60 with value: 0.329627170421163.
[I 2024-12-04 14:53:24,688] Trial 50 finished with value: 0.3429156394152219 and parameters: {'n_estimators': 742, 'max_depth': 11, 'learning_rate': 0.05940548950255222, 'subsample': 0.7654434776582673, 'colsample_bytree': 0.7022607114684931, 'min_child_weight': 2, 'gamma': 0.0026390730118166133, 'reg_alpha': 0.0002101598641537825, 'reg_lambda': 0.002035814261411927}. Best is trial 60 with value: 0.329627170421163.
[I 2024-12-04 14:53:24,716] Trial 40 finished with value: 0.44000358793217303 and parameters: {'n_estimators': 547, 'max_depth': 12, 'learning_rate': 0.1, 'subsample': 0.9132779446949746, 'colsample_bytree': 0.5651082740306335, 'min_child_weight': 1, 'gamma': 0.0003695621444731151, 'reg_alpha': 1e-05, 'reg_lambda': 0.00028602343834799787}. Best is trial 60 with value: 0.329627170421163.
[I 2024-12-04 14:53:24,768] Trial 61 finished with value: 0.3372880495124324 and parameters: {'n_estimators': 722, 'max_depth': 12, 'learning_rate': 0.06642980244374966, 'subsample': 0.7567474718292606, 'colsample_bytree': 0.6910536436782799, 'min_child_weight': 2, 'gamma': 0.003910234275751199, 'reg_alpha': 0.0002547015954656662, 'reg_lambda': 0.0016400094425618255}. Best is trial 60 with value: 0.329627170421163.
[I 2024-12-04 14:53:24,790] Trial 44 finished with value: 0.44223302099349965 and parameters: {'n_estimators': 542, 'max_depth': 12, 'learning_rate': 0.1, 'subsample': 0.9257744219830397, 'colsample_bytree': 0.5693069302898431, 'min_child_weight': 1, 'gamma': 0.0003529399179994006, 'reg_alpha': 1e-05, 'reg_lambda': 0.00036957505326746935}. Best is trial 60 with value: 0.329627170421163.
[I 2024-12-04 14:53:24,835] Trial 42 finished with value: 0.4427579290920771 and parameters: {'n_estimators': 542, 'max_depth': 12, 'learning_rate': 0.1, 'subsample': 0.9257718821819826, 'colsample_bytree': 0.5693083935083847, 'min_child_weight': 1, 'gamma': 0.00035307300392264387, 'reg_alpha': 1e-05, 'reg_lambda': 0.00036969080455789274}. Best is trial 54 with value: 0.3288740259534108.
[I 2024-12-04 14:53:24,919] Trial 54 finished with value: 0.3288740259534108 and parameters: {'n_estimators': 727, 'max_depth': 11, 'learning_rate': 0.06591325457895426, 'subsample': 0.7470699635947499, 'colsample_bytree': 0.73512511560131, 'min_child_weight': 2, 'gamma': 0.003368740782503558, 'reg_alpha': 0.0001299551216521953, 'reg_lambda': 0.0030247807774305907}. Best is trial 54 with value: 0.3288740259534108.
[I 2024-12-04 14:53:25,135] Trial 56 finished with value: 0.32846376024145274 and parameters: {'n_estimators': 727, 'max_depth': 11, 'learning_rate': 0.06592307659221348, 'subsample': 0.7471891916596785, 'colsample_bytree': 0.7348536809992902, 'min_child_weight': 2, 'gamma': 0.003365335124998021, 'reg_alpha': 0.00012972122196847112, 'reg_lambda': 0.003017987692160208}. Best is trial 56 with value: 0.32846376024145274.
[I 2024-12-04 14:53:25,474] Trial 62 finished with value: 0.33787476601733396 and parameters: {'n_estimators': 722, 'max_depth': 12, 'learning_rate': 0.06635992513103842, 'subsample': 0.7570412217977409, 'colsample_bytree': 0.6915019298507358, 'min_child_weight': 2, 'gamma': 0.003927821386408919, 'reg_alpha': 0.0002543651743683834, 'reg_lambda': 0.0016399244446481476}. Best is trial 56 with value: 0.32846376024145274.
[I 2024-12-04 14:53:25,575] Trial 63 finished with value: 0.3332057693612659 and parameters: {'n_estimators': 722, 'max_depth': 12, 'learning_rate': 0.06642647411245743, 'subsample': 0.7567124157859424, 'colsample_bytree': 0.6911008919635399, 'min_child_weight': 2, 'gamma': 0.003908042999044315, 'reg_alpha': 0.0002543497872153914, 'reg_lambda': 0.0016411767225374726}. Best is trial 56 with value: 0.32846376024145274.
[I 2024-12-04 14:53:26,115] Trial 57 finished with value: 0.34344279569649383 and parameters: {'n_estimators': 722, 'max_depth': 12, 'learning_rate': 0.06641472192038637, 'subsample': 0.756783389055839, 'colsample_bytree': 0.6905189280684094, 'min_child_weight': 2, 'gamma': 0.003906807171667954, 'reg_alpha': 0.0002547523696995594, 'reg_lambda': 0.0016382624706797954}. Best is trial 56 with value: 0.32846376024145274.
[I 2024-12-04 14:53:26,372] Trial 48 finished with value: 0.32939832894934495 and parameters: {'n_estimators': 727, 'max_depth': 11, 'learning_rate': 0.06591483791265823, 'subsample': 0.7471219387743585, 'colsample_bytree': 0.7348069945647902, 'min_child_weight': 2, 'gamma': 0.0033644053908799395, 'reg_alpha': 0.00012967516640020416, 'reg_lambda': 0.0030250564724888123}. Best is trial 56 with value: 0.32846376024145274.
[I 2024-12-04 14:53:27,471] Trial 65 finished with value: 0.355555338047676 and parameters: {'n_estimators': 772, 'max_depth': 12, 'learning_rate': 0.050309963466929924, 'subsample': 0.7772535192450022, 'colsample_bytree': 0.5429567449099076, 'min_child_weight': 2, 'gamma': 0.00013205157216471892, 'reg_alpha': 0.000308760749921306, 'reg_lambda': 0.024978640164743285}. Best is trial 56 with value: 0.32846376024145274.
[I 2024-12-04 14:53:27,488] Trial 64 finished with value: 0.34922290024224084 and parameters: {'n_estimators': 777, 'max_depth': 12, 'learning_rate': 0.04883694851948846, 'subsample': 0.7691792562373514, 'colsample_bytree': 0.5991561924890856, 'min_child_weight': 2, 'gamma': 0.00020879681117692896, 'reg_alpha': 0.00028894377546802926, 'reg_lambda': 0.0316231519707755}. Best is trial 56 with value: 0.32846376024145274.
[I 2024-12-04 14:53:28,207] Trial 67 finished with value: 0.3562974296990857 and parameters: {'n_estimators': 789, 'max_depth': 12, 'learning_rate': 0.05018364870878557, 'subsample': 0.7670370450943782, 'colsample_bytree': 0.5292224785948693, 'min_child_weight': 2, 'gamma': 0.00014956924695413816, 'reg_alpha': 0.0003053031018167399, 'reg_lambda': 0.030597075676707403}. Best is trial 56 with value: 0.32846376024145274.
[I 2024-12-04 14:53:29,604] Trial 68 finished with value: 0.3564295735660239 and parameters: {'n_estimators': 787, 'max_depth': 12, 'learning_rate': 0.05014161809194871, 'subsample': 0.7689589328955309, 'colsample_bytree': 0.5219903572147606, 'min_child_weight': 2, 'gamma': 0.00015244825612967898, 'reg_alpha': 0.00031692423516353784, 'reg_lambda': 0.024771573491624756}. Best is trial 56 with value: 0.32846376024145274.
[I 2024-12-04 14:53:29,804] Trial 66 finished with value: 0.3487529461771889 and parameters: {'n_estimators': 773, 'max_depth': 12, 'learning_rate': 0.050015783046597005, 'subsample': 0.7815946192947717, 'colsample_bytree': 0.5408432125522201, 'min_child_weight': 2, 'gamma': 0.0001242370701682264, 'reg_alpha': 0.00029472385420441216, 'reg_lambda': 0.022720683370495556}. Best is trial 56 with value: 0.32846376024145274.
[I 2024-12-04 14:53:30,348] Trial 69 finished with value: 0.359628215814844 and parameters: {'n_estimators': 779, 'max_depth': 12, 'learning_rate': 0.050054290046597325, 'subsample': 0.7753968612728542, 'colsample_bytree': 0.5189971622091275, 'min_child_weight': 2, 'gamma': 0.0001350065687674953, 'reg_alpha': 0.00032620231796593667, 'reg_lambda': 0.021689430070520065}. Best is trial 56 with value: 0.32846376024145274.
[I 2024-12-04 14:53:30,443] Trial 70 finished with value: 0.3576870392617412 and parameters: {'n_estimators': 766, 'max_depth': 12, 'learning_rate': 0.047083639583450784, 'subsample': 0.7856747722760543, 'colsample_bytree': 0.5, 'min_child_weight': 2, 'gamma': 4.5589478223133375e-05, 'reg_alpha': 0.0025239283440008312, 'reg_lambda': 0.02202794780754587}. Best is trial 56 with value: 0.32846376024145274.
[I 2024-12-04 14:53:33,104] Trial 77 finished with value: 0.35150514916069947 and parameters: {'n_estimators': 648, 'max_depth': 12, 'learning_rate': 0.06841240208564393, 'subsample': 0.7, 'colsample_bytree': 0.8367066682496833, 'min_child_weight': 2, 'gamma': 0.06048729488414722, 'reg_alpha': 0.000835803495005449, 'reg_lambda': 0.5}. Best is trial 56 with value: 0.32846376024145274.
[I 2024-12-04 14:53:33,148] Trial 71 finished with value: 0.35526470032866725 and parameters: {'n_estimators': 769, 'max_depth': 12, 'learning_rate': 0.047436067568713554, 'subsample': 0.7850696698370415, 'colsample_bytree': 0.5, 'min_child_weight': 2, 'gamma': 3.086223614765802e-05, 'reg_alpha': 0.0036690645217988924, 'reg_lambda': 0.04234831975036687}. Best is trial 56 with value: 0.32846376024145274.
[I 2024-12-04 14:53:33,440] Trial 75 finished with value: 0.333101670300181 and parameters: {'n_estimators': 653, 'max_depth': 12, 'learning_rate': 0.06429673163201144, 'subsample': 0.7, 'colsample_bytree': 0.8474497666313219, 'min_child_weight': 2, 'gamma': 0.029308347267975765, 'reg_alpha': 0.0015542665425207858, 'reg_lambda': 0.5}. Best is trial 56 with value: 0.32846376024145274.
[I 2024-12-04 14:53:33,457] Trial 72 finished with value: 0.33298608463679724 and parameters: {'n_estimators': 681, 'max_depth': 12, 'learning_rate': 0.05707049430958113, 'subsample': 0.7, 'colsample_bytree': 0.6459858796856193, 'min_child_weight': 2, 'gamma': 0.00015369061760085937, 'reg_alpha': 0.027276912224047895, 'reg_lambda': 0.5}. Best is trial 56 with value: 0.32846376024145274.
[I 2024-12-04 14:53:33,758] Trial 43 finished with value: 0.429281949658879 and parameters: {'n_estimators': 638, 'max_depth': 12, 'learning_rate': 0.06996559802343529, 'subsample': 0.9125793724006498, 'colsample_bytree': 0.5902861940623072, 'min_child_weight': 1, 'gamma': 0.0002077998200003662, 'reg_alpha': 1e-05, 'reg_lambda': 0.033764580327545236}. Best is trial 56 with value: 0.32846376024145274.
[I 2024-12-04 14:53:33,768] Trial 73 finished with value: 0.33658473612474904 and parameters: {'n_estimators': 681, 'max_depth': 12, 'learning_rate': 0.05713629180356377, 'subsample': 0.7, 'colsample_bytree': 0.6408293019285672, 'min_child_weight': 2, 'gamma': 0.00014976682846636278, 'reg_alpha': 0.026642646908486483, 'reg_lambda': 0.5}. Best is trial 56 with value: 0.32846376024145274.
[I 2024-12-04 14:53:33,872] Trial 76 finished with value: 0.3398757667902764 and parameters: {'n_estimators': 649, 'max_depth': 12, 'learning_rate': 0.06499551490564555, 'subsample': 0.7, 'colsample_bytree': 0.8398968807900158, 'min_child_weight': 2, 'gamma': 0.03323264131161946, 'reg_alpha': 0.0019116420088476848, 'reg_lambda': 0.5}. Best is trial 56 with value: 0.32846376024145274.
[I 2024-12-04 14:53:33,927] Trial 79 finished with value: 0.34887056343084577 and parameters: {'n_estimators': 644, 'max_depth': 12, 'learning_rate': 0.07044470793581135, 'subsample': 0.7, 'colsample_bytree': 0.8283224208831037, 'min_child_weight': 2, 'gamma': 0.07812543095415266, 'reg_alpha': 0.0009041572429010407, 'reg_lambda': 0.5}. Best is trial 56 with value: 0.32846376024145274.
[I 2024-12-04 14:53:34,060] Trial 78 finished with value: 0.3435661773359526 and parameters: {'n_estimators': 646, 'max_depth': 12, 'learning_rate': 0.07116503313899025, 'subsample': 0.7, 'colsample_bytree': 0.8240278810430668, 'min_child_weight': 2, 'gamma': 0.071587680877098, 'reg_alpha': 0.0007336958224356664, 'reg_lambda': 0.5}. Best is trial 56 with value: 0.32846376024145274.
[I 2024-12-04 14:53:34,115] Trial 74 finished with value: 0.3428242232972738 and parameters: {'n_estimators': 653, 'max_depth': 12, 'learning_rate': 0.06439298378243767, 'subsample': 0.7, 'colsample_bytree': 0.8471428506360508, 'min_child_weight': 2, 'gamma': 0.02879199578051748, 'reg_alpha': 0.001562730407939191, 'reg_lambda': 0.5}. Best is trial 56 with value: 0.32846376024145274.
Traceback (most recent call last):
  File "/zhome/b1/0/88900/miniconda3/envs/critprops/lib/python3.9/site-packages/sqlalchemy/engine/base.py", line 1967, in _exec_single_context
    self.dialect.do_execute(
  File "/zhome/b1/0/88900/miniconda3/envs/critprops/lib/python3.9/site-packages/sqlalchemy/engine/default.py", line 941, in do_execute
    cursor.execute(statement, parameters)
sqlite3.OperationalError: database is locked

The above exception was the direct cause of the following exception:

Traceback (most recent call last):
  File "/zhome/b1/0/88900/miniconda3/envs/critprops/lib/python3.9/site-packages/optuna/storages/_rdb/storage.py", line 81, in _create_scoped_session
    session.commit()
  File "/zhome/b1/0/88900/miniconda3/envs/critprops/lib/python3.9/site-packages/sqlalchemy/orm/session.py", line 2028, in commit
    trans.commit(_to_root=True)
  File "<string>", line 2, in commit
  File "/zhome/b1/0/88900/miniconda3/envs/critprops/lib/python3.9/site-packages/sqlalchemy/orm/state_changes.py", line 139, in _go
    ret_value = fn(self, *arg, **kw)
  File "/zhome/b1/0/88900/miniconda3/envs/critprops/lib/python3.9/site-packages/sqlalchemy/orm/session.py", line 1313, in commit
    self._prepare_impl()
  File "<string>", line 2, in _prepare_impl
  File "/zhome/b1/0/88900/miniconda3/envs/critprops/lib/python3.9/site-packages/sqlalchemy/orm/state_changes.py", line 139, in _go
    ret_value = fn(self, *arg, **kw)
  File "/zhome/b1/0/88900/miniconda3/envs/critprops/lib/python3.9/site-packages/sqlalchemy/orm/session.py", line 1288, in _prepare_impl
    self.session.flush()
  File "/zhome/b1/0/88900/miniconda3/envs/critprops/lib/python3.9/site-packages/sqlalchemy/orm/session.py", line 4352, in flush
    self._flush(objects)
  File "/zhome/b1/0/88900/miniconda3/envs/critprops/lib/python3.9/site-packages/sqlalchemy/orm/session.py", line 4488, in _flush
    transaction.rollback(_capture_exception=True)
  File "/zhome/b1/0/88900/miniconda3/envs/critprops/lib/python3.9/site-packages/sqlalchemy/util/langhelpers.py", line 146, in __exit__
    raise exc_value.with_traceback(exc_tb)
  File "/zhome/b1/0/88900/miniconda3/envs/critprops/lib/python3.9/site-packages/sqlalchemy/orm/session.py", line 4448, in _flush
    flush_context.execute()
  File "/zhome/b1/0/88900/miniconda3/envs/critprops/lib/python3.9/site-packages/sqlalchemy/orm/unitofwork.py", line 466, in execute
    rec.execute(self)
  File "/zhome/b1/0/88900/miniconda3/envs/critprops/lib/python3.9/site-packages/sqlalchemy/orm/unitofwork.py", line 642, in execute
    util.preloaded.orm_persistence.save_obj(
  File "/zhome/b1/0/88900/miniconda3/envs/critprops/lib/python3.9/site-packages/sqlalchemy/orm/persistence.py", line 93, in save_obj
    _emit_insert_statements(
  File "/zhome/b1/0/88900/miniconda3/envs/critprops/lib/python3.9/site-packages/sqlalchemy/orm/persistence.py", line 1233, in _emit_insert_statements
    result = connection.execute(
  File "/zhome/b1/0/88900/miniconda3/envs/critprops/lib/python3.9/site-packages/sqlalchemy/engine/base.py", line 1418, in execute
    return meth(
  File "/zhome/b1/0/88900/miniconda3/envs/critprops/lib/python3.9/site-packages/sqlalchemy/sql/elements.py", line 515, in _execute_on_connection
    return connection._execute_clauseelement(
  File "/zhome/b1/0/88900/miniconda3/envs/critprops/lib/python3.9/site-packages/sqlalchemy/engine/base.py", line 1640, in _execute_clauseelement
    ret = self._execute_context(
  File "/zhome/b1/0/88900/miniconda3/envs/critprops/lib/python3.9/site-packages/sqlalchemy/engine/base.py", line 1846, in _execute_context
    return self._exec_single_context(
  File "/zhome/b1/0/88900/miniconda3/envs/critprops/lib/python3.9/site-packages/sqlalchemy/engine/base.py", line 1986, in _exec_single_context
    self._handle_dbapi_exception(
  File "/zhome/b1/0/88900/miniconda3/envs/critprops/lib/python3.9/site-packages/sqlalchemy/engine/base.py", line 2355, in _handle_dbapi_exception
    raise sqlalchemy_exception.with_traceback(exc_info[2]) from e
  File "/zhome/b1/0/88900/miniconda3/envs/critprops/lib/python3.9/site-packages/sqlalchemy/engine/base.py", line 1967, in _exec_single_context
    self.dialect.do_execute(
  File "/zhome/b1/0/88900/miniconda3/envs/critprops/lib/python3.9/site-packages/sqlalchemy/engine/default.py", line 941, in do_execute
    cursor.execute(statement, parameters)
sqlalchemy.exc.OperationalError: (sqlite3.OperationalError) database is locked
[SQL: INSERT INTO trial_params (trial_id, param_name, param_value, distribution_json) VALUES (?, ?, ?, ?)]
[parameters: (50, 'min_child_weight', 2.0, '{"name": "IntDistribution", "attributes": {"log": false, "step": 1, "low": 1, "high": 5}}')]
(Background on this error at: https://sqlalche.me/e/20/e3q8)

The above exception was the direct cause of the following exception:

Traceback (most recent call last):
  File "/zhome/b1/0/88900/Documents/fair_gc/gc_ml.py", line 79, in <module>
    study, best_model = create_hyperparameter_optimizer(
  File "/zhome/b1/0/88900/Documents/fair_gc/src/optims.py", line 275, in create_hyperparameter_optimizer
    study.optimize(objective, n_trials=n_trials, n_jobs=n_jobs)
  File "/zhome/b1/0/88900/miniconda3/envs/critprops/lib/python3.9/site-packages/optuna/study/study.py", line 475, in optimize
    _optimize(
  File "/zhome/b1/0/88900/miniconda3/envs/critprops/lib/python3.9/site-packages/optuna/study/_optimize.py", line 100, in _optimize
    f.result()
  File "/zhome/b1/0/88900/miniconda3/envs/critprops/lib/python3.9/concurrent/futures/_base.py", line 439, in result
    return self.__get_result()
  File "/zhome/b1/0/88900/miniconda3/envs/critprops/lib/python3.9/concurrent/futures/_base.py", line 391, in __get_result
    raise self._exception
  File "/zhome/b1/0/88900/miniconda3/envs/critprops/lib/python3.9/concurrent/futures/thread.py", line 58, in run
    result = self.fn(*self.args, **self.kwargs)
  File "/zhome/b1/0/88900/miniconda3/envs/critprops/lib/python3.9/site-packages/optuna/study/_optimize.py", line 160, in _optimize_sequential
    frozen_trial = _run_trial(study, func, catch)
  File "/zhome/b1/0/88900/miniconda3/envs/critprops/lib/python3.9/site-packages/optuna/study/_optimize.py", line 248, in _run_trial
    raise func_err
  File "/zhome/b1/0/88900/miniconda3/envs/critprops/lib/python3.9/site-packages/optuna/study/_optimize.py", line 197, in _run_trial
    value_or_values = func(trial)
  File "/zhome/b1/0/88900/Documents/fair_gc/src/optims.py", line 242, in objective
    params = {
  File "/zhome/b1/0/88900/Documents/fair_gc/src/optims.py", line 243, in <dictcomp>
    name: suggest_fn(trial, name)
  File "/zhome/b1/0/88900/Documents/fair_gc/src/optims.py", line 164, in <lambda>
    return lambda trial, name: trial.suggest_int(
  File "/zhome/b1/0/88900/miniconda3/envs/critprops/lib/python3.9/site-packages/optuna/_convert_positional_args.py", line 83, in converter_wrapper
    return func(**kwargs)  # type: ignore[call-arg]
  File "/zhome/b1/0/88900/miniconda3/envs/critprops/lib/python3.9/site-packages/optuna/trial/_trial.py", line 324, in suggest_int
    suggested_value = int(self._suggest(name, distribution))
  File "/zhome/b1/0/88900/miniconda3/envs/critprops/lib/python3.9/site-packages/optuna/trial/_trial.py", line 637, in _suggest
    storage.set_trial_param(trial_id, name, param_value_in_internal_repr, distribution)
  File "/zhome/b1/0/88900/miniconda3/envs/critprops/lib/python3.9/site-packages/optuna/storages/_cached_storage.py", line 171, in set_trial_param
    self._backend.set_trial_param(trial_id, param_name, param_value_internal, distribution)
  File "/zhome/b1/0/88900/miniconda3/envs/critprops/lib/python3.9/site-packages/optuna/storages/_rdb/storage.py", line 585, in set_trial_param
    self._set_trial_param_without_commit(
  File "/zhome/b1/0/88900/miniconda3/envs/critprops/lib/python3.9/contextlib.py", line 126, in __exit__
    next(self.gen)
  File "/zhome/b1/0/88900/miniconda3/envs/critprops/lib/python3.9/site-packages/optuna/storages/_rdb/storage.py", line 98, in _create_scoped_session
    raise optuna.exceptions.StorageInternalError(message) from e
optuna.exceptions.StorageInternalError: An exception is raised during the commit. This typically happens due to invalid data in the commit, e.g. exceeding max length. 
