[I 2024-12-04 16:17:41,695] Using an existing study with name 'Tc_xgb' instead of creating a new one.
[I 2024-12-04 16:17:48,840] Trial 303 finished with value: 0.25413065179626787 and parameters: {'n_estimators': 1303, 'max_depth': 3, 'learning_rate': 0.083958250454448, 'subsample': 0.7376297976324235, 'colsample_bytree': 0.5974353367139196, 'min_child_weight': 1, 'gamma': 6.142823000182308e-05, 'reg_alpha': 1.1369669635395673e-05, 'reg_lambda': 2.2189810544572152e-05}. Best is trial 276 with value: 0.22881696398411586.
[I 2024-12-04 16:17:49,765] Trial 293 finished with value: 0.2430584424970193 and parameters: {'n_estimators': 1481, 'max_depth': 3, 'learning_rate': 0.0833300881537546, 'subsample': 0.7243273042542397, 'colsample_bytree': 0.5981005852251218, 'min_child_weight': 1, 'gamma': 0.0017166937914219985, 'reg_alpha': 2.1802085337665868e-05, 'reg_lambda': 0.0006661015735191672}. Best is trial 276 with value: 0.22881696398411586.
[I 2024-12-04 16:17:52,643] Trial 298 finished with value: 0.24028918787375195 and parameters: {'n_estimators': 1481, 'max_depth': 3, 'learning_rate': 0.09080002368490186, 'subsample': 0.7549098792723484, 'colsample_bytree': 0.5424946156645822, 'min_child_weight': 1, 'gamma': 0.0002029406227431675, 'reg_alpha': 0.0001382728442812003, 'reg_lambda': 7.12613278706602e-05}. Best is trial 276 with value: 0.22881696398411586.
[I 2024-12-04 16:17:52,962] Trial 296 finished with value: 0.2426825401644403 and parameters: {'n_estimators': 1388, 'max_depth': 3, 'learning_rate': 0.08712717873897388, 'subsample': 0.7544969950335562, 'colsample_bytree': 0.5587658698349431, 'min_child_weight': 1, 'gamma': 0.011382551178122832, 'reg_alpha': 1.0427443865070599e-05, 'reg_lambda': 0.00010824309420890936}. Best is trial 276 with value: 0.22881696398411586.
[I 2024-12-04 16:17:54,383] Trial 306 finished with value: 0.25434174436721685 and parameters: {'n_estimators': 1189, 'max_depth': 3, 'learning_rate': 0.08272180660925807, 'subsample': 0.7188194544838226, 'colsample_bytree': 0.6419006620697048, 'min_child_weight': 1, 'gamma': 0.0007661558143522549, 'reg_alpha': 1.597214824795017e-05, 'reg_lambda': 7.589716813394845e-05}. Best is trial 276 with value: 0.22881696398411586.
[I 2024-12-04 16:17:55,055] Trial 295 finished with value: 0.2436487252304983 and parameters: {'n_estimators': 1449, 'max_depth': 3, 'learning_rate': 0.08479522404802363, 'subsample': 0.7145981919818137, 'colsample_bytree': 0.5389202998455627, 'min_child_weight': 1, 'gamma': 0.0001453983698009984, 'reg_alpha': 7.957629671470229e-05, 'reg_lambda': 6.322618670971181e-05}. Best is trial 276 with value: 0.22881696398411586.
[I 2024-12-04 16:17:55,583] Trial 301 finished with value: 0.24540850036580153 and parameters: {'n_estimators': 1374, 'max_depth': 3, 'learning_rate': 0.08298854869232639, 'subsample': 0.7062117132727603, 'colsample_bytree': 0.5401895481455024, 'min_child_weight': 1, 'gamma': 0.0017444289695903437, 'reg_alpha': 2.078194554286561e-05, 'reg_lambda': 9.874694250433187e-05}. Best is trial 276 with value: 0.22881696398411586.
[I 2024-12-04 16:17:55,645] Trial 320 finished with value: 0.2482783425895574 and parameters: {'n_estimators': 1345, 'max_depth': 5, 'learning_rate': 0.09556658789817708, 'subsample': 0.7260211834295928, 'colsample_bytree': 0.5755946493314721, 'min_child_weight': 1, 'gamma': 0.0012399080737770644, 'reg_alpha': 3.060354704489914e-05, 'reg_lambda': 0.0003378718172835659}. Best is trial 276 with value: 0.22881696398411586.
[I 2024-12-04 16:17:55,902] Trial 305 finished with value: 0.24567258329767708 and parameters: {'n_estimators': 1310, 'max_depth': 4, 'learning_rate': 0.09247907069721564, 'subsample': 0.7397315097956869, 'colsample_bytree': 0.6067806560209217, 'min_child_weight': 1, 'gamma': 0.002063979412265571, 'reg_alpha': 1.282738187737498e-05, 'reg_lambda': 8.001599954447375e-05}. Best is trial 276 with value: 0.22881696398411586.
[I 2024-12-04 16:17:56,028] Trial 294 finished with value: 0.2767105914754052 and parameters: {'n_estimators': 1314, 'max_depth': 4, 'learning_rate': 0.06415608364337426, 'subsample': 0.7407774532561205, 'colsample_bytree': 0.6463127182884786, 'min_child_weight': 2, 'gamma': 1.422783497882523e-05, 'reg_alpha': 3.0007590401728638e-05, 'reg_lambda': 0.00019712489389834948}. Best is trial 276 with value: 0.22881696398411586.
[I 2024-12-04 16:17:56,789] Trial 312 finished with value: 0.24574309429727145 and parameters: {'n_estimators': 1434, 'max_depth': 3, 'learning_rate': 0.07700295003573276, 'subsample': 0.7253701480283714, 'colsample_bytree': 0.6077856587899337, 'min_child_weight': 1, 'gamma': 0.00010841671881502195, 'reg_alpha': 1.8391187713769005e-05, 'reg_lambda': 2.8245876288085464e-05}. Best is trial 276 with value: 0.22881696398411586.
[I 2024-12-04 16:17:57,000] Trial 321 finished with value: 0.2570922721205418 and parameters: {'n_estimators': 1489, 'max_depth': 4, 'learning_rate': 0.06493632205005147, 'subsample': 0.7094334999914605, 'colsample_bytree': 0.5624657920183236, 'min_child_weight': 1, 'gamma': 0.00017890600339726118, 'reg_alpha': 5.230136829288416e-05, 'reg_lambda': 0.0001944230967465555}. Best is trial 276 with value: 0.22881696398411586.
[I 2024-12-04 16:17:57,106] Trial 307 finished with value: 0.2598562813705425 and parameters: {'n_estimators': 1252, 'max_depth': 4, 'learning_rate': 0.07846256288055362, 'subsample': 0.7062190456346894, 'colsample_bytree': 0.534577095842253, 'min_child_weight': 1, 'gamma': 0.00015371149634785863, 'reg_alpha': 4.3857810294717585e-05, 'reg_lambda': 1.655960083826372e-05}. Best is trial 276 with value: 0.22881696398411586.
[I 2024-12-04 16:17:58,012] Trial 314 finished with value: 0.2668423163567761 and parameters: {'n_estimators': 1438, 'max_depth': 3, 'learning_rate': 0.08394165995680644, 'subsample': 0.7436803052366981, 'colsample_bytree': 0.5288359922506984, 'min_child_weight': 2, 'gamma': 0.00011781844227465808, 'reg_alpha': 4.0978557236628896e-05, 'reg_lambda': 1.1697848024693487e-05}. Best is trial 276 with value: 0.22881696398411586.
[I 2024-12-04 16:17:58,214] Trial 322 finished with value: 0.23648224097141396 and parameters: {'n_estimators': 1319, 'max_depth': 3, 'learning_rate': 0.09980044103014277, 'subsample': 0.7487792942920092, 'colsample_bytree': 0.6189447569639024, 'min_child_weight': 1, 'gamma': 0.01091460589095119, 'reg_alpha': 1.1351227254570454e-05, 'reg_lambda': 6.952676913609391e-05}. Best is trial 276 with value: 0.22881696398411586.
[I 2024-12-04 16:17:58,260] Trial 318 finished with value: 0.2578536507742432 and parameters: {'n_estimators': 1295, 'max_depth': 3, 'learning_rate': 0.06218220600608742, 'subsample': 0.72333298355145, 'colsample_bytree': 0.532244197829133, 'min_child_weight': 1, 'gamma': 0.0019542323156455086, 'reg_alpha': 0.00017959269566938582, 'reg_lambda': 3.451226761356864e-05}. Best is trial 276 with value: 0.22881696398411586.
[I 2024-12-04 16:17:59,124] Trial 299 finished with value: 0.25602429060932874 and parameters: {'n_estimators': 1131, 'max_depth': 4, 'learning_rate': 0.09659201086512172, 'subsample': 0.7646009852054315, 'colsample_bytree': 0.5267979676271218, 'min_child_weight': 1, 'gamma': 0.0077585395713687215, 'reg_alpha': 1.1715852845661975e-05, 'reg_lambda': 6.685763996352902e-05}. Best is trial 276 with value: 0.22881696398411586.
[I 2024-12-04 16:17:59,127] Trial 317 finished with value: 0.259265885550688 and parameters: {'n_estimators': 1281, 'max_depth': 4, 'learning_rate': 0.07467947703822228, 'subsample': 0.7575280407565027, 'colsample_bytree': 0.5705989793231385, 'min_child_weight': 1, 'gamma': 0.00041850267055865836, 'reg_alpha': 8.052538550149368e-05, 'reg_lambda': 0.001348789649463992}. Best is trial 276 with value: 0.22881696398411586.
[I 2024-12-04 16:17:59,175] Trial 323 finished with value: 0.25844754759066274 and parameters: {'n_estimators': 1452, 'max_depth': 3, 'learning_rate': 0.05966517371437922, 'subsample': 0.718814059883955, 'colsample_bytree': 0.5079293613322732, 'min_child_weight': 1, 'gamma': 0.006228203784461511, 'reg_alpha': 8.430760882887739e-05, 'reg_lambda': 2.348644532743564e-05}. Best is trial 276 with value: 0.22881696398411586.
[I 2024-12-04 16:17:59,758] Trial 319 finished with value: 0.25780141418873703 and parameters: {'n_estimators': 1299, 'max_depth': 4, 'learning_rate': 0.07001852321750884, 'subsample': 0.7639355462985018, 'colsample_bytree': 0.5406185199795749, 'min_child_weight': 1, 'gamma': 1.8144906795006845e-05, 'reg_alpha': 1.8650655875670997e-05, 'reg_lambda': 3.853928021830999e-05}. Best is trial 276 with value: 0.22881696398411586.
[I 2024-12-04 16:17:59,841] Trial 300 finished with value: 0.24523559534718709 and parameters: {'n_estimators': 1380, 'max_depth': 3, 'learning_rate': 0.08590943819682742, 'subsample': 0.7242660662944582, 'colsample_bytree': 0.5318855932781658, 'min_child_weight': 1, 'gamma': 1.2707212260171196e-05, 'reg_alpha': 3.404180363273362e-05, 'reg_lambda': 3.094384350415962e-05}. Best is trial 276 with value: 0.22881696398411586.
[I 2024-12-04 16:18:00,013] Trial 311 finished with value: 0.263557337843447 and parameters: {'n_estimators': 1464, 'max_depth': 3, 'learning_rate': 0.05966269477827255, 'subsample': 0.7611811811020694, 'colsample_bytree': 0.5235629853501309, 'min_child_weight': 1, 'gamma': 0.004767032899401114, 'reg_alpha': 1.7591848487715382e-05, 'reg_lambda': 3.3717789325598144e-05}. Best is trial 276 with value: 0.22881696398411586.
[I 2024-12-04 16:18:00,109] Trial 309 finished with value: 0.23874806414984845 and parameters: {'n_estimators': 1345, 'max_depth': 3, 'learning_rate': 0.09363805263640863, 'subsample': 0.7178098927764162, 'colsample_bytree': 0.508199410329826, 'min_child_weight': 1, 'gamma': 0.00018548443615832484, 'reg_alpha': 2.378799043009582e-05, 'reg_lambda': 0.0003670772247098252}. Best is trial 276 with value: 0.22881696398411586.
[I 2024-12-04 16:18:00,281] Trial 304 finished with value: 0.25818402829313797 and parameters: {'n_estimators': 1346, 'max_depth': 3, 'learning_rate': 0.06457016600172667, 'subsample': 0.7159639377006514, 'colsample_bytree': 0.5115541767785431, 'min_child_weight': 1, 'gamma': 0.03300538042533167, 'reg_alpha': 1.0595504895720467e-05, 'reg_lambda': 6.870397076125347e-05}. Best is trial 276 with value: 0.22881696398411586.
[I 2024-12-04 16:18:00,614] Trial 315 finished with value: 0.24400033994022555 and parameters: {'n_estimators': 1448, 'max_depth': 3, 'learning_rate': 0.07549492913257606, 'subsample': 0.7096647402856001, 'colsample_bytree': 0.5592670271822596, 'min_child_weight': 1, 'gamma': 0.0005198795652412793, 'reg_alpha': 1.5049173331470981e-05, 'reg_lambda': 2.104199961758176e-05}. Best is trial 276 with value: 0.22881696398411586.
[I 2024-12-04 16:18:01,073] Trial 316 finished with value: 0.24525629846951513 and parameters: {'n_estimators': 1443, 'max_depth': 3, 'learning_rate': 0.08552425251003469, 'subsample': 0.7343127696521273, 'colsample_bytree': 0.5453998974747667, 'min_child_weight': 1, 'gamma': 0.0001517604941368647, 'reg_alpha': 2.6078003580412215e-05, 'reg_lambda': 1.3211298546633586e-05}. Best is trial 276 with value: 0.22881696398411586.
[I 2024-12-04 16:18:01,433] Trial 308 finished with value: 0.2678937613870451 and parameters: {'n_estimators': 1264, 'max_depth': 3, 'learning_rate': 0.09032594646860567, 'subsample': 0.7834412239172818, 'colsample_bytree': 0.5728685298153494, 'min_child_weight': 2, 'gamma': 3.938485318932319e-05, 'reg_alpha': 0.00010804896624678712, 'reg_lambda': 7.84907010915496e-05}. Best is trial 276 with value: 0.22881696398411586.
[I 2024-12-04 16:18:02,447] Trial 325 finished with value: 0.25367276230045244 and parameters: {'n_estimators': 1482, 'max_depth': 4, 'learning_rate': 0.08223644305058057, 'subsample': 0.7712341746480791, 'colsample_bytree': 0.5656672326646439, 'min_child_weight': 1, 'gamma': 0.0005996202901527397, 'reg_alpha': 0.00010116188333551526, 'reg_lambda': 2.7733992342133257e-05}. Best is trial 276 with value: 0.22881696398411586.
[I 2024-12-04 16:18:02,607] Trial 327 finished with value: 0.25112915523731427 and parameters: {'n_estimators': 1156, 'max_depth': 3, 'learning_rate': 0.08782212941221633, 'subsample': 0.7155309520926795, 'colsample_bytree': 0.5446414775346261, 'min_child_weight': 1, 'gamma': 1.4070498629382293e-05, 'reg_alpha': 3.4647293387982436e-05, 'reg_lambda': 3.33419081882899e-05}. Best is trial 276 with value: 0.22881696398411586.
[I 2024-12-04 16:18:03,457] Trial 297 finished with value: 0.2516726265527769 and parameters: {'n_estimators': 1183, 'max_depth': 3, 'learning_rate': 0.08791124765617317, 'subsample': 0.728078212246933, 'colsample_bytree': 0.6129461017823359, 'min_child_weight': 1, 'gamma': 0.00038478554852941385, 'reg_alpha': 0.00015245463291762359, 'reg_lambda': 5.933774458407962e-05}. Best is trial 276 with value: 0.22881696398411586.
[I 2024-12-04 16:18:05,329] Trial 302 finished with value: 0.24589235663050937 and parameters: {'n_estimators': 1475, 'max_depth': 3, 'learning_rate': 0.07475087122779796, 'subsample': 0.7209200902144367, 'colsample_bytree': 0.5883889387855397, 'min_child_weight': 1, 'gamma': 0.0050916913897751485, 'reg_alpha': 1.5404085967535167e-05, 'reg_lambda': 0.00021906701947173627}. Best is trial 276 with value: 0.22881696398411586.
[I 2024-12-04 16:18:06,438] Trial 324 finished with value: 0.2655494409535512 and parameters: {'n_estimators': 1450, 'max_depth': 3, 'learning_rate': 0.08377625233633415, 'subsample': 0.7180608312575472, 'colsample_bytree': 0.54939068601882, 'min_child_weight': 2, 'gamma': 0.007077621391087718, 'reg_alpha': 2.1018399270526347e-05, 'reg_lambda': 3.378710533155078e-05}. Best is trial 276 with value: 0.22881696398411586.
[I 2024-12-04 16:18:06,858] Trial 330 finished with value: 0.26386807220083935 and parameters: {'n_estimators': 1472, 'max_depth': 5, 'learning_rate': 0.07803643650949925, 'subsample': 0.7499468013197341, 'colsample_bytree': 0.5111729383307634, 'min_child_weight': 1, 'gamma': 7.90961161222458e-05, 'reg_alpha': 6.518043652801871e-05, 'reg_lambda': 0.017958332881054872}. Best is trial 276 with value: 0.22881696398411586.
[I 2024-12-04 16:18:07,002] Trial 329 finished with value: 0.23905137720743125 and parameters: {'n_estimators': 1295, 'max_depth': 3, 'learning_rate': 0.09536669953911706, 'subsample': 0.7158323470898877, 'colsample_bytree': 0.590649081170185, 'min_child_weight': 1, 'gamma': 0.0011558065145037947, 'reg_alpha': 0.00015569862310829924, 'reg_lambda': 0.00046836375520402856}. Best is trial 276 with value: 0.22881696398411586.
[I 2024-12-04 16:18:07,267] Trial 313 finished with value: 0.24369000266681184 and parameters: {'n_estimators': 1396, 'max_depth': 3, 'learning_rate': 0.08900547526105554, 'subsample': 0.7506263969342926, 'colsample_bytree': 0.5300735548500767, 'min_child_weight': 1, 'gamma': 0.0010674213306833685, 'reg_alpha': 2.1910145084558424e-05, 'reg_lambda': 2.0432171050619124e-05}. Best is trial 276 with value: 0.22881696398411586.
[I 2024-12-04 16:18:07,884] Trial 328 finished with value: 0.24512314634739868 and parameters: {'n_estimators': 1432, 'max_depth': 3, 'learning_rate': 0.09014057555133301, 'subsample': 0.735230805521064, 'colsample_bytree': 0.5471055980279567, 'min_child_weight': 1, 'gamma': 3.3693728099657725e-05, 'reg_alpha': 0.00020182879252195708, 'reg_lambda': 4.6901835014771903e-05}. Best is trial 276 with value: 0.22881696398411586.
[I 2024-12-04 16:18:08,056] Trial 336 finished with value: 0.2520570082197791 and parameters: {'n_estimators': 1400, 'max_depth': 4, 'learning_rate': 0.09444251952396575, 'subsample': 0.7764988927554979, 'colsample_bytree': 0.5489448408405924, 'min_child_weight': 1, 'gamma': 0.0013481698354051916, 'reg_alpha': 9.633988753810974e-05, 'reg_lambda': 1.4582175368886574e-05}. Best is trial 276 with value: 0.22881696398411586.
[I 2024-12-04 16:18:08,420] Trial 331 finished with value: 0.2727429309982015 and parameters: {'n_estimators': 1416, 'max_depth': 3, 'learning_rate': 0.07378735102983243, 'subsample': 0.7044067429853191, 'colsample_bytree': 0.5181702739281048, 'min_child_weight': 2, 'gamma': 0.08228867908732136, 'reg_alpha': 0.00014058943799640338, 'reg_lambda': 0.002207080330230851}. Best is trial 276 with value: 0.22881696398411586.
[I 2024-12-04 16:18:09,033] Trial 310 finished with value: 0.25193325175300835 and parameters: {'n_estimators': 1442, 'max_depth': 4, 'learning_rate': 0.08014272872725117, 'subsample': 0.7225277868754136, 'colsample_bytree': 0.5437789053507127, 'min_child_weight': 1, 'gamma': 0.00030805879971184156, 'reg_alpha': 2.399013198015404e-05, 'reg_lambda': 1.8197375456918023e-05}. Best is trial 276 with value: 0.22881696398411586.
[I 2024-12-04 16:18:09,092] Trial 332 finished with value: 0.2482299461939926 and parameters: {'n_estimators': 1421, 'max_depth': 3, 'learning_rate': 0.09101143675312895, 'subsample': 0.739899579290931, 'colsample_bytree': 0.6192806895373543, 'min_child_weight': 1, 'gamma': 0.02050469908009545, 'reg_alpha': 3.643341011303073e-05, 'reg_lambda': 0.00010132892813951089}. Best is trial 276 with value: 0.22881696398411586.
[I 2024-12-04 16:18:09,258] Trial 333 finished with value: 0.26360566465271684 and parameters: {'n_estimators': 1271, 'max_depth': 3, 'learning_rate': 0.0684043045064766, 'subsample': 0.7554834792780695, 'colsample_bytree': 0.5194549725521241, 'min_child_weight': 1, 'gamma': 0.00016772284665817958, 'reg_alpha': 0.000252496458310644, 'reg_lambda': 0.0023468283510603236}. Best is trial 276 with value: 0.22881696398411586.
[I 2024-12-04 16:18:10,690] Trial 348 finished with value: 0.2420445696841992 and parameters: {'n_estimators': 1304, 'max_depth': 3, 'learning_rate': 0.08667324477197895, 'subsample': 0.7766691806393425, 'colsample_bytree': 0.5732135176814255, 'min_child_weight': 1, 'gamma': 0.012313388631091644, 'reg_alpha': 2.9024337766348675e-05, 'reg_lambda': 0.000971812084418637}. Best is trial 276 with value: 0.22881696398411586.
[I 2024-12-04 16:18:10,790] Trial 342 finished with value: 0.2627447955292285 and parameters: {'n_estimators': 1353, 'max_depth': 3, 'learning_rate': 0.06408809146041815, 'subsample': 0.7612462361828742, 'colsample_bytree': 0.523776022027243, 'min_child_weight': 1, 'gamma': 0.0004965544297435386, 'reg_alpha': 5.575119740886613e-05, 'reg_lambda': 8.780556549698912e-05}. Best is trial 276 with value: 0.22881696398411586.
[I 2024-12-04 16:18:10,824] Trial 338 finished with value: 0.25916570910369185 and parameters: {'n_estimators': 1326, 'max_depth': 4, 'learning_rate': 0.07140013061129541, 'subsample': 0.7294820738027035, 'colsample_bytree': 0.5282642880199463, 'min_child_weight': 1, 'gamma': 0.00035117989444262356, 'reg_alpha': 4.60389130886856e-05, 'reg_lambda': 8.552524501508256e-05}. Best is trial 276 with value: 0.22881696398411586.
[I 2024-12-04 16:18:11,764] Trial 341 finished with value: 0.25633861638996164 and parameters: {'n_estimators': 1396, 'max_depth': 3, 'learning_rate': 0.07592260824845047, 'subsample': 0.7559525066718255, 'colsample_bytree': 0.5334432792813266, 'min_child_weight': 1, 'gamma': 0.00033106200789262077, 'reg_alpha': 8.584430168774755e-05, 'reg_lambda': 6.821832579962109e-05}. Best is trial 276 with value: 0.22881696398411586.
[I 2024-12-04 16:18:11,769] Trial 326 finished with value: 0.24984476791909807 and parameters: {'n_estimators': 1381, 'max_depth': 4, 'learning_rate': 0.0982787528578163, 'subsample': 0.7271847470169281, 'colsample_bytree': 0.5448335658523507, 'min_child_weight': 1, 'gamma': 4.189216617677418e-05, 'reg_alpha': 2.145800913421469e-05, 'reg_lambda': 9.37468081486726e-05}. Best is trial 276 with value: 0.22881696398411586.
[I 2024-12-04 16:18:12,600] Trial 334 finished with value: 0.24480121020528015 and parameters: {'n_estimators': 1438, 'max_depth': 3, 'learning_rate': 0.0779975435722751, 'subsample': 0.7123820516328915, 'colsample_bytree': 0.5598910258993907, 'min_child_weight': 1, 'gamma': 0.0003286923127495575, 'reg_alpha': 2.1104609300478866e-05, 'reg_lambda': 4.4558381708753855e-05}. Best is trial 276 with value: 0.22881696398411586.
[I 2024-12-04 16:18:13,207] Trial 345 finished with value: 0.25099261565968456 and parameters: {'n_estimators': 1433, 'max_depth': 4, 'learning_rate': 0.0874944500156852, 'subsample': 0.7898517217950155, 'colsample_bytree': 0.5400109857780448, 'min_child_weight': 1, 'gamma': 9.829789717844927e-05, 'reg_alpha': 1.766715442573942e-05, 'reg_lambda': 0.00013841773350649244}. Best is trial 276 with value: 0.22881696398411586.
[I 2024-12-04 16:18:13,389] Trial 344 finished with value: 0.2598887558012718 and parameters: {'n_estimators': 1495, 'max_depth': 5, 'learning_rate': 0.06938705504549539, 'subsample': 0.7285750488458269, 'colsample_bytree': 0.5460922461698962, 'min_child_weight': 1, 'gamma': 0.00019114400015904167, 'reg_alpha': 0.0001100115926680209, 'reg_lambda': 5.108739790395112e-05}. Best is trial 276 with value: 0.22881696398411586.
[I 2024-12-04 16:18:13,526] Trial 347 finished with value: 0.2595806244135472 and parameters: {'n_estimators': 1467, 'max_depth': 4, 'learning_rate': 0.0703896515125428, 'subsample': 0.7417701456460098, 'colsample_bytree': 0.5447701269710543, 'min_child_weight': 1, 'gamma': 7.402481227075139e-05, 'reg_alpha': 4.134721806858166e-05, 'reg_lambda': 3.881151923847344e-05}. Best is trial 276 with value: 0.22881696398411586.
[I 2024-12-04 16:18:14,677] Trial 346 finished with value: 0.25988905350702635 and parameters: {'n_estimators': 1076, 'max_depth': 3, 'learning_rate': 0.07399742764445773, 'subsample': 0.7741282440812706, 'colsample_bytree': 0.5600758757938975, 'min_child_weight': 1, 'gamma': 0.0683747229113504, 'reg_alpha': 4.5264484401797156e-05, 'reg_lambda': 1.8217036822017724e-05}. Best is trial 276 with value: 0.22881696398411586.
[I 2024-12-04 16:18:14,899] Trial 351 finished with value: 0.2395482926372249 and parameters: {'n_estimators': 1342, 'max_depth': 3, 'learning_rate': 0.08574152901072553, 'subsample': 0.8200949018905233, 'colsample_bytree': 0.5793278914356276, 'min_child_weight': 1, 'gamma': 0.004556428915865578, 'reg_alpha': 4.68352522810836e-05, 'reg_lambda': 0.0009227321305211055}. Best is trial 276 with value: 0.22881696398411586.
[I 2024-12-04 16:18:14,900] Trial 343 finished with value: 0.2572903991034036 and parameters: {'n_estimators': 1276, 'max_depth': 3, 'learning_rate': 0.07316210055357118, 'subsample': 0.7721655556603247, 'colsample_bytree': 0.5447671187159644, 'min_child_weight': 1, 'gamma': 0.0012584345421990711, 'reg_alpha': 5.225018875369532e-05, 'reg_lambda': 0.0002588869078723715}. Best is trial 276 with value: 0.22881696398411586.
[I 2024-12-04 16:18:15,602] Trial 337 finished with value: 0.2494830708085776 and parameters: {'n_estimators': 1210, 'max_depth': 3, 'learning_rate': 0.08149059155166848, 'subsample': 0.7715980791218298, 'colsample_bytree': 0.6077117384119799, 'min_child_weight': 1, 'gamma': 8.228326169511592e-05, 'reg_alpha': 0.00012593321597390784, 'reg_lambda': 0.0006324056474874469}. Best is trial 276 with value: 0.22881696398411586.
[I 2024-12-04 16:18:16,146] Trial 335 finished with value: 0.2662023744782149 and parameters: {'n_estimators': 1360, 'max_depth': 4, 'learning_rate': 0.09408120509199185, 'subsample': 0.7187445206742766, 'colsample_bytree': 0.6250175205653219, 'min_child_weight': 2, 'gamma': 0.00625366411632647, 'reg_alpha': 6.595154920644491e-05, 'reg_lambda': 0.00025649712435775094}. Best is trial 276 with value: 0.22881696398411586.
[I 2024-12-04 16:18:16,879] Trial 339 finished with value: 0.24218445973236083 and parameters: {'n_estimators': 1366, 'max_depth': 3, 'learning_rate': 0.08779278079084768, 'subsample': 0.7296242308279242, 'colsample_bytree': 0.5724433812341493, 'min_child_weight': 1, 'gamma': 0.00014554831927459375, 'reg_alpha': 4.1176040068957524e-05, 'reg_lambda': 0.000884102278203098}. Best is trial 276 with value: 0.22881696398411586.
[I 2024-12-04 16:18:17,638] Trial 352 finished with value: 0.2538651471528874 and parameters: {'n_estimators': 1337, 'max_depth': 4, 'learning_rate': 0.06919830753587008, 'subsample': 0.7043073669912591, 'colsample_bytree': 0.612494099733583, 'min_child_weight': 1, 'gamma': 0.0004882408244486184, 'reg_alpha': 7.132926209994725e-05, 'reg_lambda': 4.674095575581707e-05}. Best is trial 276 with value: 0.22881696398411586.
[I 2024-12-04 16:18:18,733] Trial 340 finished with value: 0.2510420452068342 and parameters: {'n_estimators': 1259, 'max_depth': 4, 'learning_rate': 0.08586235777371351, 'subsample': 0.7651699802500819, 'colsample_bytree': 0.5832122661623895, 'min_child_weight': 1, 'gamma': 0.0005385178918466893, 'reg_alpha': 0.00019258204826731496, 'reg_lambda': 0.0016711178536825482}. Best is trial 276 with value: 0.22881696398411586.
[I 2024-12-04 16:18:18,840] Trial 349 finished with value: 0.25025022638797995 and parameters: {'n_estimators': 1257, 'max_depth': 3, 'learning_rate': 0.07971443166802149, 'subsample': 0.7889920537597614, 'colsample_bytree': 0.540582041837357, 'min_child_weight': 1, 'gamma': 0.0007527272394696327, 'reg_alpha': 4.972895241179133e-05, 'reg_lambda': 0.0001489376030891554}. Best is trial 276 with value: 0.22881696398411586.
[I 2024-12-04 16:18:19,281] Trial 350 finished with value: 0.2525452691575694 and parameters: {'n_estimators': 1457, 'max_depth': 3, 'learning_rate': 0.06687910103922383, 'subsample': 0.7549442736887315, 'colsample_bytree': 0.5571421001165661, 'min_child_weight': 1, 'gamma': 0.0009023058803587899, 'reg_alpha': 1.634157688650591e-05, 'reg_lambda': 0.0036903708776018}. Best is trial 276 with value: 0.22881696398411586.
[W 2024-12-04 16:18:19,978] Trial 356 failed with parameters: {} because of the following error: StorageInternalError('An exception is raised during the commit. This typically happens due to invalid data in the commit, e.g. exceeding max length. ').
Traceback (most recent call last):
  File "/zhome/b1/0/88900/miniconda3/envs/critprops/lib/python3.9/site-packages/sqlalchemy/engine/base.py", line 1967, in _exec_single_context
    self.dialect.do_execute(
  File "/zhome/b1/0/88900/miniconda3/envs/critprops/lib/python3.9/site-packages/sqlalchemy/engine/default.py", line 941, in do_execute
    cursor.execute(statement, parameters)
sqlite3.OperationalError: database is locked

The above exception was the direct cause of the following exception:

Traceback (most recent call last):
  File "/zhome/b1/0/88900/miniconda3/envs/critprops/lib/python3.9/site-packages/optuna/storages/_rdb/storage.py", line 80, in _create_scoped_session
    yield session
  File "/zhome/b1/0/88900/miniconda3/envs/critprops/lib/python3.9/site-packages/optuna/storages/_rdb/storage.py", line 734, in set_trial_system_attr
    self._set_trial_attr_without_commit(
  File "/zhome/b1/0/88900/miniconda3/envs/critprops/lib/python3.9/site-packages/optuna/storages/_rdb/storage.py", line 769, in _set_trial_attr_without_commit
    session.execute(sqlite_upsert_stmt)
  File "/zhome/b1/0/88900/miniconda3/envs/critprops/lib/python3.9/site-packages/sqlalchemy/orm/session.py", line 2362, in execute
    return self._execute_internal(
  File "/zhome/b1/0/88900/miniconda3/envs/critprops/lib/python3.9/site-packages/sqlalchemy/orm/session.py", line 2247, in _execute_internal
    result: Result[Any] = compile_state_cls.orm_execute_statement(
  File "/zhome/b1/0/88900/miniconda3/envs/critprops/lib/python3.9/site-packages/sqlalchemy/orm/bulk_persistence.py", line 1294, in orm_execute_statement
    result = conn.execute(
  File "/zhome/b1/0/88900/miniconda3/envs/critprops/lib/python3.9/site-packages/sqlalchemy/engine/base.py", line 1418, in execute
    return meth(
  File "/zhome/b1/0/88900/miniconda3/envs/critprops/lib/python3.9/site-packages/sqlalchemy/sql/elements.py", line 515, in _execute_on_connection
    return connection._execute_clauseelement(
  File "/zhome/b1/0/88900/miniconda3/envs/critprops/lib/python3.9/site-packages/sqlalchemy/engine/base.py", line 1640, in _execute_clauseelement
    ret = self._execute_context(
  File "/zhome/b1/0/88900/miniconda3/envs/critprops/lib/python3.9/site-packages/sqlalchemy/engine/base.py", line 1846, in _execute_context
    return self._exec_single_context(
  File "/zhome/b1/0/88900/miniconda3/envs/critprops/lib/python3.9/site-packages/sqlalchemy/engine/base.py", line 1986, in _exec_single_context
    self._handle_dbapi_exception(
  File "/zhome/b1/0/88900/miniconda3/envs/critprops/lib/python3.9/site-packages/sqlalchemy/engine/base.py", line 2355, in _handle_dbapi_exception
    raise sqlalchemy_exception.with_traceback(exc_info[2]) from e
  File "/zhome/b1/0/88900/miniconda3/envs/critprops/lib/python3.9/site-packages/sqlalchemy/engine/base.py", line 1967, in _exec_single_context
    self.dialect.do_execute(
  File "/zhome/b1/0/88900/miniconda3/envs/critprops/lib/python3.9/site-packages/sqlalchemy/engine/default.py", line 941, in do_execute
    cursor.execute(statement, parameters)
sqlalchemy.exc.OperationalError: (sqlite3.OperationalError) database is locked
[SQL: INSERT INTO trial_system_attributes (trial_id, "key", value_json) VALUES (?, ?, ?) ON CONFLICT (trial_id, "key") DO UPDATE SET value_json = excluded.value_json]
[parameters: (357, 'cma:large_n_eval', '0')]
(Background on this error at: https://sqlalche.me/e/20/e3q8)

The above exception was the direct cause of the following exception:

Traceback (most recent call last):
  File "/zhome/b1/0/88900/miniconda3/envs/critprops/lib/python3.9/site-packages/optuna/study/_optimize.py", line 197, in _run_trial
    value_or_values = func(trial)
  File "/zhome/b1/0/88900/Documents/fair_gc/src/optims.py", line 242, in objective
    params = {
  File "/zhome/b1/0/88900/Documents/fair_gc/src/optims.py", line 243, in <dictcomp>
    name: suggest_fn(trial, name)
  File "/zhome/b1/0/88900/Documents/fair_gc/src/optims.py", line 164, in <lambda>
    return lambda trial, name: trial.suggest_int(
  File "/zhome/b1/0/88900/miniconda3/envs/critprops/lib/python3.9/site-packages/optuna/_convert_positional_args.py", line 83, in converter_wrapper
    return func(**kwargs)  # type: ignore[call-arg]
  File "/zhome/b1/0/88900/miniconda3/envs/critprops/lib/python3.9/site-packages/optuna/trial/_trial.py", line 324, in suggest_int
    suggested_value = int(self._suggest(name, distribution))
  File "/zhome/b1/0/88900/miniconda3/envs/critprops/lib/python3.9/site-packages/optuna/trial/_trial.py", line 627, in _suggest
    elif self._is_relative_param(name, distribution):
  File "/zhome/b1/0/88900/miniconda3/envs/critprops/lib/python3.9/site-packages/optuna/trial/_trial.py", line 659, in _is_relative_param
    if name not in self.relative_params:
  File "/zhome/b1/0/88900/miniconda3/envs/critprops/lib/python3.9/site-packages/optuna/trial/_trial.py", line 71, in relative_params
    self._relative_params = self.study.sampler.sample_relative(
  File "/zhome/b1/0/88900/.cache/optunahub/api.github.com/optuna/optunahub-registry/main/package/samplers/auto_sampler/_sampler.py", line 202, in sample_relative
    return self._sampler.sample_relative(study, trial, search_space)
  File "/zhome/b1/0/88900/miniconda3/envs/critprops/lib/python3.9/site-packages/optuna/samplers/_cmaes.py", line 515, in sample_relative
    study._storage.set_trial_system_attr(
  File "/zhome/b1/0/88900/miniconda3/envs/critprops/lib/python3.9/site-packages/optuna/storages/_cached_storage.py", line 198, in set_trial_system_attr
    self._backend.set_trial_system_attr(trial_id, key=key, value=value)
  File "/zhome/b1/0/88900/miniconda3/envs/critprops/lib/python3.9/site-packages/optuna/storages/_rdb/storage.py", line 734, in set_trial_system_attr
    self._set_trial_attr_without_commit(
  File "/zhome/b1/0/88900/miniconda3/envs/critprops/lib/python3.9/contextlib.py", line 137, in __exit__
    self.gen.throw(typ, value, traceback)
  File "/zhome/b1/0/88900/miniconda3/envs/critprops/lib/python3.9/site-packages/optuna/storages/_rdb/storage.py", line 98, in _create_scoped_session
    raise optuna.exceptions.StorageInternalError(message) from e
optuna.exceptions.StorageInternalError: An exception is raised during the commit. This typically happens due to invalid data in the commit, e.g. exceeding max length. 
[I 2024-12-04 16:18:19,998] Trial 355 finished with value: 0.2441613556190088 and parameters: {'n_estimators': 1471, 'max_depth': 3, 'learning_rate': 0.08766450534123979, 'subsample': 0.751149828581896, 'colsample_bytree': 0.600935426003538, 'min_child_weight': 1, 'gamma': 0.0002521456908776402, 'reg_alpha': 0.00011019522874313564, 'reg_lambda': 0.0005466300128683878}. Best is trial 276 with value: 0.22881696398411586.
[W 2024-12-04 16:18:20,012] Trial 356 failed with value None.
[I 2024-12-04 16:18:20,509] Trial 354 finished with value: 0.24382882847863974 and parameters: {'n_estimators': 1491, 'max_depth': 3, 'learning_rate': 0.09112078705972969, 'subsample': 0.7552000863061555, 'colsample_bytree': 0.5960272114612882, 'min_child_weight': 1, 'gamma': 0.0004997810288292952, 'reg_alpha': 7.01955260083868e-05, 'reg_lambda': 0.00026108403448255827}. Best is trial 276 with value: 0.22881696398411586.
[I 2024-12-04 16:18:20,800] Trial 365 finished with value: 0.25692068203172685 and parameters: {'n_estimators': 1221, 'max_depth': 5, 'learning_rate': 0.09274651297314244, 'subsample': 0.7261076788151469, 'colsample_bytree': 0.5988582356267622, 'min_child_weight': 1, 'gamma': 0.00024326540688774878, 'reg_alpha': 7.694493408347717e-05, 'reg_lambda': 1.887683441700174e-05}. Best is trial 276 with value: 0.22881696398411586.
[I 2024-12-04 16:18:21,010] Trial 361 finished with value: 0.247606896207555 and parameters: {'n_estimators': 1460, 'max_depth': 4, 'learning_rate': 0.08176028370039745, 'subsample': 0.7063262665706076, 'colsample_bytree': 0.5907245118500013, 'min_child_weight': 1, 'gamma': 0.00020777673098988672, 'reg_alpha': 3.21252597007553e-05, 'reg_lambda': 0.00043938882937618137}. Best is trial 276 with value: 0.22881696398411586.
[I 2024-12-04 16:18:21,635] Trial 357 finished with value: 0.2441569724778505 and parameters: {'n_estimators': 1436, 'max_depth': 3, 'learning_rate': 0.08521635338155276, 'subsample': 0.7279570728288948, 'colsample_bytree': 0.5605577746859625, 'min_child_weight': 1, 'gamma': 0.004225533941872993, 'reg_alpha': 5.111466810846628e-05, 'reg_lambda': 0.0009151639604338618}. Best is trial 276 with value: 0.22881696398411586.
[I 2024-12-04 16:18:21,658] Trial 353 finished with value: 0.24663413158957037 and parameters: {'n_estimators': 1427, 'max_depth': 3, 'learning_rate': 0.09503662818797616, 'subsample': 0.7584797739203378, 'colsample_bytree': 0.5976703165980733, 'min_child_weight': 1, 'gamma': 0.005887326662693814, 'reg_alpha': 0.00020661559039661167, 'reg_lambda': 6.286222188274323e-05}. Best is trial 276 with value: 0.22881696398411586.
[I 2024-12-04 16:18:22,752] Trial 366 finished with value: 0.256594378064722 and parameters: {'n_estimators': 1353, 'max_depth': 4, 'learning_rate': 0.0738579915441397, 'subsample': 0.7107617343937237, 'colsample_bytree': 0.589364806112718, 'min_child_weight': 1, 'gamma': 0.0008938006393215246, 'reg_alpha': 6.381398916390438e-05, 'reg_lambda': 0.00020586808460879314}. Best is trial 276 with value: 0.22881696398411586.
[I 2024-12-04 16:18:22,757] Trial 364 finished with value: 0.25488508907312135 and parameters: {'n_estimators': 1164, 'max_depth': 4, 'learning_rate': 0.08492475399783242, 'subsample': 0.730623715935391, 'colsample_bytree': 0.6071286105670656, 'min_child_weight': 1, 'gamma': 0.00030719647019758213, 'reg_alpha': 0.00021470725817759903, 'reg_lambda': 0.0004393034824132929}. Best is trial 276 with value: 0.22881696398411586.
[I 2024-12-04 16:18:23,149] Trial 359 finished with value: 0.2555938428183137 and parameters: {'n_estimators': 1263, 'max_depth': 3, 'learning_rate': 0.09153480566316839, 'subsample': 0.7628717251336967, 'colsample_bytree': 0.5017006095725561, 'min_child_weight': 1, 'gamma': 0.0005962883372138377, 'reg_alpha': 6.843594245461412e-05, 'reg_lambda': 0.0001085190322281946}. Best is trial 276 with value: 0.22881696398411586.
[I 2024-12-04 16:18:23,202] Trial 362 finished with value: 0.24578114384679212 and parameters: {'n_estimators': 1396, 'max_depth': 3, 'learning_rate': 0.07963126115934392, 'subsample': 0.7856274724103557, 'colsample_bytree': 0.605533535725712, 'min_child_weight': 1, 'gamma': 3.97004227736358e-05, 'reg_alpha': 2.6822086152164136e-05, 'reg_lambda': 0.0005492671798026409}. Best is trial 276 with value: 0.22881696398411586.
[I 2024-12-04 16:18:23,268] Trial 360 finished with value: 0.2518865040314716 and parameters: {'n_estimators': 1277, 'max_depth': 4, 'learning_rate': 0.07910620514416263, 'subsample': 0.7401728695062363, 'colsample_bytree': 0.6164856150945894, 'min_child_weight': 1, 'gamma': 0.001054443194948338, 'reg_alpha': 9.429035115257607e-05, 'reg_lambda': 0.005168107568905158}. Best is trial 276 with value: 0.22881696398411586.
[I 2024-12-04 16:18:24,209] Trial 371 finished with value: 0.2428066025687118 and parameters: {'n_estimators': 1353, 'max_depth': 4, 'learning_rate': 0.08935203148127756, 'subsample': 0.7418494647935179, 'colsample_bytree': 0.5835683286403076, 'min_child_weight': 1, 'gamma': 0.0004855404259638684, 'reg_alpha': 0.000424751232681882, 'reg_lambda': 0.00019275879336838476}. Best is trial 276 with value: 0.22881696398411586.
[I 2024-12-04 16:18:24,659] Trial 376 finished with value: 0.24274006276057575 and parameters: {'n_estimators': 1488, 'max_depth': 3, 'learning_rate': 0.0666873986195743, 'subsample': 0.7492119018053167, 'colsample_bytree': 0.6227878449027904, 'min_child_weight': 1, 'gamma': 6.736906086397567e-05, 'reg_alpha': 0.00013895500518400003, 'reg_lambda': 0.00035559359196470053}. Best is trial 276 with value: 0.22881696398411586.
[I 2024-12-04 16:18:25,202] Trial 363 finished with value: 0.2599164797308131 and parameters: {'n_estimators': 1370, 'max_depth': 3, 'learning_rate': 0.07157137848034537, 'subsample': 0.7809233670132258, 'colsample_bytree': 0.6903332906750075, 'min_child_weight': 1, 'gamma': 0.000836726164805398, 'reg_alpha': 0.00013554631346554227, 'reg_lambda': 8.24228899984351e-05}. Best is trial 276 with value: 0.22881696398411586.
[I 2024-12-04 16:18:25,521] Trial 358 finished with value: 0.24854138175101476 and parameters: {'n_estimators': 1227, 'max_depth': 3, 'learning_rate': 0.08792947568774895, 'subsample': 0.7414227308670212, 'colsample_bytree': 0.56335172976762, 'min_child_weight': 1, 'gamma': 0.000142385371892665, 'reg_alpha': 0.00025237764885041006, 'reg_lambda': 4.022318959344698e-05}. Best is trial 276 with value: 0.22881696398411586.
[I 2024-12-04 16:18:25,953] Trial 379 finished with value: 0.2535739390743693 and parameters: {'n_estimators': 1461, 'max_depth': 4, 'learning_rate': 0.08164426952794031, 'subsample': 0.7144265385174337, 'colsample_bytree': 0.517653460624706, 'min_child_weight': 1, 'gamma': 0.0011933539720387395, 'reg_alpha': 2.183229454203311e-05, 'reg_lambda': 0.0007397062033899215}. Best is trial 276 with value: 0.22881696398411586.
[I 2024-12-04 16:18:26,138] Trial 372 finished with value: 0.24805569176298728 and parameters: {'n_estimators': 1410, 'max_depth': 3, 'learning_rate': 0.09293295159013093, 'subsample': 0.7119661029981954, 'colsample_bytree': 0.5512084239798873, 'min_child_weight': 1, 'gamma': 0.0032723236554183534, 'reg_alpha': 4.820276893786109e-05, 'reg_lambda': 8.629342593291425e-05}. Best is trial 276 with value: 0.22881696398411586.
[I 2024-12-04 16:18:26,706] Trial 377 finished with value: 0.2686872721116851 and parameters: {'n_estimators': 1498, 'max_depth': 3, 'learning_rate': 0.06581087817964795, 'subsample': 0.7206685285980982, 'colsample_bytree': 0.5746066036421118, 'min_child_weight': 2, 'gamma': 6.8841753569969e-05, 'reg_alpha': 2.3856874104816103e-05, 'reg_lambda': 2.8590964706748004e-05}. Best is trial 276 with value: 0.22881696398411586.
[I 2024-12-04 16:18:27,160] Trial 381 finished with value: 0.2574340302981317 and parameters: {'n_estimators': 1272, 'max_depth': 4, 'learning_rate': 0.06883560339415006, 'subsample': 0.7390855271039107, 'colsample_bytree': 0.6039688209363997, 'min_child_weight': 1, 'gamma': 0.002407356067034855, 'reg_alpha': 9.970615021637638e-05, 'reg_lambda': 2.4318319232487473e-05}. Best is trial 276 with value: 0.22881696398411586.
[I 2024-12-04 16:18:27,174] Trial 383 finished with value: 0.25028468848790936 and parameters: {'n_estimators': 1239, 'max_depth': 4, 'learning_rate': 0.07743696748818833, 'subsample': 0.7214750761042732, 'colsample_bytree': 0.6724013990678523, 'min_child_weight': 1, 'gamma': 0.0008020488076535536, 'reg_alpha': 5.750946940746281e-05, 'reg_lambda': 0.0012704957793757468}. Best is trial 276 with value: 0.22881696398411586.
[I 2024-12-04 16:18:27,394] Trial 370 finished with value: 0.24373154849815598 and parameters: {'n_estimators': 1221, 'max_depth': 3, 'learning_rate': 0.09892344821482729, 'subsample': 0.7428183338397141, 'colsample_bytree': 0.5785374938552027, 'min_child_weight': 1, 'gamma': 0.00011805107494752503, 'reg_alpha': 0.00020765935225742216, 'reg_lambda': 4.680993283890515e-05}. Best is trial 276 with value: 0.22881696398411586.
[I 2024-12-04 16:18:27,708] Trial 380 finished with value: 0.26674123078266276 and parameters: {'n_estimators': 1429, 'max_depth': 3, 'learning_rate': 0.07875528508083672, 'subsample': 0.7277714276814174, 'colsample_bytree': 0.5140916118646928, 'min_child_weight': 2, 'gamma': 0.00010581522467904596, 'reg_alpha': 0.0001987724422018503, 'reg_lambda': 4.556624030361184e-05}. Best is trial 276 with value: 0.22881696398411586.
[I 2024-12-04 16:18:27,843] Trial 369 finished with value: 0.26693069962113675 and parameters: {'n_estimators': 1422, 'max_depth': 5, 'learning_rate': 0.07947232442627811, 'subsample': 0.7346801998151806, 'colsample_bytree': 0.5348637097040081, 'min_child_weight': 1, 'gamma': 0.00021295520000105976, 'reg_alpha': 0.00032243842546644043, 'reg_lambda': 0.0005355067789773168}. Best is trial 276 with value: 0.22881696398411586.
[I 2024-12-04 16:18:27,890] Trial 375 finished with value: 0.24942528110972415 and parameters: {'n_estimators': 1422, 'max_depth': 4, 'learning_rate': 0.06955772202099055, 'subsample': 0.7713098183052062, 'colsample_bytree': 0.6431395321210078, 'min_child_weight': 1, 'gamma': 0.0003120169328195435, 'reg_alpha': 0.00017261404432584174, 'reg_lambda': 0.0011075738297257399}. Best is trial 276 with value: 0.22881696398411586.
[I 2024-12-04 16:18:27,918] Trial 373 finished with value: 0.27612695092887535 and parameters: {'n_estimators': 1391, 'max_depth': 3, 'learning_rate': 0.08448669963441507, 'subsample': 0.7942138211838718, 'colsample_bytree': 0.7015520484787685, 'min_child_weight': 2, 'gamma': 0.0006053117837494577, 'reg_alpha': 4.3193117621822334e-05, 'reg_lambda': 0.00319340208075967}. Best is trial 276 with value: 0.22881696398411586.
[I 2024-12-04 16:18:28,068] Trial 368 finished with value: 0.24014223521756767 and parameters: {'n_estimators': 1496, 'max_depth': 3, 'learning_rate': 0.09237983901265864, 'subsample': 0.7290305533090843, 'colsample_bytree': 0.5493847025581471, 'min_child_weight': 1, 'gamma': 0.012577813496540656, 'reg_alpha': 5.377450799940235e-05, 'reg_lambda': 1.2096451800126803e-05}. Best is trial 276 with value: 0.22881696398411586.
[I 2024-12-04 16:18:28,369] Trial 384 finished with value: 0.25618742832338603 and parameters: {'n_estimators': 1308, 'max_depth': 5, 'learning_rate': 0.08788525872130605, 'subsample': 0.7094678902372008, 'colsample_bytree': 0.6067582327791898, 'min_child_weight': 1, 'gamma': 0.0001946217930819491, 'reg_alpha': 0.0006738412504197263, 'reg_lambda': 0.0009792838207669117}. Best is trial 276 with value: 0.22881696398411586.
[I 2024-12-04 16:18:28,405] Trial 382 finished with value: 0.24068501064587064 and parameters: {'n_estimators': 1478, 'max_depth': 3, 'learning_rate': 0.0873097774371565, 'subsample': 0.7235825842805079, 'colsample_bytree': 0.6051419199909961, 'min_child_weight': 1, 'gamma': 0.00223745787845256, 'reg_alpha': 0.00026180769998510533, 'reg_lambda': 0.00039496872071217873}. Best is trial 276 with value: 0.22881696398411586.
[I 2024-12-04 16:18:28,480] Trial 367 finished with value: 0.24703570791663435 and parameters: {'n_estimators': 1247, 'max_depth': 4, 'learning_rate': 0.09538797438962694, 'subsample': 0.741351609026834, 'colsample_bytree': 0.6101024546079602, 'min_child_weight': 1, 'gamma': 4.9962260319670144e-05, 'reg_alpha': 0.00010669020085444852, 'reg_lambda': 3.7944297080762925e-05}. Best is trial 276 with value: 0.22881696398411586.
[I 2024-12-04 16:18:28,798] Trial 374 finished with value: 0.2590363883058753 and parameters: {'n_estimators': 1404, 'max_depth': 4, 'learning_rate': 0.05857014805300005, 'subsample': 0.7372682692625443, 'colsample_bytree': 0.6133840193192135, 'min_child_weight': 1, 'gamma': 9.668860025186525e-05, 'reg_alpha': 4.378369323347428e-05, 'reg_lambda': 0.0003538511458625028}. Best is trial 276 with value: 0.22881696398411586.
[I 2024-12-04 16:18:29,180] Trial 378 finished with value: 0.26182861654562656 and parameters: {'n_estimators': 1359, 'max_depth': 5, 'learning_rate': 0.0881874640491402, 'subsample': 0.7404573794477132, 'colsample_bytree': 0.6624556072859509, 'min_child_weight': 1, 'gamma': 5.573720204706357e-05, 'reg_alpha': 0.00010219081775589014, 'reg_lambda': 0.0005322867220684873}. Best is trial 276 with value: 0.22881696398411586.
Traceback (most recent call last):
  File "/zhome/b1/0/88900/miniconda3/envs/critprops/lib/python3.9/site-packages/sqlalchemy/engine/base.py", line 1967, in _exec_single_context
    self.dialect.do_execute(
  File "/zhome/b1/0/88900/miniconda3/envs/critprops/lib/python3.9/site-packages/sqlalchemy/engine/default.py", line 941, in do_execute
    cursor.execute(statement, parameters)
sqlite3.OperationalError: database is locked

The above exception was the direct cause of the following exception:

Traceback (most recent call last):
  File "/zhome/b1/0/88900/miniconda3/envs/critprops/lib/python3.9/site-packages/optuna/storages/_rdb/storage.py", line 80, in _create_scoped_session
    yield session
  File "/zhome/b1/0/88900/miniconda3/envs/critprops/lib/python3.9/site-packages/optuna/storages/_rdb/storage.py", line 734, in set_trial_system_attr
    self._set_trial_attr_without_commit(
  File "/zhome/b1/0/88900/miniconda3/envs/critprops/lib/python3.9/site-packages/optuna/storages/_rdb/storage.py", line 769, in _set_trial_attr_without_commit
    session.execute(sqlite_upsert_stmt)
  File "/zhome/b1/0/88900/miniconda3/envs/critprops/lib/python3.9/site-packages/sqlalchemy/orm/session.py", line 2362, in execute
    return self._execute_internal(
  File "/zhome/b1/0/88900/miniconda3/envs/critprops/lib/python3.9/site-packages/sqlalchemy/orm/session.py", line 2247, in _execute_internal
    result: Result[Any] = compile_state_cls.orm_execute_statement(
  File "/zhome/b1/0/88900/miniconda3/envs/critprops/lib/python3.9/site-packages/sqlalchemy/orm/bulk_persistence.py", line 1294, in orm_execute_statement
    result = conn.execute(
  File "/zhome/b1/0/88900/miniconda3/envs/critprops/lib/python3.9/site-packages/sqlalchemy/engine/base.py", line 1418, in execute
    return meth(
  File "/zhome/b1/0/88900/miniconda3/envs/critprops/lib/python3.9/site-packages/sqlalchemy/sql/elements.py", line 515, in _execute_on_connection
    return connection._execute_clauseelement(
  File "/zhome/b1/0/88900/miniconda3/envs/critprops/lib/python3.9/site-packages/sqlalchemy/engine/base.py", line 1640, in _execute_clauseelement
    ret = self._execute_context(
  File "/zhome/b1/0/88900/miniconda3/envs/critprops/lib/python3.9/site-packages/sqlalchemy/engine/base.py", line 1846, in _execute_context
    return self._exec_single_context(
  File "/zhome/b1/0/88900/miniconda3/envs/critprops/lib/python3.9/site-packages/sqlalchemy/engine/base.py", line 1986, in _exec_single_context
    self._handle_dbapi_exception(
  File "/zhome/b1/0/88900/miniconda3/envs/critprops/lib/python3.9/site-packages/sqlalchemy/engine/base.py", line 2355, in _handle_dbapi_exception
    raise sqlalchemy_exception.with_traceback(exc_info[2]) from e
  File "/zhome/b1/0/88900/miniconda3/envs/critprops/lib/python3.9/site-packages/sqlalchemy/engine/base.py", line 1967, in _exec_single_context
    self.dialect.do_execute(
  File "/zhome/b1/0/88900/miniconda3/envs/critprops/lib/python3.9/site-packages/sqlalchemy/engine/default.py", line 941, in do_execute
    cursor.execute(statement, parameters)
sqlalchemy.exc.OperationalError: (sqlite3.OperationalError) database is locked
[SQL: INSERT INTO trial_system_attributes (trial_id, "key", value_json) VALUES (?, ?, ?) ON CONFLICT (trial_id, "key") DO UPDATE SET value_json = excluded.value_json]
[parameters: (357, 'cma:large_n_eval', '0')]
(Background on this error at: https://sqlalche.me/e/20/e3q8)

The above exception was the direct cause of the following exception:

Traceback (most recent call last):
  File "/zhome/b1/0/88900/Documents/fair_gc/gc_ml.py", line 79, in <module>
    study, best_model = create_hyperparameter_optimizer(
  File "/zhome/b1/0/88900/Documents/fair_gc/src/optims.py", line 275, in create_hyperparameter_optimizer
    study.optimize(objective, n_trials=n_trials, n_jobs=n_jobs)
  File "/zhome/b1/0/88900/miniconda3/envs/critprops/lib/python3.9/site-packages/optuna/study/study.py", line 475, in optimize
    _optimize(
  File "/zhome/b1/0/88900/miniconda3/envs/critprops/lib/python3.9/site-packages/optuna/study/_optimize.py", line 100, in _optimize
    f.result()
  File "/zhome/b1/0/88900/miniconda3/envs/critprops/lib/python3.9/concurrent/futures/_base.py", line 439, in result
    return self.__get_result()
  File "/zhome/b1/0/88900/miniconda3/envs/critprops/lib/python3.9/concurrent/futures/_base.py", line 391, in __get_result
    raise self._exception
  File "/zhome/b1/0/88900/miniconda3/envs/critprops/lib/python3.9/concurrent/futures/thread.py", line 58, in run
    result = self.fn(*self.args, **self.kwargs)
  File "/zhome/b1/0/88900/miniconda3/envs/critprops/lib/python3.9/site-packages/optuna/study/_optimize.py", line 160, in _optimize_sequential
    frozen_trial = _run_trial(study, func, catch)
  File "/zhome/b1/0/88900/miniconda3/envs/critprops/lib/python3.9/site-packages/optuna/study/_optimize.py", line 248, in _run_trial
    raise func_err
  File "/zhome/b1/0/88900/miniconda3/envs/critprops/lib/python3.9/site-packages/optuna/study/_optimize.py", line 197, in _run_trial
    value_or_values = func(trial)
  File "/zhome/b1/0/88900/Documents/fair_gc/src/optims.py", line 242, in objective
    params = {
  File "/zhome/b1/0/88900/Documents/fair_gc/src/optims.py", line 243, in <dictcomp>
    name: suggest_fn(trial, name)
  File "/zhome/b1/0/88900/Documents/fair_gc/src/optims.py", line 164, in <lambda>
    return lambda trial, name: trial.suggest_int(
  File "/zhome/b1/0/88900/miniconda3/envs/critprops/lib/python3.9/site-packages/optuna/_convert_positional_args.py", line 83, in converter_wrapper
    return func(**kwargs)  # type: ignore[call-arg]
  File "/zhome/b1/0/88900/miniconda3/envs/critprops/lib/python3.9/site-packages/optuna/trial/_trial.py", line 324, in suggest_int
    suggested_value = int(self._suggest(name, distribution))
  File "/zhome/b1/0/88900/miniconda3/envs/critprops/lib/python3.9/site-packages/optuna/trial/_trial.py", line 627, in _suggest
    elif self._is_relative_param(name, distribution):
  File "/zhome/b1/0/88900/miniconda3/envs/critprops/lib/python3.9/site-packages/optuna/trial/_trial.py", line 659, in _is_relative_param
    if name not in self.relative_params:
  File "/zhome/b1/0/88900/miniconda3/envs/critprops/lib/python3.9/site-packages/optuna/trial/_trial.py", line 71, in relative_params
    self._relative_params = self.study.sampler.sample_relative(
  File "/zhome/b1/0/88900/.cache/optunahub/api.github.com/optuna/optunahub-registry/main/package/samplers/auto_sampler/_sampler.py", line 202, in sample_relative
    return self._sampler.sample_relative(study, trial, search_space)
  File "/zhome/b1/0/88900/miniconda3/envs/critprops/lib/python3.9/site-packages/optuna/samplers/_cmaes.py", line 515, in sample_relative
    study._storage.set_trial_system_attr(
  File "/zhome/b1/0/88900/miniconda3/envs/critprops/lib/python3.9/site-packages/optuna/storages/_cached_storage.py", line 198, in set_trial_system_attr
    self._backend.set_trial_system_attr(trial_id, key=key, value=value)
  File "/zhome/b1/0/88900/miniconda3/envs/critprops/lib/python3.9/site-packages/optuna/storages/_rdb/storage.py", line 734, in set_trial_system_attr
    self._set_trial_attr_without_commit(
  File "/zhome/b1/0/88900/miniconda3/envs/critprops/lib/python3.9/contextlib.py", line 137, in __exit__
    self.gen.throw(typ, value, traceback)
  File "/zhome/b1/0/88900/miniconda3/envs/critprops/lib/python3.9/site-packages/optuna/storages/_rdb/storage.py", line 98, in _create_scoped_session
    raise optuna.exceptions.StorageInternalError(message) from e
optuna.exceptions.StorageInternalError: An exception is raised during the commit. This typically happens due to invalid data in the commit, e.g. exceeding max length. 
