[I 2024-12-04 16:17:55,873] Using an existing study with name 'Vc_xgb' instead of creating a new one.
[I 2024-12-04 16:18:03,847] Trial 276 finished with value: 0.2613104885515605 and parameters: {'n_estimators': 686, 'max_depth': 8, 'learning_rate': 0.08633832960462945, 'subsample': 0.7190884333596892, 'colsample_bytree': 0.5223857972848166, 'min_child_weight': 1, 'gamma': 0.0013337548002893948, 'reg_alpha': 2.415272834668873e-05, 'reg_lambda': 3.268001707667378e-05}. Best is trial 255 with value: 0.2430312101440814.
[I 2024-12-04 16:18:05,237] Trial 290 finished with value: 0.26169753985297467 and parameters: {'n_estimators': 762, 'max_depth': 5, 'learning_rate': 0.07160554705899475, 'subsample': 0.7330410953020531, 'colsample_bytree': 0.6066543927056343, 'min_child_weight': 1, 'gamma': 6.974357009168051e-05, 'reg_alpha': 6.105472895272755e-05, 'reg_lambda': 3.2486578369795226e-05}. Best is trial 255 with value: 0.2430312101440814.
[I 2024-12-04 16:18:05,480] Trial 286 finished with value: 0.2676603044032588 and parameters: {'n_estimators': 551, 'max_depth': 4, 'learning_rate': 0.079769518510908, 'subsample': 0.7250048164729737, 'colsample_bytree': 0.5811871766503469, 'min_child_weight': 1, 'gamma': 0.0013792544383168783, 'reg_alpha': 1.1369968030982441e-05, 'reg_lambda': 0.00042397517888133194}. Best is trial 255 with value: 0.2430312101440814.
[I 2024-12-04 16:18:06,093] Trial 288 finished with value: 0.25571425633073824 and parameters: {'n_estimators': 822, 'max_depth': 4, 'learning_rate': 0.08774160236723859, 'subsample': 0.7352926708698087, 'colsample_bytree': 0.5896284446253873, 'min_child_weight': 1, 'gamma': 0.00033672066591857206, 'reg_alpha': 4.146268310520903e-05, 'reg_lambda': 1.2546108424511343e-05}. Best is trial 255 with value: 0.2430312101440814.
[I 2024-12-04 16:18:06,880] Trial 279 finished with value: 0.26481023945182924 and parameters: {'n_estimators': 707, 'max_depth': 4, 'learning_rate': 0.07369248650040515, 'subsample': 0.7532033242151348, 'colsample_bytree': 0.5696092075715768, 'min_child_weight': 1, 'gamma': 0.00023163153702352677, 'reg_alpha': 1.647650950114808e-05, 'reg_lambda': 3.3946861414017485e-05}. Best is trial 255 with value: 0.2430312101440814.
[I 2024-12-04 16:18:06,988] Trial 287 finished with value: 0.27766946335108894 and parameters: {'n_estimators': 808, 'max_depth': 7, 'learning_rate': 0.08197427063840976, 'subsample': 0.7014173192514352, 'colsample_bytree': 0.5690128853578185, 'min_child_weight': 1, 'gamma': 0.0003060001862165676, 'reg_alpha': 1.1763256174431004e-05, 'reg_lambda': 1.0213583464487657e-05}. Best is trial 255 with value: 0.2430312101440814.
[I 2024-12-04 16:18:07,181] Trial 295 finished with value: 0.2551006256332596 and parameters: {'n_estimators': 876, 'max_depth': 5, 'learning_rate': 0.07794388023766351, 'subsample': 0.7502938927730868, 'colsample_bytree': 0.5412597822402061, 'min_child_weight': 1, 'gamma': 6.222512463366834e-05, 'reg_alpha': 3.327318654324578e-05, 'reg_lambda': 2.8739473455428956e-05}. Best is trial 255 with value: 0.2430312101440814.
[I 2024-12-04 16:18:07,556] Trial 289 finished with value: 0.2625754377013386 and parameters: {'n_estimators': 533, 'max_depth': 6, 'learning_rate': 0.0800002288582754, 'subsample': 0.7165602473325445, 'colsample_bytree': 0.5276883073781655, 'min_child_weight': 1, 'gamma': 0.00037460185568389474, 'reg_alpha': 1.7352828906082762e-05, 'reg_lambda': 2.4102290838742274e-05}. Best is trial 255 with value: 0.2430312101440814.
[I 2024-12-04 16:18:07,780] Trial 281 finished with value: 0.27305948640517375 and parameters: {'n_estimators': 658, 'max_depth': 6, 'learning_rate': 0.08416719189136486, 'subsample': 0.7068765165118022, 'colsample_bytree': 0.6138616822424164, 'min_child_weight': 1, 'gamma': 0.0003184060333857732, 'reg_alpha': 4.0839588209024396e-05, 'reg_lambda': 6.42200776951325e-05}. Best is trial 255 with value: 0.2430312101440814.
[I 2024-12-04 16:18:08,194] Trial 305 finished with value: 0.25387955942196927 and parameters: {'n_estimators': 817, 'max_depth': 5, 'learning_rate': 0.07277028761347448, 'subsample': 0.7139719115527887, 'colsample_bytree': 0.5722049164264235, 'min_child_weight': 1, 'gamma': 3.823764954310252e-05, 'reg_alpha': 2.3001062737841203e-05, 'reg_lambda': 0.0002664957367834136}. Best is trial 255 with value: 0.2430312101440814.
[I 2024-12-04 16:18:08,313] Trial 292 finished with value: 0.267613240481337 and parameters: {'n_estimators': 789, 'max_depth': 6, 'learning_rate': 0.08469567126792311, 'subsample': 0.7546063194013313, 'colsample_bytree': 0.5962082106273132, 'min_child_weight': 1, 'gamma': 3.164868589996111e-05, 'reg_alpha': 1.8512670697838672e-05, 'reg_lambda': 0.00024356791791002884}. Best is trial 255 with value: 0.2430312101440814.
[I 2024-12-04 16:18:08,536] Trial 293 finished with value: 0.264524903608393 and parameters: {'n_estimators': 758, 'max_depth': 6, 'learning_rate': 0.07728905946003689, 'subsample': 0.7079640029339065, 'colsample_bytree': 0.5717235593175225, 'min_child_weight': 1, 'gamma': 0.000730853348804972, 'reg_alpha': 1.141750060043953e-05, 'reg_lambda': 8.211425260389695e-05}. Best is trial 255 with value: 0.2430312101440814.
[I 2024-12-04 16:18:09,004] Trial 285 finished with value: 0.3613736064289756 and parameters: {'n_estimators': 436, 'max_depth': 6, 'learning_rate': 0.0887741477144357, 'subsample': 0.7001835316509822, 'colsample_bytree': 0.5521495242312433, 'min_child_weight': 2, 'gamma': 1.2213468109687189e-05, 'reg_alpha': 4.666760171003777e-05, 'reg_lambda': 0.00010675210195290748}. Best is trial 255 with value: 0.2430312101440814.
[I 2024-12-04 16:18:09,348] Trial 280 finished with value: 0.2525278650863834 and parameters: {'n_estimators': 644, 'max_depth': 5, 'learning_rate': 0.09718770113532804, 'subsample': 0.7283879480361549, 'colsample_bytree': 0.5146865794298088, 'min_child_weight': 1, 'gamma': 0.00025835663032083476, 'reg_alpha': 2.05409147319934e-05, 'reg_lambda': 0.00011919833470472535}. Best is trial 255 with value: 0.2430312101440814.
[I 2024-12-04 16:18:09,350] Trial 278 finished with value: 0.24628867638119167 and parameters: {'n_estimators': 874, 'max_depth': 5, 'learning_rate': 0.08562215602386922, 'subsample': 0.7109793479810856, 'colsample_bytree': 0.580361516445398, 'min_child_weight': 1, 'gamma': 3.301309810927796e-05, 'reg_alpha': 9.415071172556954e-05, 'reg_lambda': 2.1215462248617194e-05}. Best is trial 255 with value: 0.2430312101440814.
[I 2024-12-04 16:18:09,442] Trial 299 finished with value: 0.3355565616993679 and parameters: {'n_estimators': 647, 'max_depth': 4, 'learning_rate': 0.09627812294835189, 'subsample': 0.7040048033132328, 'colsample_bytree': 0.5086483856996421, 'min_child_weight': 2, 'gamma': 0.00014791544426726386, 'reg_alpha': 2.573780639645167e-05, 'reg_lambda': 9.264931221726586e-05}. Best is trial 255 with value: 0.2430312101440814.
[I 2024-12-04 16:18:09,950] Trial 306 finished with value: 0.2552448910590863 and parameters: {'n_estimators': 628, 'max_depth': 5, 'learning_rate': 0.08115309112658352, 'subsample': 0.7065757443870728, 'colsample_bytree': 0.5897277483882376, 'min_child_weight': 1, 'gamma': 0.00010179116750652172, 'reg_alpha': 3.310575674677044e-05, 'reg_lambda': 4.581183783690016e-05}. Best is trial 255 with value: 0.2430312101440814.
[I 2024-12-04 16:18:10,584] Trial 283 finished with value: 0.25170402483591187 and parameters: {'n_estimators': 897, 'max_depth': 6, 'learning_rate': 0.09973493691169898, 'subsample': 0.7679559363816241, 'colsample_bytree': 0.5023563046608008, 'min_child_weight': 1, 'gamma': 3.962966016785125e-05, 'reg_alpha': 1.1540790066825478e-05, 'reg_lambda': 3.132888406398381e-05}. Best is trial 255 with value: 0.2430312101440814.
[I 2024-12-04 16:18:10,860] Trial 284 finished with value: 0.3388027208976564 and parameters: {'n_estimators': 780, 'max_depth': 5, 'learning_rate': 0.07648665743332717, 'subsample': 0.7276326092627569, 'colsample_bytree': 0.5090217919127858, 'min_child_weight': 2, 'gamma': 0.00012337947453900766, 'reg_alpha': 1.3871561368505307e-05, 'reg_lambda': 4.51985614225469e-05}. Best is trial 255 with value: 0.2430312101440814.
[I 2024-12-04 16:18:12,126] Trial 307 finished with value: 0.3247099220727819 and parameters: {'n_estimators': 596, 'max_depth': 5, 'learning_rate': 0.09213669758995612, 'subsample': 0.748992468997095, 'colsample_bytree': 0.5009040600166198, 'min_child_weight': 2, 'gamma': 0.00016220178263328866, 'reg_alpha': 1.3965132254256853e-05, 'reg_lambda': 1.578782040774895e-05}. Best is trial 255 with value: 0.2430312101440814.
[I 2024-12-04 16:18:12,676] Trial 297 finished with value: 0.2635570556602411 and parameters: {'n_estimators': 734, 'max_depth': 4, 'learning_rate': 0.0610293809339744, 'subsample': 0.7120151452637462, 'colsample_bytree': 0.5330012056857252, 'min_child_weight': 1, 'gamma': 7.366805464453683e-05, 'reg_alpha': 1.8145797839602452e-05, 'reg_lambda': 1.5591614944142506e-05}. Best is trial 255 with value: 0.2430312101440814.
[I 2024-12-04 16:18:13,922] Trial 300 finished with value: 0.25442403361694793 and parameters: {'n_estimators': 807, 'max_depth': 6, 'learning_rate': 0.09525476742793111, 'subsample': 0.7327605647857544, 'colsample_bytree': 0.5285853300585243, 'min_child_weight': 1, 'gamma': 0.00026703053664388425, 'reg_alpha': 1.4864421709388747e-05, 'reg_lambda': 0.00021676937230936336}. Best is trial 255 with value: 0.2430312101440814.
[I 2024-12-04 16:18:14,133] Trial 291 finished with value: 0.25115855351614463 and parameters: {'n_estimators': 707, 'max_depth': 5, 'learning_rate': 0.09957025115286983, 'subsample': 0.7537914629773057, 'colsample_bytree': 0.5385948092323809, 'min_child_weight': 1, 'gamma': 0.0002302416553011164, 'reg_alpha': 2.145446064543031e-05, 'reg_lambda': 4.8597466130357887e-05}. Best is trial 255 with value: 0.2430312101440814.
[I 2024-12-04 16:18:14,521] Trial 303 finished with value: 0.3437977948606542 and parameters: {'n_estimators': 766, 'max_depth': 6, 'learning_rate': 0.06607430274996402, 'subsample': 0.7384538860320655, 'colsample_bytree': 0.5488641546762845, 'min_child_weight': 2, 'gamma': 3.618714488251162e-05, 'reg_alpha': 1.4024062176939202e-05, 'reg_lambda': 2.838717397172553e-05}. Best is trial 255 with value: 0.2430312101440814.
[I 2024-12-04 16:18:14,878] Trial 298 finished with value: 0.25361119672654026 and parameters: {'n_estimators': 688, 'max_depth': 6, 'learning_rate': 0.08349390796429271, 'subsample': 0.7030525031151624, 'colsample_bytree': 0.5096976791797151, 'min_child_weight': 1, 'gamma': 2.2411455278197357e-05, 'reg_alpha': 2.528913079218496e-05, 'reg_lambda': 4.265467609045145e-05}. Best is trial 255 with value: 0.2430312101440814.
[I 2024-12-04 16:18:15,829] Trial 301 finished with value: 0.2530357066928214 and parameters: {'n_estimators': 805, 'max_depth': 7, 'learning_rate': 0.07518359578682263, 'subsample': 0.7241989593564457, 'colsample_bytree': 0.533522450651597, 'min_child_weight': 1, 'gamma': 5.382138475505025e-05, 'reg_alpha': 2.082167787200038e-05, 'reg_lambda': 0.0002837087816295922}. Best is trial 255 with value: 0.2430312101440814.
[I 2024-12-04 16:18:15,894] Trial 304 finished with value: 0.2621552862972512 and parameters: {'n_estimators': 384, 'max_depth': 6, 'learning_rate': 0.08603158436701057, 'subsample': 0.729470721617761, 'colsample_bytree': 0.5020183444483934, 'min_child_weight': 1, 'gamma': 0.00044439823263551684, 'reg_alpha': 2.2975808785404968e-05, 'reg_lambda': 1.3321682967899845e-05}. Best is trial 255 with value: 0.2430312101440814.
[I 2024-12-04 16:18:17,329] Trial 277 finished with value: 0.2559380472669312 and parameters: {'n_estimators': 761, 'max_depth': 6, 'learning_rate': 0.09309535080413603, 'subsample': 0.7329532739385491, 'colsample_bytree': 0.562019987740221, 'min_child_weight': 1, 'gamma': 1.5326158028197982e-05, 'reg_alpha': 1.0140071902723279e-05, 'reg_lambda': 1.404665270040081e-05}. Best is trial 255 with value: 0.2430312101440814.
[I 2024-12-04 16:18:17,371] Trial 309 finished with value: 0.27063950627541566 and parameters: {'n_estimators': 929, 'max_depth': 7, 'learning_rate': 0.08438364993081496, 'subsample': 0.7144268769482047, 'colsample_bytree': 0.5799868046508393, 'min_child_weight': 1, 'gamma': 5.1353178900771084e-05, 'reg_alpha': 1.9594349079101023e-05, 'reg_lambda': 0.0004366501973108159}. Best is trial 255 with value: 0.2430312101440814.
[I 2024-12-04 16:18:17,694] Trial 294 finished with value: 0.2616897297345755 and parameters: {'n_estimators': 432, 'max_depth': 5, 'learning_rate': 0.09746196990305106, 'subsample': 0.7058577437094057, 'colsample_bytree': 0.5625738184288187, 'min_child_weight': 1, 'gamma': 0.0005155267259770258, 'reg_alpha': 2.2610438900329372e-05, 'reg_lambda': 1.1036984342538495e-05}. Best is trial 255 with value: 0.2430312101440814.
[I 2024-12-04 16:18:17,744] Trial 282 finished with value: 0.3386114207129294 and parameters: {'n_estimators': 910, 'max_depth': 7, 'learning_rate': 0.0929389670050651, 'subsample': 0.7232677104970514, 'colsample_bytree': 0.5360577477820542, 'min_child_weight': 2, 'gamma': 0.00013700202279084275, 'reg_alpha': 4.286381340044637e-05, 'reg_lambda': 4.371533971674066e-05}. Best is trial 255 with value: 0.2430312101440814.
[I 2024-12-04 16:18:17,932] Trial 308 finished with value: 0.27513637844076605 and parameters: {'n_estimators': 701, 'max_depth': 7, 'learning_rate': 0.09150022491714364, 'subsample': 0.7371742791631561, 'colsample_bytree': 0.6269965140412143, 'min_child_weight': 1, 'gamma': 0.00020590333625259186, 'reg_alpha': 1.4163920978453761e-05, 'reg_lambda': 5.760056086570088e-05}. Best is trial 255 with value: 0.2430312101440814.
[I 2024-12-04 16:18:18,322] Trial 312 finished with value: 0.2838745280079795 and parameters: {'n_estimators': 462, 'max_depth': 6, 'learning_rate': 0.05691496997256926, 'subsample': 0.7471084623774271, 'colsample_bytree': 0.5994452048308041, 'min_child_weight': 1, 'gamma': 0.00283174047539002, 'reg_alpha': 4.791281921700449e-05, 'reg_lambda': 1.1602979118135207e-05}. Best is trial 302 with value: 0.24300377426715497.
[I 2024-12-04 16:18:19,219] Trial 296 finished with value: 0.2631050481645492 and parameters: {'n_estimators': 814, 'max_depth': 3, 'learning_rate': 0.09190074811155786, 'subsample': 0.7205091819378173, 'colsample_bytree': 0.5336608425682967, 'min_child_weight': 1, 'gamma': 0.00012207005552002143, 'reg_alpha': 3.5694423593986514e-05, 'reg_lambda': 4.267780074387178e-05}. Best is trial 302 with value: 0.24300377426715497.
[I 2024-12-04 16:18:19,658] Trial 302 finished with value: 0.24300377426715497 and parameters: {'n_estimators': 903, 'max_depth': 5, 'learning_rate': 0.09609728899033378, 'subsample': 0.7324749998764937, 'colsample_bytree': 0.5541132432136427, 'min_child_weight': 1, 'gamma': 7.314805696409743e-05, 'reg_alpha': 4.2018658226480174e-05, 'reg_lambda': 0.0005538354044203041}. Best is trial 302 with value: 0.24300377426715497.
[I 2024-12-04 16:18:21,039] Trial 314 finished with value: 0.2648973684824935 and parameters: {'n_estimators': 737, 'max_depth': 6, 'learning_rate': 0.08397418507146112, 'subsample': 0.7318008796471055, 'colsample_bytree': 0.5377169861311948, 'min_child_weight': 1, 'gamma': 0.0005716050031014624, 'reg_alpha': 1.7203123412736625e-05, 'reg_lambda': 8.115465595136418e-05}. Best is trial 302 with value: 0.24300377426715497.
[I 2024-12-04 16:18:21,339] Trial 311 finished with value: 0.2744273680429226 and parameters: {'n_estimators': 637, 'max_depth': 6, 'learning_rate': 0.08108937522430601, 'subsample': 0.7185473892832666, 'colsample_bytree': 0.6228156364407066, 'min_child_weight': 1, 'gamma': 0.0017227797706466012, 'reg_alpha': 1.0097369858463309e-05, 'reg_lambda': 1.1384390966109942e-05}. Best is trial 302 with value: 0.24300377426715497.
[I 2024-12-04 16:18:21,462] Trial 320 finished with value: 0.2548232172665529 and parameters: {'n_estimators': 967, 'max_depth': 5, 'learning_rate': 0.07575319544537071, 'subsample': 0.7055733837942134, 'colsample_bytree': 0.5477276314679105, 'min_child_weight': 1, 'gamma': 0.00024184730224278901, 'reg_alpha': 8.137747370423695e-05, 'reg_lambda': 2.037511369225481e-05}. Best is trial 302 with value: 0.24300377426715497.
[I 2024-12-04 16:18:21,816] Trial 321 finished with value: 0.27721764910065244 and parameters: {'n_estimators': 764, 'max_depth': 6, 'learning_rate': 0.06772065739321641, 'subsample': 0.7263190613100428, 'colsample_bytree': 0.6339748574833755, 'min_child_weight': 1, 'gamma': 3.254075763759183e-05, 'reg_alpha': 4.3864435310925014e-05, 'reg_lambda': 0.00047330194381392217}. Best is trial 302 with value: 0.24300377426715497.
[I 2024-12-04 16:18:25,249] Trial 316 finished with value: 0.25343718775818447 and parameters: {'n_estimators': 763, 'max_depth': 5, 'learning_rate': 0.07292293629656693, 'subsample': 0.7166006002444468, 'colsample_bytree': 0.572087358458216, 'min_child_weight': 1, 'gamma': 0.0003694356655509036, 'reg_alpha': 7.937486747838165e-05, 'reg_lambda': 7.670893946779829e-05}. Best is trial 302 with value: 0.24300377426715497.
[I 2024-12-04 16:18:25,766] Trial 310 finished with value: 0.2767244409798557 and parameters: {'n_estimators': 1018, 'max_depth': 6, 'learning_rate': 0.06311290146691223, 'subsample': 0.7276074798875865, 'colsample_bytree': 0.6360567527964122, 'min_child_weight': 1, 'gamma': 0.0004873635615711151, 'reg_alpha': 0.00011632574107012152, 'reg_lambda': 1.7250840259919704e-05}. Best is trial 302 with value: 0.24300377426715497.
[I 2024-12-04 16:18:25,854] Trial 317 finished with value: 0.2746947827451617 and parameters: {'n_estimators': 682, 'max_depth': 6, 'learning_rate': 0.07521246941062136, 'subsample': 0.7235349557080298, 'colsample_bytree': 0.5477445177931436, 'min_child_weight': 1, 'gamma': 0.00022697663744279076, 'reg_alpha': 1.2158821016424826e-05, 'reg_lambda': 0.00023515724370205766}. Best is trial 302 with value: 0.24300377426715497.
[I 2024-12-04 16:18:26,188] Trial 322 finished with value: 0.25420275560491457 and parameters: {'n_estimators': 610, 'max_depth': 7, 'learning_rate': 0.09921006621777059, 'subsample': 0.7175458088433575, 'colsample_bytree': 0.5286831321915871, 'min_child_weight': 1, 'gamma': 3.2981414944623524e-05, 'reg_alpha': 6.634232294313873e-05, 'reg_lambda': 0.0008944682284873432}. Best is trial 302 with value: 0.24300377426715497.
[I 2024-12-04 16:18:27,044] Trial 330 finished with value: 0.2749633843093538 and parameters: {'n_estimators': 1042, 'max_depth': 7, 'learning_rate': 0.08772086264960029, 'subsample': 0.7179638647229393, 'colsample_bytree': 0.6524874005041582, 'min_child_weight': 1, 'gamma': 7.434750591991647e-05, 'reg_alpha': 1.4216155170645788e-05, 'reg_lambda': 0.0002622228391374419}. Best is trial 302 with value: 0.24300377426715497.
[I 2024-12-04 16:18:28,208] Trial 315 finished with value: 0.3346328696967846 and parameters: {'n_estimators': 808, 'max_depth': 7, 'learning_rate': 0.08598729564041865, 'subsample': 0.76834868059726, 'colsample_bytree': 0.5171752506463867, 'min_child_weight': 2, 'gamma': 0.0018055439665973427, 'reg_alpha': 1.0234226537213063e-05, 'reg_lambda': 0.00021298820831744294}. Best is trial 302 with value: 0.24300377426715497.
[I 2024-12-04 16:18:28,498] Trial 324 finished with value: 0.3303901366854414 and parameters: {'n_estimators': 751, 'max_depth': 6, 'learning_rate': 0.09886188336231949, 'subsample': 0.7107180296436767, 'colsample_bytree': 0.5342980499042262, 'min_child_weight': 2, 'gamma': 0.0004159601443739867, 'reg_alpha': 1.1463924766028172e-05, 'reg_lambda': 0.00019521749718878797}. Best is trial 302 with value: 0.24300377426715497.
[I 2024-12-04 16:18:28,733] Trial 339 finished with value: 0.2498298102169197 and parameters: {'n_estimators': 556, 'max_depth': 6, 'learning_rate': 0.07747224236042764, 'subsample': 0.7590720359089554, 'colsample_bytree': 0.5332828592687572, 'min_child_weight': 1, 'gamma': 3.920654960535041e-05, 'reg_alpha': 3.774048209490507e-05, 'reg_lambda': 0.0001450261451402556}. Best is trial 302 with value: 0.24300377426715497.
[I 2024-12-04 16:18:28,782] Trial 326 finished with value: 0.27117478949396473 and parameters: {'n_estimators': 897, 'max_depth': 5, 'learning_rate': 0.08831658514295483, 'subsample': 0.7673288486381208, 'colsample_bytree': 0.6242553132429377, 'min_child_weight': 1, 'gamma': 2.2235440708794483e-05, 'reg_alpha': 7.521330278268879e-05, 'reg_lambda': 0.0005674819926929993}. Best is trial 302 with value: 0.24300377426715497.
[I 2024-12-04 16:18:29,016] Trial 319 finished with value: 0.24998208707015793 and parameters: {'n_estimators': 1155, 'max_depth': 5, 'learning_rate': 0.07883839261726021, 'subsample': 0.7526369521250547, 'colsample_bytree': 0.5752896091432795, 'min_child_weight': 1, 'gamma': 8.914488893489492e-05, 'reg_alpha': 4.0353464569546276e-05, 'reg_lambda': 2.7172843072980084e-05}. Best is trial 302 with value: 0.24300377426715497.
[I 2024-12-04 16:18:29,041] Trial 329 finished with value: 0.2607859445349872 and parameters: {'n_estimators': 490, 'max_depth': 5, 'learning_rate': 0.08479484294904256, 'subsample': 0.725794966960967, 'colsample_bytree': 0.5873484985062958, 'min_child_weight': 1, 'gamma': 0.0004417286490218085, 'reg_alpha': 5.0366058105792596e-05, 'reg_lambda': 1.2570617699269831e-05}. Best is trial 302 with value: 0.24300377426715497.
[I 2024-12-04 16:18:29,874] Trial 313 finished with value: 0.3423026334446491 and parameters: {'n_estimators': 823, 'max_depth': 4, 'learning_rate': 0.09994063132772495, 'subsample': 0.7368846660027354, 'colsample_bytree': 0.5454412399321107, 'min_child_weight': 2, 'gamma': 0.0018046092453495237, 'reg_alpha': 4.146715870436226e-05, 'reg_lambda': 1.2716687579156434e-05}. Best is trial 302 with value: 0.24300377426715497.
[I 2024-12-04 16:18:30,107] Trial 318 finished with value: 0.25099903834186077 and parameters: {'n_estimators': 843, 'max_depth': 5, 'learning_rate': 0.07071756087746822, 'subsample': 0.7370328068150118, 'colsample_bytree': 0.5271096510064264, 'min_child_weight': 1, 'gamma': 6.885780450023784e-05, 'reg_alpha': 0.0002815437540765106, 'reg_lambda': 0.0008570819339044416}. Best is trial 302 with value: 0.24300377426715497.
[I 2024-12-04 16:18:30,978] Trial 332 finished with value: 0.34657341506290557 and parameters: {'n_estimators': 885, 'max_depth': 6, 'learning_rate': 0.08112005778930231, 'subsample': 0.7314362296311611, 'colsample_bytree': 0.5569000463009995, 'min_child_weight': 2, 'gamma': 1.2387575149453058e-05, 'reg_alpha': 1.3271894093301466e-05, 'reg_lambda': 0.0002686991785849348}. Best is trial 302 with value: 0.24300377426715497.
[I 2024-12-04 16:18:31,383] Trial 340 finished with value: 0.27430266511314383 and parameters: {'n_estimators': 732, 'max_depth': 5, 'learning_rate': 0.06234012158772584, 'subsample': 0.7274482023797575, 'colsample_bytree': 0.5924675388446596, 'min_child_weight': 1, 'gamma': 4.812011016012733e-05, 'reg_alpha': 0.0004287249224895788, 'reg_lambda': 6.808705194474778e-05}. Best is trial 302 with value: 0.24300377426715497.
[I 2024-12-04 16:18:31,407] Trial 323 finished with value: 0.2756183263342613 and parameters: {'n_estimators': 844, 'max_depth': 7, 'learning_rate': 0.09764906308570567, 'subsample': 0.734693172843957, 'colsample_bytree': 0.6095272178985612, 'min_child_weight': 1, 'gamma': 0.00018596222577120495, 'reg_alpha': 2.000818709383194e-05, 'reg_lambda': 8.214497848284258e-05}. Best is trial 302 with value: 0.24300377426715497.
[I 2024-12-04 16:18:31,533] Trial 341 finished with value: 0.2773440182435791 and parameters: {'n_estimators': 779, 'max_depth': 5, 'learning_rate': 0.05194767001734979, 'subsample': 0.712343714441899, 'colsample_bytree': 0.5923832956379581, 'min_child_weight': 1, 'gamma': 0.0005036898658087479, 'reg_alpha': 8.572646046527652e-05, 'reg_lambda': 4.184677823562165e-05}. Best is trial 302 with value: 0.24300377426715497.
[I 2024-12-04 16:18:32,216] Trial 325 finished with value: 0.2451187730190195 and parameters: {'n_estimators': 1022, 'max_depth': 6, 'learning_rate': 0.09822794832017438, 'subsample': 0.7221643268626718, 'colsample_bytree': 0.5302858984946497, 'min_child_weight': 1, 'gamma': 0.0001267225017017113, 'reg_alpha': 4.833502134911459e-05, 'reg_lambda': 1.1052113895808471e-05}. Best is trial 302 with value: 0.24300377426715497.
[I 2024-12-04 16:18:32,444] Trial 327 finished with value: 0.2458728066583356 and parameters: {'n_estimators': 969, 'max_depth': 6, 'learning_rate': 0.09598294808578188, 'subsample': 0.729902455876948, 'colsample_bytree': 0.5060270233117367, 'min_child_weight': 1, 'gamma': 0.0001481956154548456, 'reg_alpha': 1.2163847837394248e-05, 'reg_lambda': 8.067400906464016e-05}. Best is trial 302 with value: 0.24300377426715497.
[I 2024-12-04 16:18:34,317] Trial 335 finished with value: 0.35662735652010613 and parameters: {'n_estimators': 859, 'max_depth': 6, 'learning_rate': 0.08696277688819759, 'subsample': 0.7124329574110851, 'colsample_bytree': 0.560617778589037, 'min_child_weight': 2, 'gamma': 3.1584608233184746e-05, 'reg_alpha': 1.1233388323999068e-05, 'reg_lambda': 8.708121066903636e-05}. Best is trial 302 with value: 0.24300377426715497.
[I 2024-12-04 16:18:34,418] Trial 337 finished with value: 0.2636765486628959 and parameters: {'n_estimators': 773, 'max_depth': 7, 'learning_rate': 0.09598135275320153, 'subsample': 0.7799558835123901, 'colsample_bytree': 0.5301116838441173, 'min_child_weight': 1, 'gamma': 0.0002224558143581273, 'reg_alpha': 6.059139489127335e-05, 'reg_lambda': 0.00040615089639014763}. Best is trial 302 with value: 0.24300377426715497.
[I 2024-12-04 16:18:34,609] Trial 344 finished with value: 0.26638703824427623 and parameters: {'n_estimators': 871, 'max_depth': 7, 'learning_rate': 0.0785636644636168, 'subsample': 0.7079754487621334, 'colsample_bytree': 0.5705144169923091, 'min_child_weight': 1, 'gamma': 0.00017644435209768043, 'reg_alpha': 4.4680819433566946e-05, 'reg_lambda': 0.0012868279184336546}. Best is trial 302 with value: 0.24300377426715497.
[I 2024-12-04 16:18:34,664] Trial 328 finished with value: 0.25539274811105755 and parameters: {'n_estimators': 867, 'max_depth': 5, 'learning_rate': 0.09602662994828308, 'subsample': 0.7549395258371729, 'colsample_bytree': 0.5304297012494159, 'min_child_weight': 1, 'gamma': 2.6670419619032044e-05, 'reg_alpha': 4.6703371613168755e-05, 'reg_lambda': 0.00013144739098451118}. Best is trial 302 with value: 0.24300377426715497.
[I 2024-12-04 16:18:35,995] Trial 333 finished with value: 0.2759488911549062 and parameters: {'n_estimators': 645, 'max_depth': 7, 'learning_rate': 0.09573829338007345, 'subsample': 0.7254134756771131, 'colsample_bytree': 0.6007979038273052, 'min_child_weight': 1, 'gamma': 4.4722105930801894e-05, 'reg_alpha': 4.1234493158201645e-05, 'reg_lambda': 1.635716802334333e-05}. Best is trial 302 with value: 0.24300377426715497.
[I 2024-12-04 16:18:36,114] Trial 331 finished with value: 0.2590883049307926 and parameters: {'n_estimators': 725, 'max_depth': 6, 'learning_rate': 0.056950265415838947, 'subsample': 0.7281142823451006, 'colsample_bytree': 0.5215618997547175, 'min_child_weight': 1, 'gamma': 0.00018553180141246028, 'reg_alpha': 0.00010131581511704285, 'reg_lambda': 3.7048121346028733e-05}. Best is trial 302 with value: 0.24300377426715497.
[I 2024-12-04 16:18:36,552] Trial 338 finished with value: 0.26134288119845156 and parameters: {'n_estimators': 831, 'max_depth': 5, 'learning_rate': 0.075042053737699, 'subsample': 0.7163491868263877, 'colsample_bytree': 0.5559178305258655, 'min_child_weight': 1, 'gamma': 3.588478742853482e-05, 'reg_alpha': 6.596115925394861e-05, 'reg_lambda': 0.00025986303032170233}. Best is trial 302 with value: 0.24300377426715497.
[I 2024-12-04 16:18:36,817] Trial 345 finished with value: 0.27752246394956553 and parameters: {'n_estimators': 784, 'max_depth': 4, 'learning_rate': 0.09775182734032341, 'subsample': 0.7884359690942746, 'colsample_bytree': 0.6119120630557993, 'min_child_weight': 1, 'gamma': 0.0011744783756425367, 'reg_alpha': 3.4970491179603784e-05, 'reg_lambda': 9.654647064537007e-05}. Best is trial 302 with value: 0.24300377426715497.
[I 2024-12-04 16:18:37,750] Trial 342 finished with value: 0.2698698208093023 and parameters: {'n_estimators': 1235, 'max_depth': 3, 'learning_rate': 0.06768331016849845, 'subsample': 0.7448117868042949, 'colsample_bytree': 0.5958292007111213, 'min_child_weight': 1, 'gamma': 3.6939755697356376e-05, 'reg_alpha': 4.355296627684005e-05, 'reg_lambda': 0.00939731621970066}. Best is trial 302 with value: 0.24300377426715497.
[I 2024-12-04 16:18:38,117] Trial 334 finished with value: 0.2745597564931758 and parameters: {'n_estimators': 812, 'max_depth': 6, 'learning_rate': 0.09531558916971242, 'subsample': 0.7358818313063957, 'colsample_bytree': 0.6401265921600626, 'min_child_weight': 1, 'gamma': 0.00031992399568380744, 'reg_alpha': 6.541333747935226e-05, 'reg_lambda': 4.4892034610547646e-05}. Best is trial 302 with value: 0.24300377426715497.
[I 2024-12-04 16:18:38,391] Trial 343 finished with value: 0.25191046407033235 and parameters: {'n_estimators': 804, 'max_depth': 5, 'learning_rate': 0.08237930603849905, 'subsample': 0.7367584188756288, 'colsample_bytree': 0.5574215145588403, 'min_child_weight': 1, 'gamma': 3.147732795989933e-05, 'reg_alpha': 4.7433349173430666e-05, 'reg_lambda': 0.0001473967593121768}. Best is trial 302 with value: 0.24300377426715497.
[I 2024-12-04 16:18:38,760] Trial 347 finished with value: 0.2808713699417557 and parameters: {'n_estimators': 818, 'max_depth': 4, 'learning_rate': 0.0760011787895301, 'subsample': 0.7427391163838921, 'colsample_bytree': 0.6305487850627433, 'min_child_weight': 1, 'gamma': 2.997766362357014e-05, 'reg_alpha': 1.0446171919136822e-05, 'reg_lambda': 0.00022664061460153916}. Best is trial 302 with value: 0.24300377426715497.
[I 2024-12-04 16:18:38,889] Trial 336 finished with value: 0.26227315602686874 and parameters: {'n_estimators': 628, 'max_depth': 6, 'learning_rate': 0.07940922761069732, 'subsample': 0.7518805605829992, 'colsample_bytree': 0.5611718964211047, 'min_child_weight': 1, 'gamma': 0.0002931816253826656, 'reg_alpha': 0.00029485648114231335, 'reg_lambda': 0.0001384137105641744}. Best is trial 302 with value: 0.24300377426715497.
[I 2024-12-04 16:18:39,772] Trial 353 finished with value: 0.25937177747896994 and parameters: {'n_estimators': 593, 'max_depth': 5, 'learning_rate': 0.09999792110598008, 'subsample': 0.7809597532355486, 'colsample_bytree': 0.5482328908174449, 'min_child_weight': 1, 'gamma': 7.715159237771418e-05, 'reg_alpha': 3.241730569440629e-05, 'reg_lambda': 0.00010802931774682262}. Best is trial 302 with value: 0.24300377426715497.
[I 2024-12-04 16:18:41,984] Trial 355 finished with value: 0.2542769513390971 and parameters: {'n_estimators': 1035, 'max_depth': 4, 'learning_rate': 0.09398901378535988, 'subsample': 0.7539272246018419, 'colsample_bytree': 0.5952518574661746, 'min_child_weight': 1, 'gamma': 0.0021461764038720357, 'reg_alpha': 2.6420257924269756e-05, 'reg_lambda': 1.3401619799624538e-05}. Best is trial 302 with value: 0.24300377426715497.
[I 2024-12-04 16:18:42,040] Trial 348 finished with value: 0.2596138173051514 and parameters: {'n_estimators': 831, 'max_depth': 6, 'learning_rate': 0.09375057092588433, 'subsample': 0.733803320389095, 'colsample_bytree': 0.5523767910653709, 'min_child_weight': 1, 'gamma': 0.00039337869505932547, 'reg_alpha': 2.1495799891349686e-05, 'reg_lambda': 1.8020253648528183e-05}. Best is trial 302 with value: 0.24300377426715497.
[I 2024-12-04 16:18:42,110] Trial 352 finished with value: 0.24629914511336984 and parameters: {'n_estimators': 875, 'max_depth': 5, 'learning_rate': 0.08352029121914759, 'subsample': 0.7177719344345759, 'colsample_bytree': 0.5366704368311496, 'min_child_weight': 1, 'gamma': 4.0072161658381646e-05, 'reg_alpha': 9.71539252469441e-05, 'reg_lambda': 0.0002822287388048075}. Best is trial 302 with value: 0.24300377426715497.
[I 2024-12-04 16:18:42,338] Trial 349 finished with value: 0.2593755690570662 and parameters: {'n_estimators': 936, 'max_depth': 4, 'learning_rate': 0.08530318594562251, 'subsample': 0.7580595859359032, 'colsample_bytree': 0.5440153608984812, 'min_child_weight': 1, 'gamma': 0.0008819918703636498, 'reg_alpha': 2.4215128344038415e-05, 'reg_lambda': 6.776809801229658e-05}. Best is trial 302 with value: 0.24300377426715497.
[I 2024-12-04 16:18:43,199] Trial 357 finished with value: 0.34100107298068144 and parameters: {'n_estimators': 736, 'max_depth': 5, 'learning_rate': 0.08612727711568771, 'subsample': 0.7291795073500541, 'colsample_bytree': 0.5952860522478056, 'min_child_weight': 2, 'gamma': 7.447600469743928e-05, 'reg_alpha': 5.328537686514252e-05, 'reg_lambda': 0.00014851945362104947}. Best is trial 302 with value: 0.24300377426715497.
[I 2024-12-04 16:18:43,224] Trial 356 finished with value: 0.34149647699221874 and parameters: {'n_estimators': 805, 'max_depth': 5, 'learning_rate': 0.07793110844074547, 'subsample': 0.7381587083482328, 'colsample_bytree': 0.5329526117003236, 'min_child_weight': 2, 'gamma': 0.00010508481064061532, 'reg_alpha': 1.3548252645861429e-05, 'reg_lambda': 1.0344343902020323e-05}. Best is trial 302 with value: 0.24300377426715497.
[I 2024-12-04 16:18:43,937] Trial 350 finished with value: 0.26048062845549685 and parameters: {'n_estimators': 816, 'max_depth': 7, 'learning_rate': 0.0688344859937676, 'subsample': 0.7164926360249954, 'colsample_bytree': 0.5334010947843888, 'min_child_weight': 1, 'gamma': 3.6187339584183606e-05, 'reg_alpha': 0.0003664333196824953, 'reg_lambda': 6.587475512116488e-05}. Best is trial 302 with value: 0.24300377426715497.
[I 2024-12-04 16:18:44,117] Trial 346 finished with value: 0.2729749218088221 and parameters: {'n_estimators': 914, 'max_depth': 6, 'learning_rate': 0.07320997472272556, 'subsample': 0.7122514690647032, 'colsample_bytree': 0.6463646360285455, 'min_child_weight': 1, 'gamma': 0.00012124776588815055, 'reg_alpha': 3.0408071180864745e-05, 'reg_lambda': 0.010874949939916674}. Best is trial 302 with value: 0.24300377426715497.
[I 2024-12-04 16:18:44,464] Trial 354 finished with value: 0.24360740125575162 and parameters: {'n_estimators': 977, 'max_depth': 5, 'learning_rate': 0.0906893885033145, 'subsample': 0.7279958379492382, 'colsample_bytree': 0.5161928654476124, 'min_child_weight': 1, 'gamma': 0.00015062449724100992, 'reg_alpha': 2.0272803439491398e-05, 'reg_lambda': 0.0003745379266999054}. Best is trial 302 with value: 0.24300377426715497.
[I 2024-12-04 16:18:45,238] Trial 351 finished with value: 0.34329130116107015 and parameters: {'n_estimators': 607, 'max_depth': 5, 'learning_rate': 0.08972625605752983, 'subsample': 0.7041309525240016, 'colsample_bytree': 0.5831082571923495, 'min_child_weight': 2, 'gamma': 0.0001451645178895661, 'reg_alpha': 4.053218456118689e-05, 'reg_lambda': 0.000796875925040301}. Best is trial 302 with value: 0.24300377426715497.
[I 2024-12-04 16:18:45,914] Trial 369 finished with value: 0.254593221662054 and parameters: {'n_estimators': 750, 'max_depth': 5, 'learning_rate': 0.07834377105420867, 'subsample': 0.711267743269201, 'colsample_bytree': 0.5859231925658062, 'min_child_weight': 1, 'gamma': 0.0002016973901224412, 'reg_alpha': 0.00014169025378687667, 'reg_lambda': 1.59113814845682e-05}. Best is trial 302 with value: 0.24300377426715497.
[I 2024-12-04 16:18:46,154] Trial 358 finished with value: 0.33891715022946334 and parameters: {'n_estimators': 939, 'max_depth': 4, 'learning_rate': 0.08896230695107099, 'subsample': 0.7843388823203477, 'colsample_bytree': 0.5507331763598077, 'min_child_weight': 2, 'gamma': 0.00010184284473373528, 'reg_alpha': 5.5078832924033005e-05, 'reg_lambda': 3.6462555999802335e-05}. Best is trial 302 with value: 0.24300377426715497.
[I 2024-12-04 16:18:46,260] Trial 359 finished with value: 0.3451294310693918 and parameters: {'n_estimators': 938, 'max_depth': 6, 'learning_rate': 0.07915559211980634, 'subsample': 0.7236540335035723, 'colsample_bytree': 0.5734425331575468, 'min_child_weight': 2, 'gamma': 2.7946791436551132e-05, 'reg_alpha': 4.27604000360255e-05, 'reg_lambda': 0.0003440904179518301}. Best is trial 302 with value: 0.24300377426715497.
[I 2024-12-04 16:18:47,092] Trial 370 finished with value: 0.2596484799021523 and parameters: {'n_estimators': 827, 'max_depth': 5, 'learning_rate': 0.0811912835944031, 'subsample': 0.7495880294367774, 'colsample_bytree': 0.5431419003324213, 'min_child_weight': 1, 'gamma': 0.0004671788863254027, 'reg_alpha': 1.2739373650425814e-05, 'reg_lambda': 0.0038208551209483843}. Best is trial 302 with value: 0.24300377426715497.
[I 2024-12-04 16:18:47,543] Trial 366 finished with value: 0.26278015299874247 and parameters: {'n_estimators': 818, 'max_depth': 6, 'learning_rate': 0.071124611423247, 'subsample': 0.7148907719892391, 'colsample_bytree': 0.5806469130285306, 'min_child_weight': 1, 'gamma': 0.0003142193408232941, 'reg_alpha': 6.0345417584765715e-05, 'reg_lambda': 0.0002812312158901074}. Best is trial 302 with value: 0.24300377426715497.
[I 2024-12-04 16:18:47,570] Trial 365 finished with value: 0.27861138975356675 and parameters: {'n_estimators': 836, 'max_depth': 5, 'learning_rate': 0.05051987679326543, 'subsample': 0.7174202613099531, 'colsample_bytree': 0.6007420561354962, 'min_child_weight': 1, 'gamma': 0.0011959653394950534, 'reg_alpha': 2.1908852099407927e-05, 'reg_lambda': 0.00010802506305598735}. Best is trial 302 with value: 0.24300377426715497.
[I 2024-12-04 16:18:49,182] Trial 364 finished with value: 0.275763550640272 and parameters: {'n_estimators': 918, 'max_depth': 6, 'learning_rate': 0.06589685550919386, 'subsample': 0.7266969778072971, 'colsample_bytree': 0.5669098726308927, 'min_child_weight': 1, 'gamma': 0.00012672787194586738, 'reg_alpha': 5.7641217702966906e-05, 'reg_lambda': 0.0007669354716178287}. Best is trial 302 with value: 0.24300377426715497.
[I 2024-12-04 16:18:49,832] Trial 360 finished with value: 0.27121501011803756 and parameters: {'n_estimators': 947, 'max_depth': 6, 'learning_rate': 0.050358117784089496, 'subsample': 0.7241405464720951, 'colsample_bytree': 0.5731073959015307, 'min_child_weight': 1, 'gamma': 2.1068744756557927e-05, 'reg_alpha': 0.0001470451357644647, 'reg_lambda': 1.4997138502832418e-05}. Best is trial 302 with value: 0.24300377426715497.
[I 2024-12-04 16:18:50,759] Trial 362 finished with value: 0.2510153882534858 and parameters: {'n_estimators': 817, 'max_depth': 6, 'learning_rate': 0.07768697024585731, 'subsample': 0.7353972175255934, 'colsample_bytree': 0.5061137820963592, 'min_child_weight': 1, 'gamma': 0.0009117028247384003, 'reg_alpha': 8.188066993641641e-05, 'reg_lambda': 3.319153796150515e-05}. Best is trial 302 with value: 0.24300377426715497.
[I 2024-12-04 16:18:50,962] Trial 371 finished with value: 0.2501901017270204 and parameters: {'n_estimators': 860, 'max_depth': 6, 'learning_rate': 0.09119728971071729, 'subsample': 0.7353963077258855, 'colsample_bytree': 0.5670549221660571, 'min_child_weight': 1, 'gamma': 8.858144057968665e-05, 'reg_alpha': 9.616291204420178e-05, 'reg_lambda': 0.0004744701527995492}. Best is trial 302 with value: 0.24300377426715497.
[I 2024-12-04 16:18:51,084] Trial 361 finished with value: 0.2601049499398255 and parameters: {'n_estimators': 609, 'max_depth': 5, 'learning_rate': 0.06910849145705128, 'subsample': 0.7745982447255145, 'colsample_bytree': 0.5206708050710168, 'min_child_weight': 1, 'gamma': 0.0020749610971812016, 'reg_alpha': 0.00020062775226437163, 'reg_lambda': 0.0016129705354399559}. Best is trial 302 with value: 0.24300377426715497.
[I 2024-12-04 16:18:51,393] Trial 363 finished with value: 0.273436660345353 and parameters: {'n_estimators': 1000, 'max_depth': 7, 'learning_rate': 0.09610071705032648, 'subsample': 0.7406603083507146, 'colsample_bytree': 0.5674425225231554, 'min_child_weight': 1, 'gamma': 0.0008747225625411324, 'reg_alpha': 3.875921245949485e-05, 'reg_lambda': 6.431930079282385e-05}. Best is trial 302 with value: 0.24300377426715497.
[I 2024-12-04 16:18:53,074] Trial 372 finished with value: 0.25179137049230366 and parameters: {'n_estimators': 932, 'max_depth': 4, 'learning_rate': 0.08201437686941691, 'subsample': 0.7027320909889377, 'colsample_bytree': 0.5164044985039377, 'min_child_weight': 1, 'gamma': 9.564581708366726e-05, 'reg_alpha': 0.00010046609024448155, 'reg_lambda': 0.00019767145248236203}. Best is trial 302 with value: 0.24300377426715497.
[I 2024-12-04 16:18:53,393] Trial 377 finished with value: 0.2537076930877695 and parameters: {'n_estimators': 727, 'max_depth': 5, 'learning_rate': 0.06513038741280272, 'subsample': 0.7242566522615989, 'colsample_bytree': 0.5170880859348062, 'min_child_weight': 1, 'gamma': 0.00020941554939861673, 'reg_alpha': 5.519506687304709e-05, 'reg_lambda': 0.0001564300802061246}. Best is trial 302 with value: 0.24300377426715497.
[I 2024-12-04 16:18:53,662] Trial 373 finished with value: 0.2505019779835562 and parameters: {'n_estimators': 744, 'max_depth': 5, 'learning_rate': 0.08646104724563708, 'subsample': 0.7311359745508667, 'colsample_bytree': 0.581200506625917, 'min_child_weight': 1, 'gamma': 8.156037086322854e-05, 'reg_alpha': 3.749594745853831e-05, 'reg_lambda': 0.0002962880211666438}. Best is trial 302 with value: 0.24300377426715497.
[I 2024-12-04 16:18:53,831] Trial 367 finished with value: 0.34871967076529076 and parameters: {'n_estimators': 1002, 'max_depth': 5, 'learning_rate': 0.09799145224839129, 'subsample': 0.7474623078472086, 'colsample_bytree': 0.6330573990635664, 'min_child_weight': 2, 'gamma': 0.0005928217569656793, 'reg_alpha': 1.275619244294762e-05, 'reg_lambda': 0.002261122770789675}. Best is trial 302 with value: 0.24300377426715497.
[I 2024-12-04 16:18:53,880] Trial 375 finished with value: 0.24714432931285782 and parameters: {'n_estimators': 722, 'max_depth': 4, 'learning_rate': 0.09864978917691977, 'subsample': 0.7861790670559682, 'colsample_bytree': 0.5133219064196062, 'min_child_weight': 1, 'gamma': 0.0002641987097052002, 'reg_alpha': 2.029982150168457e-05, 'reg_lambda': 6.704628934744227e-05}. Best is trial 302 with value: 0.24300377426715497.
[I 2024-12-04 16:18:53,935] Trial 381 finished with value: 0.24389999957611688 and parameters: {'n_estimators': 910, 'max_depth': 5, 'learning_rate': 0.0804584619756995, 'subsample': 0.7781798887220377, 'colsample_bytree': 0.5026385512416102, 'min_child_weight': 1, 'gamma': 1.693812919889495e-05, 'reg_alpha': 8.864235254785034e-05, 'reg_lambda': 0.00017003115855080493}. Best is trial 302 with value: 0.24300377426715497.
[I 2024-12-04 16:18:54,578] Trial 378 finished with value: 0.2524867334739043 and parameters: {'n_estimators': 791, 'max_depth': 6, 'learning_rate': 0.07768906717340826, 'subsample': 0.7170545879304643, 'colsample_bytree': 0.508093805395615, 'min_child_weight': 1, 'gamma': 0.0001313964874518555, 'reg_alpha': 3.4088521176765966e-05, 'reg_lambda': 7.624359185998849e-05}. Best is trial 302 with value: 0.24300377426715497.
[I 2024-12-04 16:18:54,805] Trial 374 finished with value: 0.24968741718227352 and parameters: {'n_estimators': 911, 'max_depth': 4, 'learning_rate': 0.08033927520894285, 'subsample': 0.7131112527078897, 'colsample_bytree': 0.5337933320626496, 'min_child_weight': 1, 'gamma': 0.00013123945281914967, 'reg_alpha': 0.0003222749897204055, 'reg_lambda': 8.58988817123479e-05}. Best is trial 302 with value: 0.24300377426715497.
[I 2024-12-04 16:18:55,063] Trial 376 finished with value: 0.2703521685116194 and parameters: {'n_estimators': 926, 'max_depth': 6, 'learning_rate': 0.059552998311553716, 'subsample': 0.7377840430874422, 'colsample_bytree': 0.5735570431500606, 'min_child_weight': 1, 'gamma': 0.0012365899502644524, 'reg_alpha': 2.9426964097257027e-05, 'reg_lambda': 2.5677408995779598e-05}. Best is trial 302 with value: 0.24300377426715497.
[I 2024-12-04 16:18:56,210] Trial 382 finished with value: 0.252128037756342 and parameters: {'n_estimators': 1003, 'max_depth': 5, 'learning_rate': 0.09823138398274354, 'subsample': 0.7392794216367569, 'colsample_bytree': 0.58569618551891, 'min_child_weight': 1, 'gamma': 0.0005592470153666824, 'reg_alpha': 2.6265711871147377e-05, 'reg_lambda': 3.49262021452737e-05}. Best is trial 302 with value: 0.24300377426715497.
[I 2024-12-04 16:18:57,127] Trial 385 finished with value: 0.27535367579189235 and parameters: {'n_estimators': 1022, 'max_depth': 6, 'learning_rate': 0.07143637636404329, 'subsample': 0.740564935310027, 'colsample_bytree': 0.6283377732180453, 'min_child_weight': 1, 'gamma': 0.0003598015371976546, 'reg_alpha': 2.668224127169294e-05, 'reg_lambda': 0.00021250557158910148}. Best is trial 302 with value: 0.24300377426715497.
[I 2024-12-04 16:18:57,240] Trial 384 finished with value: 0.2463725980659962 and parameters: {'n_estimators': 677, 'max_depth': 5, 'learning_rate': 0.09687201760118637, 'subsample': 0.73453646012962, 'colsample_bytree': 0.5482246690427581, 'min_child_weight': 1, 'gamma': 3.177940473455165e-05, 'reg_alpha': 3.807079214513757e-05, 'reg_lambda': 0.0002467200742247354}. Best is trial 302 with value: 0.24300377426715497.
[I 2024-12-04 16:18:57,667] Trial 388 finished with value: 0.24746918445854232 and parameters: {'n_estimators': 813, 'max_depth': 5, 'learning_rate': 0.0879474158610676, 'subsample': 0.7547902666859831, 'colsample_bytree': 0.5572390679706136, 'min_child_weight': 1, 'gamma': 1.5786277260565026e-05, 'reg_alpha': 0.00013019850135848136, 'reg_lambda': 2.7687700325772367e-05}. Best is trial 302 with value: 0.24300377426715497.
[I 2024-12-04 16:18:57,716] Trial 391 finished with value: 0.24834892545723053 and parameters: {'n_estimators': 797, 'max_depth': 5, 'learning_rate': 0.08490212803472011, 'subsample': 0.7913086087852427, 'colsample_bytree': 0.5687335016681236, 'min_child_weight': 1, 'gamma': 0.000705727953851324, 'reg_alpha': 2.7107412678878974e-05, 'reg_lambda': 5.200575218283379e-05}. Best is trial 302 with value: 0.24300377426715497.
[I 2024-12-04 16:18:57,826] Trial 389 finished with value: 0.24748293561509244 and parameters: {'n_estimators': 917, 'max_depth': 4, 'learning_rate': 0.09133312957754988, 'subsample': 0.7284778558746137, 'colsample_bytree': 0.53840037607371, 'min_child_weight': 1, 'gamma': 6.335381292597803e-05, 'reg_alpha': 5.2243998520916905e-05, 'reg_lambda': 5.01737544141988e-05}. Best is trial 302 with value: 0.24300377426715497.
[I 2024-12-04 16:18:57,828] Trial 380 finished with value: 0.2549380357643929 and parameters: {'n_estimators': 777, 'max_depth': 5, 'learning_rate': 0.06612353741172355, 'subsample': 0.7164875022222904, 'colsample_bytree': 0.520511678892296, 'min_child_weight': 1, 'gamma': 7.371303590994161e-05, 'reg_alpha': 6.790562861029407e-05, 'reg_lambda': 3.512073122879361e-05}. Best is trial 302 with value: 0.24300377426715497.
[I 2024-12-04 16:18:57,960] Trial 383 finished with value: 0.3542938401769426 and parameters: {'n_estimators': 646, 'max_depth': 5, 'learning_rate': 0.07825492737259462, 'subsample': 0.7041007987150969, 'colsample_bytree': 0.5621014915636049, 'min_child_weight': 2, 'gamma': 0.0002655856460393221, 'reg_alpha': 3.773923462767368e-05, 'reg_lambda': 9.26487284925573e-05}. Best is trial 302 with value: 0.24300377426715497.
[I 2024-12-04 16:18:58,203] Trial 379 finished with value: 0.25856634457122696 and parameters: {'n_estimators': 747, 'max_depth': 5, 'learning_rate': 0.08191063681327967, 'subsample': 0.750110906961734, 'colsample_bytree': 0.5945571028390572, 'min_child_weight': 1, 'gamma': 0.0001327507638569553, 'reg_alpha': 3.621595799662987e-05, 'reg_lambda': 0.0002943986785522556}. Best is trial 302 with value: 0.24300377426715497.
[I 2024-12-04 16:18:58,665] Trial 386 finished with value: 0.2563751358211594 and parameters: {'n_estimators': 849, 'max_depth': 6, 'learning_rate': 0.09039154070022504, 'subsample': 0.7711877819031411, 'colsample_bytree': 0.5530357041482061, 'min_child_weight': 1, 'gamma': 0.00030791487413871265, 'reg_alpha': 4.888984089249037e-05, 'reg_lambda': 0.0003120243744875795}. Best is trial 302 with value: 0.24300377426715497.
[I 2024-12-04 16:18:58,798] Trial 387 finished with value: 0.26841066367479516 and parameters: {'n_estimators': 680, 'max_depth': 6, 'learning_rate': 0.08406531977038396, 'subsample': 0.731101560915767, 'colsample_bytree': 0.5706773283768747, 'min_child_weight': 1, 'gamma': 9.722141177092917e-05, 'reg_alpha': 2.4251852290178135e-05, 'reg_lambda': 6.827129862700336e-05}. Best is trial 302 with value: 0.24300377426715497.
[I 2024-12-04 16:18:58,855] Trial 396 finished with value: 0.2508042140378872 and parameters: {'n_estimators': 672, 'max_depth': 5, 'learning_rate': 0.08102707009810209, 'subsample': 0.7128609493940247, 'colsample_bytree': 0.5334701536561183, 'min_child_weight': 1, 'gamma': 0.0002108840443895318, 'reg_alpha': 0.00010269272683975609, 'reg_lambda': 7.119049572130137e-05}. Best is trial 302 with value: 0.24300377426715497.
[I 2024-12-04 16:18:59,472] Trial 400 finished with value: 0.2547898740704271 and parameters: {'n_estimators': 900, 'max_depth': 6, 'learning_rate': 0.08928835490686134, 'subsample': 0.7967206958406186, 'colsample_bytree': 0.5598718098103309, 'min_child_weight': 1, 'gamma': 5.262307513528847e-05, 'reg_alpha': 4.124754887532299e-05, 'reg_lambda': 0.00022151804638661645}. Best is trial 302 with value: 0.24300377426715497.
[I 2024-12-04 16:18:59,584] Trial 395 finished with value: 0.25451641952701076 and parameters: {'n_estimators': 819, 'max_depth': 4, 'learning_rate': 0.09486055413642724, 'subsample': 0.730470612313093, 'colsample_bytree': 0.5562455835202376, 'min_child_weight': 1, 'gamma': 4.780483586144773e-05, 'reg_alpha': 0.0002545480758024879, 'reg_lambda': 0.0002450216251851065}. Best is trial 302 with value: 0.24300377426715497.
[I 2024-12-04 16:18:59,994] Trial 393 finished with value: 0.26156299840654396 and parameters: {'n_estimators': 788, 'max_depth': 5, 'learning_rate': 0.08131064841367602, 'subsample': 0.7478017223361602, 'colsample_bytree': 0.5510283284925097, 'min_child_weight': 1, 'gamma': 7.49695818990628e-05, 'reg_alpha': 8.271894828605651e-05, 'reg_lambda': 4.368300650369387e-05}. Best is trial 302 with value: 0.24300377426715497.
[I 2024-12-04 16:19:00,098] Trial 390 finished with value: 0.3429820743536608 and parameters: {'n_estimators': 934, 'max_depth': 6, 'learning_rate': 0.08482372204695002, 'subsample': 0.7394186561928853, 'colsample_bytree': 0.5699274202750192, 'min_child_weight': 2, 'gamma': 8.01114180709434e-05, 'reg_alpha': 0.00024360189003824525, 'reg_lambda': 0.00017649444187025587}. Best is trial 302 with value: 0.24300377426715497.
[I 2024-12-04 16:19:00,166] Trial 397 finished with value: 0.35265097865867995 and parameters: {'n_estimators': 836, 'max_depth': 5, 'learning_rate': 0.07531765801081801, 'subsample': 0.71506769781914, 'colsample_bytree': 0.5956373312757788, 'min_child_weight': 2, 'gamma': 0.0003313536517780681, 'reg_alpha': 0.00013577559023341402, 'reg_lambda': 0.0004245582900323618}. Best is trial 302 with value: 0.24300377426715497.
[I 2024-12-04 16:19:00,645] Trial 392 finished with value: 0.24731806804132622 and parameters: {'n_estimators': 896, 'max_depth': 5, 'learning_rate': 0.07729804512353465, 'subsample': 0.7480284395364996, 'colsample_bytree': 0.5186247215108988, 'min_child_weight': 1, 'gamma': 0.0002714361284125022, 'reg_alpha': 0.000229607563806375, 'reg_lambda': 5.662683653602194e-05}. Best is trial 302 with value: 0.24300377426715497.
[I 2024-12-04 16:19:00,743] Trial 399 finished with value: 0.32920200674823585 and parameters: {'n_estimators': 921, 'max_depth': 5, 'learning_rate': 0.07545785427584224, 'subsample': 0.7220088566619322, 'colsample_bytree': 0.5133275812856951, 'min_child_weight': 2, 'gamma': 0.00010012116172295282, 'reg_alpha': 1.636995635520242e-05, 'reg_lambda': 1.745365297559094e-05}. Best is trial 302 with value: 0.24300377426715497.
[I 2024-12-04 16:19:00,791] Trial 398 finished with value: 0.26248585504455724 and parameters: {'n_estimators': 680, 'max_depth': 6, 'learning_rate': 0.08842998435976814, 'subsample': 0.7284573727376309, 'colsample_bytree': 0.6028400251719795, 'min_child_weight': 1, 'gamma': 1.5690861950900948e-05, 'reg_alpha': 0.00021909754744904624, 'reg_lambda': 0.0011700761739488537}. Best is trial 302 with value: 0.24300377426715497.
[I 2024-12-04 16:19:01,409] Trial 401 finished with value: 0.25363593677196017 and parameters: {'n_estimators': 993, 'max_depth': 4, 'learning_rate': 0.06598077778916173, 'subsample': 0.7379151355482341, 'colsample_bytree': 0.5258889956496121, 'min_child_weight': 1, 'gamma': 4.894593795258728e-05, 'reg_alpha': 0.000704071814759042, 'reg_lambda': 2.9079199009024006e-05}. Best is trial 302 with value: 0.24300377426715497.
[I 2024-12-04 16:19:01,423] Trial 394 finished with value: 0.28278296251688056 and parameters: {'n_estimators': 807, 'max_depth': 6, 'learning_rate': 0.09535705236614544, 'subsample': 0.7735039813446669, 'colsample_bytree': 0.6122561143039602, 'min_child_weight': 1, 'gamma': 0.0006827266493715066, 'reg_alpha': 2.088568113307581e-05, 'reg_lambda': 1.7197178717541158e-05}. Best is trial 302 with value: 0.24300377426715497.
[I 2024-12-04 16:19:01,667] Trial 403 finished with value: 0.2633581072194299 and parameters: {'n_estimators': 932, 'max_depth': 5, 'learning_rate': 0.06975821199216263, 'subsample': 0.7034705163885722, 'colsample_bytree': 0.5518983004053031, 'min_child_weight': 1, 'gamma': 0.0007615296542566187, 'reg_alpha': 8.752830848236057e-05, 'reg_lambda': 1.6295799232962007e-05}. Best is trial 302 with value: 0.24300377426715497.
[I 2024-12-04 16:19:01,765] Trial 402 finished with value: 0.2511638208642862 and parameters: {'n_estimators': 818, 'max_depth': 6, 'learning_rate': 0.09058506483389626, 'subsample': 0.7708502687352213, 'colsample_bytree': 0.5692052149691347, 'min_child_weight': 1, 'gamma': 1.845258792793822e-05, 'reg_alpha': 5.133210983982688e-05, 'reg_lambda': 1.7297687389636362e-05}. Best is trial 302 with value: 0.24300377426715497.
Traceback (most recent call last):
  File "/zhome/b1/0/88900/miniconda3/envs/critprops/lib/python3.9/site-packages/sqlalchemy/engine/base.py", line 1967, in _exec_single_context
    self.dialect.do_execute(
  File "/zhome/b1/0/88900/miniconda3/envs/critprops/lib/python3.9/site-packages/sqlalchemy/engine/default.py", line 941, in do_execute
    cursor.execute(statement, parameters)
sqlite3.OperationalError: database is locked

The above exception was the direct cause of the following exception:

Traceback (most recent call last):
  File "/zhome/b1/0/88900/miniconda3/envs/critprops/lib/python3.9/site-packages/optuna/storages/_rdb/storage.py", line 81, in _create_scoped_session
    session.commit()
  File "/zhome/b1/0/88900/miniconda3/envs/critprops/lib/python3.9/site-packages/sqlalchemy/orm/session.py", line 2028, in commit
    trans.commit(_to_root=True)
  File "<string>", line 2, in commit
  File "/zhome/b1/0/88900/miniconda3/envs/critprops/lib/python3.9/site-packages/sqlalchemy/orm/state_changes.py", line 139, in _go
    ret_value = fn(self, *arg, **kw)
  File "/zhome/b1/0/88900/miniconda3/envs/critprops/lib/python3.9/site-packages/sqlalchemy/orm/session.py", line 1313, in commit
    self._prepare_impl()
  File "<string>", line 2, in _prepare_impl
  File "/zhome/b1/0/88900/miniconda3/envs/critprops/lib/python3.9/site-packages/sqlalchemy/orm/state_changes.py", line 139, in _go
    ret_value = fn(self, *arg, **kw)
  File "/zhome/b1/0/88900/miniconda3/envs/critprops/lib/python3.9/site-packages/sqlalchemy/orm/session.py", line 1288, in _prepare_impl
    self.session.flush()
  File "/zhome/b1/0/88900/miniconda3/envs/critprops/lib/python3.9/site-packages/sqlalchemy/orm/session.py", line 4352, in flush
    self._flush(objects)
  File "/zhome/b1/0/88900/miniconda3/envs/critprops/lib/python3.9/site-packages/sqlalchemy/orm/session.py", line 4488, in _flush
    transaction.rollback(_capture_exception=True)
  File "/zhome/b1/0/88900/miniconda3/envs/critprops/lib/python3.9/site-packages/sqlalchemy/util/langhelpers.py", line 146, in __exit__
    raise exc_value.with_traceback(exc_tb)
  File "/zhome/b1/0/88900/miniconda3/envs/critprops/lib/python3.9/site-packages/sqlalchemy/orm/session.py", line 4448, in _flush
    flush_context.execute()
  File "/zhome/b1/0/88900/miniconda3/envs/critprops/lib/python3.9/site-packages/sqlalchemy/orm/unitofwork.py", line 466, in execute
    rec.execute(self)
  File "/zhome/b1/0/88900/miniconda3/envs/critprops/lib/python3.9/site-packages/sqlalchemy/orm/unitofwork.py", line 642, in execute
    util.preloaded.orm_persistence.save_obj(
  File "/zhome/b1/0/88900/miniconda3/envs/critprops/lib/python3.9/site-packages/sqlalchemy/orm/persistence.py", line 85, in save_obj
    _emit_update_statements(
  File "/zhome/b1/0/88900/miniconda3/envs/critprops/lib/python3.9/site-packages/sqlalchemy/orm/persistence.py", line 912, in _emit_update_statements
    c = connection.execute(
  File "/zhome/b1/0/88900/miniconda3/envs/critprops/lib/python3.9/site-packages/sqlalchemy/engine/base.py", line 1418, in execute
    return meth(
  File "/zhome/b1/0/88900/miniconda3/envs/critprops/lib/python3.9/site-packages/sqlalchemy/sql/elements.py", line 515, in _execute_on_connection
    return connection._execute_clauseelement(
  File "/zhome/b1/0/88900/miniconda3/envs/critprops/lib/python3.9/site-packages/sqlalchemy/engine/base.py", line 1640, in _execute_clauseelement
    ret = self._execute_context(
  File "/zhome/b1/0/88900/miniconda3/envs/critprops/lib/python3.9/site-packages/sqlalchemy/engine/base.py", line 1846, in _execute_context
    return self._exec_single_context(
  File "/zhome/b1/0/88900/miniconda3/envs/critprops/lib/python3.9/site-packages/sqlalchemy/engine/base.py", line 1986, in _exec_single_context
    self._handle_dbapi_exception(
  File "/zhome/b1/0/88900/miniconda3/envs/critprops/lib/python3.9/site-packages/sqlalchemy/engine/base.py", line 2355, in _handle_dbapi_exception
    raise sqlalchemy_exception.with_traceback(exc_info[2]) from e
  File "/zhome/b1/0/88900/miniconda3/envs/critprops/lib/python3.9/site-packages/sqlalchemy/engine/base.py", line 1967, in _exec_single_context
    self.dialect.do_execute(
  File "/zhome/b1/0/88900/miniconda3/envs/critprops/lib/python3.9/site-packages/sqlalchemy/engine/default.py", line 941, in do_execute
    cursor.execute(statement, parameters)
sqlalchemy.exc.OperationalError: (sqlite3.OperationalError) database is locked
[SQL: UPDATE trials SET state=?, datetime_complete=? WHERE trials.trial_id = ?]
[parameters: ('COMPLETE', '2024-12-04 16:18:47.987970', 369)]
(Background on this error at: https://sqlalche.me/e/20/e3q8)

The above exception was the direct cause of the following exception:

Traceback (most recent call last):
  File "/zhome/b1/0/88900/miniconda3/envs/critprops/lib/python3.9/site-packages/optuna/study/_optimize.py", line 209, in _run_trial
    frozen_trial = _tell_with_warning(
  File "/zhome/b1/0/88900/miniconda3/envs/critprops/lib/python3.9/site-packages/optuna/study/_tell.py", line 183, in _tell_with_warning
    study._storage.set_trial_state_values(frozen_trial._trial_id, state, values)
  File "/zhome/b1/0/88900/miniconda3/envs/critprops/lib/python3.9/site-packages/optuna/storages/_cached_storage.py", line 187, in set_trial_state_values
    return self._backend.set_trial_state_values(trial_id, state=state, values=values)
  File "/zhome/b1/0/88900/miniconda3/envs/critprops/lib/python3.9/site-packages/optuna/storages/_rdb/storage.py", line 661, in set_trial_state_values
    trial.datetime_complete = datetime.now()
  File "/zhome/b1/0/88900/miniconda3/envs/critprops/lib/python3.9/contextlib.py", line 126, in __exit__
    next(self.gen)
  File "/zhome/b1/0/88900/miniconda3/envs/critprops/lib/python3.9/site-packages/optuna/storages/_rdb/storage.py", line 98, in _create_scoped_session
    raise optuna.exceptions.StorageInternalError(message) from e
optuna.exceptions.StorageInternalError: An exception is raised during the commit. This typically happens due to invalid data in the commit, e.g. exceeding max length. 

During handling of the above exception, another exception occurred:

Traceback (most recent call last):
  File "/zhome/b1/0/88900/Documents/fair_gc/gc_ml.py", line 79, in <module>
    study, best_model = create_hyperparameter_optimizer(
  File "/zhome/b1/0/88900/Documents/fair_gc/src/optims.py", line 275, in create_hyperparameter_optimizer
    study.optimize(objective, n_trials=n_trials, n_jobs=n_jobs)
  File "/zhome/b1/0/88900/miniconda3/envs/critprops/lib/python3.9/site-packages/optuna/study/study.py", line 475, in optimize
    _optimize(
  File "/zhome/b1/0/88900/miniconda3/envs/critprops/lib/python3.9/site-packages/optuna/study/_optimize.py", line 100, in _optimize
    f.result()
  File "/zhome/b1/0/88900/miniconda3/envs/critprops/lib/python3.9/concurrent/futures/_base.py", line 439, in result
    return self.__get_result()
  File "/zhome/b1/0/88900/miniconda3/envs/critprops/lib/python3.9/concurrent/futures/_base.py", line 391, in __get_result
    raise self._exception
  File "/zhome/b1/0/88900/miniconda3/envs/critprops/lib/python3.9/concurrent/futures/thread.py", line 58, in run
    result = self.fn(*self.args, **self.kwargs)
  File "/zhome/b1/0/88900/miniconda3/envs/critprops/lib/python3.9/site-packages/optuna/study/_optimize.py", line 160, in _optimize_sequential
    frozen_trial = _run_trial(study, func, catch)
  File "/zhome/b1/0/88900/miniconda3/envs/critprops/lib/python3.9/site-packages/optuna/study/_optimize.py", line 241, in _run_trial
    assert False, "Should not reach."
AssertionError: Should not reach.
